[ 2016-06-13T14:28:16+08:00 ] 10.1.32.54 /todolist/index.php/Home/User/SignUp
INFO: [ app_init ] --START--
INFO: Run Behavior\BuildLiteBehavior [ RunTime:0.000014s ]
INFO: [ app_init ] --END-- [ RunTime:0.000540s ]
INFO: [ app_begin ] --START--
INFO: Run Behavior\ReadHtmlCacheBehavior [ RunTime:0.002391s ]
INFO: [ app_begin ] --END-- [ RunTime:0.002444s ]
SQL: SHOW COLUMNS FROM `userinfo` [ RunTime:0.0047s ]
SQL: SELECT * FROM `userinfo` WHERE `phonenumber` = '13672006807' LIMIT 1   [ RunTime:0.0008s ]
NOTIC: [8192] mysql_connect(): The mysql extension is deprecated and will be removed in the future: use mysqli or PDO instead D:\xampp\htdocs\todolist\Application\Home\Controller\UserController.class.php 第 106 行.
SQL: INSERT INTO `userinfo` (`uid`,`phonenumber`,`password`,`nickname`) VALUES ('a47a0b4f28722048efa9a7d87bde379a','13672006807','96e79218965eb72c92a549dd5a330112','Ssssss') [ RunTime:0.0021s ]
INFO: [ app_end ] --START--
INFO: Run Behavior\ShowPageTraceBehavior [ RunTime:0.001756s ]
INFO: [ app_end ] --END-- [ RunTime:0.001821s ]

[ 2016-06-13T14:28:40+08:00 ] 10.1.32.54 /todolist/index.php/Home/User/Login
INFO: [ app_init ] --START--
INFO: Run Behavior\BuildLiteBehavior [ RunTime:0.000012s ]
INFO: [ app_init ] --END-- [ RunTime:0.000705s ]
INFO: [ app_begin ] --START--
INFO: Run Behavior\ReadHtmlCacheBehavior [ RunTime:0.001959s ]
INFO: [ app_begin ] --END-- [ RunTime:0.002008s ]
SQL: SHOW COLUMNS FROM `userinfo` [ RunTime:0.0052s ]
SQL: SELECT * FROM `userinfo` WHERE `phonenumber` = '13672006807' AND `password` = '96e79218965eb72c92a549dd5a330112' LIMIT 1   [ RunTime:0.0010s ]
INFO: [ app_end ] --START--
INFO: Run Behavior\ShowPageTraceBehavior [ RunTime:0.001983s ]
INFO: [ app_end ] --END-- [ RunTime:0.002056s ]

[ 2016-06-13T14:29:41+08:00 ] 10.1.32.54 /todolist/index.php/Home/User/SignUp
INFO: [ app_init ] --START--
INFO: Run Behavior\BuildLiteBehavior [ RunTime:0.000018s ]
INFO: [ app_init ] --END-- [ RunTime:0.000622s ]
INFO: [ app_begin ] --START--
INFO: Run Behavior\ReadHtmlCacheBehavior [ RunTime:0.002304s ]
INFO: [ app_begin ] --END-- [ RunTime:0.002380s ]
SQL: SHOW COLUMNS FROM `userinfo` [ RunTime:0.0062s ]
SQL: SELECT * FROM `userinfo` WHERE `phonenumber` = '13821216831' LIMIT 1   [ RunTime:0.0007s ]
INFO: [ app_end ] --START--
INFO: Run Behavior\ShowPageTraceBehavior [ RunTime:0.002211s ]
INFO: [ app_end ] --END-- [ RunTime:0.002284s ]

[ 2016-06-13T14:29:54+08:00 ] 10.1.32.54 /todolist/index.php/Home/User/Login
INFO: [ app_init ] --START--
INFO: Run Behavior\BuildLiteBehavior [ RunTime:0.000011s ]
INFO: [ app_init ] --END-- [ RunTime:0.000538s ]
INFO: [ app_begin ] --START--
INFO: Run Behavior\ReadHtmlCacheBehavior [ RunTime:0.003610s ]
INFO: [ app_begin ] --END-- [ RunTime:0.003696s ]
SQL: SHOW COLUMNS FROM `userinfo` [ RunTime:0.0062s ]
SQL: SELECT * FROM `userinfo` WHERE `phonenumber` = '13821216831' AND `password` = '96e79218965eb72c92a549dd5a330112' LIMIT 1   [ RunTime:0.0014s ]
INFO: [ app_end ] --START--
INFO: Run Behavior\ShowPageTraceBehavior [ RunTime:0.001659s ]
INFO: [ app_end ] --END-- [ RunTime:0.001709s ]

[ 2016-06-13T14:33:20+08:00 ] 10.1.32.54 /todolist/index.php/Home/User/Login
INFO: [ app_init ] --START--
INFO: Run Behavior\BuildLiteBehavior [ RunTime:0.000016s ]
INFO: [ app_init ] --END-- [ RunTime:0.000562s ]
INFO: [ app_begin ] --START--
INFO: Run Behavior\ReadHtmlCacheBehavior [ RunTime:0.001369s ]
INFO: [ app_begin ] --END-- [ RunTime:0.001444s ]
SQL: SHOW COLUMNS FROM `userinfo` [ RunTime:0.0062s ]
SQL: SELECT * FROM `userinfo` WHERE `phonenumber` = '13672006807' AND `password` = '96e79218965eb72c92a549dd5a330112' LIMIT 1   [ RunTime:0.0014s ]
INFO: [ app_end ] --START--
INFO: Run Behavior\ShowPageTraceBehavior [ RunTime:0.001478s ]
INFO: [ app_end ] --END-- [ RunTime:0.001537s ]

