[ 2016-06-15T08:39:27+08:00 ] 10.1.34.224 /todolist/index.php/Home/User/Login
INFO: [ app_init ] --START--
INFO: Run Behavior\BuildLiteBehavior [ RunTime:0.000014s ]
INFO: [ app_init ] --END-- [ RunTime:0.001375s ]
INFO: [ app_begin ] --START--
INFO: Run Behavior\ReadHtmlCacheBehavior [ RunTime:0.000852s ]
INFO: [ app_begin ] --END-- [ RunTime:0.000904s ]
SQL: SHOW COLUMNS FROM `userinfo` [ RunTime:0.0056s ]
SQL: SELECT * FROM `userinfo` WHERE `phonenumber` = '1' AND `password` = 'c81e728d9d4c2f636f067f89cc14862c' LIMIT 1   [ RunTime:0.0013s ]
INFO: [ app_end ] --START--
INFO: Run Behavior\ShowPageTraceBehavior [ RunTime:0.001145s ]
INFO: [ app_end ] --END-- [ RunTime:0.001198s ]

[ 2016-06-15T08:40:40+08:00 ] 10.1.34.224 /todolist/index.php/Home/User/SignUp
INFO: [ app_init ] --START--
INFO: Run Behavior\BuildLiteBehavior [ RunTime:0.000012s ]
INFO: [ app_init ] --END-- [ RunTime:0.000347s ]
INFO: [ app_begin ] --START--
INFO: Run Behavior\ReadHtmlCacheBehavior [ RunTime:0.000413s ]
INFO: [ app_begin ] --END-- [ RunTime:0.000454s ]
SQL: SHOW COLUMNS FROM `userinfo` [ RunTime:0.0052s ]
SQL: SELECT * FROM `userinfo` WHERE `phonenumber` = '13672006807' LIMIT 1   [ RunTime:0.0008s ]
NOTIC: [8192] mysql_connect(): The mysql extension is deprecated and will be removed in the future: use mysqli or PDO instead D:\xampp\htdocs\todolist\Application\Home\Controller\UserController.class.php 第 106 行.
SQL: INSERT INTO `userinfo` (`uid`,`phonenumber`,`password`,`nickname`) VALUES ('aed711445a0cb87bade14ac7ceaef2d9','13672006807','e10adc3949ba59abbe56e057f20f883e','Hehe') [ RunTime:0.0021s ]
INFO: [ app_end ] --START--
INFO: Run Behavior\ShowPageTraceBehavior [ RunTime:0.000581s ]
INFO: [ app_end ] --END-- [ RunTime:0.000632s ]

[ 2016-06-15T08:40:58+08:00 ] 10.1.34.224 /todolist/index.php/Home/User/Login
INFO: [ app_init ] --START--
INFO: Run Behavior\BuildLiteBehavior [ RunTime:0.000012s ]
INFO: [ app_init ] --END-- [ RunTime:0.000340s ]
INFO: [ app_begin ] --START--
INFO: Run Behavior\ReadHtmlCacheBehavior [ RunTime:0.000376s ]
INFO: [ app_begin ] --END-- [ RunTime:0.000417s ]
SQL: SHOW COLUMNS FROM `userinfo` [ RunTime:0.0045s ]
SQL: SELECT * FROM `userinfo` WHERE `phonenumber` = '13672006807' AND `password` = 'e10adc3949ba59abbe56e057f20f883e' LIMIT 1   [ RunTime:0.0006s ]
INFO: [ app_end ] --START--
INFO: Run Behavior\ShowPageTraceBehavior [ RunTime:0.000616s ]
INFO: [ app_end ] --END-- [ RunTime:0.000659s ]

[ 2016-06-15T08:40:58+08:00 ] 10.1.34.224 /todolist/index.php/Home/Task/SynchronizeTask
INFO: [ app_init ] --START--
INFO: Run Behavior\BuildLiteBehavior [ RunTime:0.000012s ]
INFO: [ app_init ] --END-- [ RunTime:0.000347s ]
INFO: [ app_begin ] --START--
INFO: Run Behavior\ReadHtmlCacheBehavior [ RunTime:0.000380s ]
INFO: [ app_begin ] --END-- [ RunTime:0.000421s ]
SQL: SHOW COLUMNS FROM `userinfo` [ RunTime:0.0039s ]
NOTIC: [8] Undefined variable: UID D:\xampp\htdocs\todolist\Application\Home\Controller\TaskController.class.php 第 112 行.
SQL: SELECT * FROM `userinfo` WHERE `uid` = null LIMIT 1   [ RunTime:0.0011s ]
SQL: SELECT * FROM `userinfo` WHERE ( uid="aed711445a0cb87bade14ac7ceaef2d9" ) LIMIT 1   [ RunTime:0.0009s ]
SQL: SHOW COLUMNS FROM `taskinfoaed711445a0cb87bade14ac7ceaef2d9` [ RunTime:0.0041s ]
SQL: SELECT * FROM `taskinfoaed711445a0cb87bade14ac7ceaef2d9` WHERE ( state = 0 or state = 2 )  [ RunTime:0.0010s ]
NOTIC: [8] Undefined variable: taskModelArrInDatabase D:\xampp\htdocs\todolist\Application\Home\Controller\TaskController.class.php 第 132 行.
NOTIC: [2] array_keys() expects parameter 1 to be array, null given D:\xampp\htdocs\todolist\Application\Home\Controller\TaskController.class.php 第 132 行.
NOTIC: [8] Undefined variable: taskModelArrInDatabase D:\xampp\htdocs\todolist\Application\Home\Controller\TaskController.class.php 第 141 行.
NOTIC: [2] array_key_exists() expects parameter 2 to be array, null given D:\xampp\htdocs\todolist\Application\Home\Controller\TaskController.class.php 第 141 行.
SQL: SELECT * FROM `taskinfoaed711445a0cb87bade14ac7ceaef2d9` WHERE ( createtime="2016-05-27 12:01:00" ) LIMIT 1   [ RunTime:0.0006s ]
NOTIC: [8] Undefined index: timestamp D:\xampp\htdocs\todolist\Application\Home\Controller\TaskController.class.php 第 184 行.
ERR: 1048:Column 'timestamp' cannot be null
 [ SQL语句 ] : INSERT INTO `taskinfoaed711445a0cb87bade14ac7ceaef2d9` (`title`,`content`,`createtime`,`lastedittime`,`alerttime`,`timestamp`,`level`,`state`) VALUES ('task1','no content1','2016-05-27 12:01:00','2016-05-27 12:01:00','2017-05-27 12:01:00',NULL,'1','4')
ERR: 1048:Column 'timestamp' cannot be null
 [ SQL语句 ] : INSERT INTO `taskinfoaed711445a0cb87bade14ac7ceaef2d9` (`title`,`content`,`createtime`,`lastedittime`,`alerttime`,`timestamp`,`level`,`state`) VALUES ('task1','no content1','2016-05-27 12:01:00','2016-05-27 12:01:00','2017-05-27 12:01:00',NULL,'1','4')

[ 2016-06-15T08:41:01+08:00 ] 10.1.34.224 /todolist/index.php/Home/User/Login
INFO: [ app_init ] --START--
INFO: Run Behavior\BuildLiteBehavior [ RunTime:0.000011s ]
INFO: [ app_init ] --END-- [ RunTime:0.000310s ]
INFO: [ app_begin ] --START--
INFO: Run Behavior\ReadHtmlCacheBehavior [ RunTime:0.000401s ]
INFO: [ app_begin ] --END-- [ RunTime:0.000443s ]
SQL: SHOW COLUMNS FROM `userinfo` [ RunTime:0.0047s ]
SQL: SELECT * FROM `userinfo` WHERE `phonenumber` = '13672006807' AND `password` = 'e10adc3949ba59abbe56e057f20f883e' LIMIT 1   [ RunTime:0.0004s ]
INFO: [ app_end ] --START--
INFO: Run Behavior\ShowPageTraceBehavior [ RunTime:0.000630s ]
INFO: [ app_end ] --END-- [ RunTime:0.000673s ]

[ 2016-06-15T08:41:01+08:00 ] 10.1.34.224 /todolist/index.php/Home/Task/SynchronizeTask
INFO: [ app_init ] --START--
INFO: Run Behavior\BuildLiteBehavior [ RunTime:0.000016s ]
INFO: [ app_init ] --END-- [ RunTime:0.000350s ]
INFO: [ app_begin ] --START--
INFO: Run Behavior\ReadHtmlCacheBehavior [ RunTime:0.000425s ]
INFO: [ app_begin ] --END-- [ RunTime:0.000467s ]
SQL: SHOW COLUMNS FROM `userinfo` [ RunTime:0.0034s ]
NOTIC: [8] Undefined variable: UID D:\xampp\htdocs\todolist\Application\Home\Controller\TaskController.class.php 第 112 行.
SQL: SELECT * FROM `userinfo` WHERE `uid` = null LIMIT 1   [ RunTime:0.0004s ]
SQL: SELECT * FROM `userinfo` WHERE ( uid="aed711445a0cb87bade14ac7ceaef2d9" ) LIMIT 1   [ RunTime:0.0003s ]
SQL: SHOW COLUMNS FROM `taskinfoaed711445a0cb87bade14ac7ceaef2d9` [ RunTime:0.0032s ]
SQL: SELECT * FROM `taskinfoaed711445a0cb87bade14ac7ceaef2d9` WHERE ( state = 0 or state = 2 )  [ RunTime:0.0004s ]
NOTIC: [8] Undefined variable: taskModelArrInDatabase D:\xampp\htdocs\todolist\Application\Home\Controller\TaskController.class.php 第 132 行.
NOTIC: [2] array_keys() expects parameter 1 to be array, null given D:\xampp\htdocs\todolist\Application\Home\Controller\TaskController.class.php 第 132 行.
NOTIC: [8] Undefined variable: taskModelArrInDatabase D:\xampp\htdocs\todolist\Application\Home\Controller\TaskController.class.php 第 141 行.
NOTIC: [2] array_key_exists() expects parameter 2 to be array, null given D:\xampp\htdocs\todolist\Application\Home\Controller\TaskController.class.php 第 141 行.
SQL: SELECT * FROM `taskinfoaed711445a0cb87bade14ac7ceaef2d9` WHERE ( createtime="2016-05-27 12:01:00" ) LIMIT 1   [ RunTime:0.0002s ]
NOTIC: [8] Undefined index: timestamp D:\xampp\htdocs\todolist\Application\Home\Controller\TaskController.class.php 第 184 行.
ERR: 1048:Column 'timestamp' cannot be null
 [ SQL语句 ] : INSERT INTO `taskinfoaed711445a0cb87bade14ac7ceaef2d9` (`title`,`content`,`createtime`,`lastedittime`,`alerttime`,`timestamp`,`level`,`state`) VALUES ('task1','no content1','2016-05-27 12:01:00','2016-05-27 12:01:00','2017-05-27 12:01:00',NULL,'1','4')
ERR: 1048:Column 'timestamp' cannot be null
 [ SQL语句 ] : INSERT INTO `taskinfoaed711445a0cb87bade14ac7ceaef2d9` (`title`,`content`,`createtime`,`lastedittime`,`alerttime`,`timestamp`,`level`,`state`) VALUES ('task1','no content1','2016-05-27 12:01:00','2016-05-27 12:01:00','2017-05-27 12:01:00',NULL,'1','4')

[ 2016-06-15T08:41:28+08:00 ] 10.1.34.224 /todolist/index.php/Home/User/Login
INFO: [ app_init ] --START--
INFO: Run Behavior\BuildLiteBehavior [ RunTime:0.000012s ]
INFO: [ app_init ] --END-- [ RunTime:0.000390s ]
INFO: [ app_begin ] --START--
INFO: Run Behavior\ReadHtmlCacheBehavior [ RunTime:0.000602s ]
INFO: [ app_begin ] --END-- [ RunTime:0.000646s ]
SQL: SHOW COLUMNS FROM `userinfo` [ RunTime:0.0044s ]
SQL: SELECT * FROM `userinfo` WHERE `phonenumber` = '13672006807' AND `password` = 'e10adc3949ba59abbe56e057f20f883e' LIMIT 1   [ RunTime:0.0009s ]
INFO: [ app_end ] --START--
INFO: Run Behavior\ShowPageTraceBehavior [ RunTime:0.001000s ]
INFO: [ app_end ] --END-- [ RunTime:0.001077s ]

[ 2016-06-15T08:41:28+08:00 ] 10.1.34.224 /todolist/index.php/Home/Task/SynchronizeTask
INFO: [ app_init ] --START--
INFO: Run Behavior\BuildLiteBehavior [ RunTime:0.000012s ]
INFO: [ app_init ] --END-- [ RunTime:0.000341s ]
INFO: [ app_begin ] --START--
INFO: Run Behavior\ReadHtmlCacheBehavior [ RunTime:0.000392s ]
INFO: [ app_begin ] --END-- [ RunTime:0.000435s ]
SQL: SHOW COLUMNS FROM `userinfo` [ RunTime:0.0032s ]
NOTIC: [8] Undefined variable: UID D:\xampp\htdocs\todolist\Application\Home\Controller\TaskController.class.php 第 112 行.
SQL: SELECT * FROM `userinfo` WHERE `uid` = null LIMIT 1   [ RunTime:0.0007s ]
SQL: SELECT * FROM `userinfo` WHERE ( uid="aed711445a0cb87bade14ac7ceaef2d9" ) LIMIT 1   [ RunTime:0.0004s ]
SQL: SHOW COLUMNS FROM `taskinfoaed711445a0cb87bade14ac7ceaef2d9` [ RunTime:0.0034s ]
SQL: SELECT * FROM `taskinfoaed711445a0cb87bade14ac7ceaef2d9` WHERE ( state = 0 or state = 2 )  [ RunTime:0.0007s ]
NOTIC: [8] Undefined variable: taskModelArrInDatabase D:\xampp\htdocs\todolist\Application\Home\Controller\TaskController.class.php 第 132 行.
NOTIC: [2] array_keys() expects parameter 1 to be array, null given D:\xampp\htdocs\todolist\Application\Home\Controller\TaskController.class.php 第 132 行.
NOTIC: [8] Undefined variable: taskModelArrInDatabase D:\xampp\htdocs\todolist\Application\Home\Controller\TaskController.class.php 第 141 行.
NOTIC: [2] array_key_exists() expects parameter 2 to be array, null given D:\xampp\htdocs\todolist\Application\Home\Controller\TaskController.class.php 第 141 行.
SQL: SELECT * FROM `taskinfoaed711445a0cb87bade14ac7ceaef2d9` WHERE ( createtime="2016-05-27 12:01:00" ) LIMIT 1   [ RunTime:0.0005s ]
NOTIC: [8] Undefined index: timestamp D:\xampp\htdocs\todolist\Application\Home\Controller\TaskController.class.php 第 184 行.
ERR: 1048:Column 'timestamp' cannot be null
 [ SQL语句 ] : INSERT INTO `taskinfoaed711445a0cb87bade14ac7ceaef2d9` (`title`,`content`,`createtime`,`lastedittime`,`alerttime`,`timestamp`,`level`,`state`) VALUES ('task1','no content1','2016-05-27 12:01:00','2016-05-27 12:01:00','2017-05-27 12:01:00',NULL,'1','4')
ERR: 1048:Column 'timestamp' cannot be null
 [ SQL语句 ] : INSERT INTO `taskinfoaed711445a0cb87bade14ac7ceaef2d9` (`title`,`content`,`createtime`,`lastedittime`,`alerttime`,`timestamp`,`level`,`state`) VALUES ('task1','no content1','2016-05-27 12:01:00','2016-05-27 12:01:00','2017-05-27 12:01:00',NULL,'1','4')

[ 2016-06-15T08:41:31+08:00 ] 10.1.34.224 /todolist/index.php/Home/User/Login
INFO: [ app_init ] --START--
INFO: Run Behavior\BuildLiteBehavior [ RunTime:0.000013s ]
INFO: [ app_init ] --END-- [ RunTime:0.000335s ]
INFO: [ app_begin ] --START--
INFO: Run Behavior\ReadHtmlCacheBehavior [ RunTime:0.000458s ]
INFO: [ app_begin ] --END-- [ RunTime:0.000503s ]
SQL: SHOW COLUMNS FROM `userinfo` [ RunTime:0.0060s ]
SQL: SELECT * FROM `userinfo` WHERE `phonenumber` = '13672006807' AND `password` = 'e10adc3949ba59abbe56e057f20f883e' LIMIT 1   [ RunTime:0.0006s ]
INFO: [ app_end ] --START--
INFO: Run Behavior\ShowPageTraceBehavior [ RunTime:0.000589s ]
INFO: [ app_end ] --END-- [ RunTime:0.000633s ]

[ 2016-06-15T08:41:31+08:00 ] 10.1.34.224 /todolist/index.php/Home/Task/SynchronizeTask
INFO: [ app_init ] --START--
INFO: Run Behavior\BuildLiteBehavior [ RunTime:0.000014s ]
INFO: [ app_init ] --END-- [ RunTime:0.000368s ]
INFO: [ app_begin ] --START--
INFO: Run Behavior\ReadHtmlCacheBehavior [ RunTime:0.000411s ]
INFO: [ app_begin ] --END-- [ RunTime:0.000454s ]
SQL: SHOW COLUMNS FROM `userinfo` [ RunTime:0.0054s ]
NOTIC: [8] Undefined variable: UID D:\xampp\htdocs\todolist\Application\Home\Controller\TaskController.class.php 第 112 行.
SQL: SELECT * FROM `userinfo` WHERE `uid` = null LIMIT 1   [ RunTime:0.0008s ]
SQL: SELECT * FROM `userinfo` WHERE ( uid="aed711445a0cb87bade14ac7ceaef2d9" ) LIMIT 1   [ RunTime:0.0006s ]
SQL: SHOW COLUMNS FROM `taskinfoaed711445a0cb87bade14ac7ceaef2d9` [ RunTime:0.0045s ]
SQL: SELECT * FROM `taskinfoaed711445a0cb87bade14ac7ceaef2d9` WHERE ( state = 0 or state = 2 )  [ RunTime:0.0012s ]
NOTIC: [8] Undefined variable: taskModelArrInDatabase D:\xampp\htdocs\todolist\Application\Home\Controller\TaskController.class.php 第 132 行.
NOTIC: [2] array_keys() expects parameter 1 to be array, null given D:\xampp\htdocs\todolist\Application\Home\Controller\TaskController.class.php 第 132 行.
NOTIC: [8] Undefined variable: taskModelArrInDatabase D:\xampp\htdocs\todolist\Application\Home\Controller\TaskController.class.php 第 141 行.
NOTIC: [2] array_key_exists() expects parameter 2 to be array, null given D:\xampp\htdocs\todolist\Application\Home\Controller\TaskController.class.php 第 141 行.
SQL: SELECT * FROM `taskinfoaed711445a0cb87bade14ac7ceaef2d9` WHERE ( createtime="2016-05-27 12:01:00" ) LIMIT 1   [ RunTime:0.0011s ]
NOTIC: [8] Undefined index: timestamp D:\xampp\htdocs\todolist\Application\Home\Controller\TaskController.class.php 第 184 行.
ERR: 1048:Column 'timestamp' cannot be null
 [ SQL语句 ] : INSERT INTO `taskinfoaed711445a0cb87bade14ac7ceaef2d9` (`title`,`content`,`createtime`,`lastedittime`,`alerttime`,`timestamp`,`level`,`state`) VALUES ('task1','no content1','2016-05-27 12:01:00','2016-05-27 12:01:00','2017-05-27 12:01:00',NULL,'1','4')
ERR: 1048:Column 'timestamp' cannot be null
 [ SQL语句 ] : INSERT INTO `taskinfoaed711445a0cb87bade14ac7ceaef2d9` (`title`,`content`,`createtime`,`lastedittime`,`alerttime`,`timestamp`,`level`,`state`) VALUES ('task1','no content1','2016-05-27 12:01:00','2016-05-27 12:01:00','2017-05-27 12:01:00',NULL,'1','4')

[ 2016-06-15T08:41:53+08:00 ] 10.1.34.224 /todolist/index.php/Home/User/Login
INFO: [ app_init ] --START--
INFO: Run Behavior\BuildLiteBehavior [ RunTime:0.000011s ]
INFO: [ app_init ] --END-- [ RunTime:0.000315s ]
INFO: [ app_begin ] --START--
INFO: Run Behavior\ReadHtmlCacheBehavior [ RunTime:0.000409s ]
INFO: [ app_begin ] --END-- [ RunTime:0.000451s ]
SQL: SHOW COLUMNS FROM `userinfo` [ RunTime:0.0050s ]
SQL: SELECT * FROM `userinfo` WHERE `phonenumber` = '13672006807' AND `password` = 'e10adc3949ba59abbe56e057f20f883e' LIMIT 1   [ RunTime:0.0008s ]
INFO: [ app_end ] --START--
INFO: Run Behavior\ShowPageTraceBehavior [ RunTime:0.000781s ]
INFO: [ app_end ] --END-- [ RunTime:0.000836s ]

[ 2016-06-15T08:41:54+08:00 ] 10.1.34.224 /todolist/index.php/Home/Task/SynchronizeTask
INFO: [ app_init ] --START--
INFO: Run Behavior\BuildLiteBehavior [ RunTime:0.000011s ]
INFO: [ app_init ] --END-- [ RunTime:0.000316s ]
INFO: [ app_begin ] --START--
INFO: Run Behavior\ReadHtmlCacheBehavior [ RunTime:0.000401s ]
INFO: [ app_begin ] --END-- [ RunTime:0.000443s ]
SQL: SHOW COLUMNS FROM `userinfo` [ RunTime:0.0039s ]
NOTIC: [8] Undefined variable: UID D:\xampp\htdocs\todolist\Application\Home\Controller\TaskController.class.php 第 112 行.
SQL: SELECT * FROM `userinfo` WHERE `uid` = null LIMIT 1   [ RunTime:0.0015s ]
SQL: SELECT * FROM `userinfo` WHERE ( uid="aed711445a0cb87bade14ac7ceaef2d9" ) LIMIT 1   [ RunTime:0.0014s ]
SQL: SHOW COLUMNS FROM `taskinfoaed711445a0cb87bade14ac7ceaef2d9` [ RunTime:0.0049s ]
SQL: SELECT * FROM `taskinfoaed711445a0cb87bade14ac7ceaef2d9` WHERE ( state = 0 or state = 2 )  [ RunTime:0.0015s ]
NOTIC: [8] Undefined variable: taskModelArrInDatabase D:\xampp\htdocs\todolist\Application\Home\Controller\TaskController.class.php 第 132 行.
NOTIC: [2] array_keys() expects parameter 1 to be array, null given D:\xampp\htdocs\todolist\Application\Home\Controller\TaskController.class.php 第 132 行.
NOTIC: [8] Undefined variable: taskModelArrInDatabase D:\xampp\htdocs\todolist\Application\Home\Controller\TaskController.class.php 第 141 行.
NOTIC: [2] array_key_exists() expects parameter 2 to be array, null given D:\xampp\htdocs\todolist\Application\Home\Controller\TaskController.class.php 第 141 行.
SQL: SELECT * FROM `taskinfoaed711445a0cb87bade14ac7ceaef2d9` WHERE ( createtime="2016-05-27 12:01:00" ) LIMIT 1   [ RunTime:0.0011s ]
NOTIC: [8] Undefined index: timestamp D:\xampp\htdocs\todolist\Application\Home\Controller\TaskController.class.php 第 184 行.
ERR: 1048:Column 'timestamp' cannot be null
 [ SQL语句 ] : INSERT INTO `taskinfoaed711445a0cb87bade14ac7ceaef2d9` (`title`,`content`,`createtime`,`lastedittime`,`alerttime`,`timestamp`,`level`,`state`) VALUES ('task1','no content1','2016-05-27 12:01:00','2016-05-27 12:01:00','2017-05-27 12:01:00',NULL,'1','4')
ERR: 1048:Column 'timestamp' cannot be null
 [ SQL语句 ] : INSERT INTO `taskinfoaed711445a0cb87bade14ac7ceaef2d9` (`title`,`content`,`createtime`,`lastedittime`,`alerttime`,`timestamp`,`level`,`state`) VALUES ('task1','no content1','2016-05-27 12:01:00','2016-05-27 12:01:00','2017-05-27 12:01:00',NULL,'1','4')

[ 2016-06-15T08:44:29+08:00 ] 10.1.34.224 /todolist/index.php/Home/User/Login
INFO: [ app_init ] --START--
INFO: Run Behavior\BuildLiteBehavior [ RunTime:0.000011s ]
INFO: [ app_init ] --END-- [ RunTime:0.000386s ]
INFO: [ app_begin ] --START--
INFO: Run Behavior\ReadHtmlCacheBehavior [ RunTime:0.000695s ]
INFO: [ app_begin ] --END-- [ RunTime:0.000752s ]
SQL: SHOW COLUMNS FROM `userinfo` [ RunTime:0.0038s ]
SQL: SELECT * FROM `userinfo` WHERE `phonenumber` = '13672006807' AND `password` = 'e10adc3949ba59abbe56e057f20f883e' LIMIT 1   [ RunTime:0.0011s ]
INFO: [ app_end ] --START--
INFO: Run Behavior\ShowPageTraceBehavior [ RunTime:0.001039s ]
INFO: [ app_end ] --END-- [ RunTime:0.001118s ]

[ 2016-06-15T08:44:29+08:00 ] 10.1.34.224 /todolist/index.php/Home/Task/SynchronizeTask
INFO: [ app_init ] --START--
INFO: Run Behavior\BuildLiteBehavior [ RunTime:0.000011s ]
INFO: [ app_init ] --END-- [ RunTime:0.000355s ]
INFO: [ app_begin ] --START--
INFO: Run Behavior\ReadHtmlCacheBehavior [ RunTime:0.000403s ]
INFO: [ app_begin ] --END-- [ RunTime:0.000445s ]
SQL: SHOW COLUMNS FROM `userinfo` [ RunTime:0.0041s ]
NOTIC: [8] Undefined variable: UID D:\xampp\htdocs\todolist\Application\Home\Controller\TaskController.class.php 第 112 行.
SQL: SELECT * FROM `userinfo` WHERE `uid` = null LIMIT 1   [ RunTime:0.0010s ]
SQL: SELECT * FROM `userinfo` WHERE ( uid="aed711445a0cb87bade14ac7ceaef2d9" ) LIMIT 1   [ RunTime:0.0009s ]
SQL: SHOW COLUMNS FROM `taskinfoaed711445a0cb87bade14ac7ceaef2d9` [ RunTime:0.0038s ]
SQL: SELECT * FROM `taskinfoaed711445a0cb87bade14ac7ceaef2d9` WHERE ( state = 0 or state = 2 )  [ RunTime:0.0010s ]
NOTIC: [8] Undefined variable: taskModelArrInDatabase D:\xampp\htdocs\todolist\Application\Home\Controller\TaskController.class.php 第 132 行.
NOTIC: [2] array_keys() expects parameter 1 to be array, null given D:\xampp\htdocs\todolist\Application\Home\Controller\TaskController.class.php 第 132 行.
NOTIC: [8] Undefined variable: taskModelArrInDatabase D:\xampp\htdocs\todolist\Application\Home\Controller\TaskController.class.php 第 141 行.
NOTIC: [2] array_key_exists() expects parameter 2 to be array, null given D:\xampp\htdocs\todolist\Application\Home\Controller\TaskController.class.php 第 141 行.
SQL: SELECT * FROM `taskinfoaed711445a0cb87bade14ac7ceaef2d9` WHERE ( createtime="2016-05-27 12:01:00" ) LIMIT 1   [ RunTime:0.0008s ]
NOTIC: [8] Undefined index: timestamp D:\xampp\htdocs\todolist\Application\Home\Controller\TaskController.class.php 第 184 行.
ERR: 1048:Column 'timestamp' cannot be null
 [ SQL语句 ] : INSERT INTO `taskinfoaed711445a0cb87bade14ac7ceaef2d9` (`title`,`content`,`createtime`,`lastedittime`,`alerttime`,`timestamp`,`level`,`state`) VALUES ('task1','no content1','2016-05-27 12:01:00','2016-05-27 12:01:00','2017-05-27 12:01:00',NULL,'1','4')
ERR: 1048:Column 'timestamp' cannot be null
 [ SQL语句 ] : INSERT INTO `taskinfoaed711445a0cb87bade14ac7ceaef2d9` (`title`,`content`,`createtime`,`lastedittime`,`alerttime`,`timestamp`,`level`,`state`) VALUES ('task1','no content1','2016-05-27 12:01:00','2016-05-27 12:01:00','2017-05-27 12:01:00',NULL,'1','4')

[ 2016-06-15T08:46:40+08:00 ] 10.1.34.224 /todolist/index.php/Home/User/Login
INFO: [ app_init ] --START--
INFO: Run Behavior\BuildLiteBehavior [ RunTime:0.000011s ]
INFO: [ app_init ] --END-- [ RunTime:0.000389s ]
INFO: [ app_begin ] --START--
INFO: Run Behavior\ReadHtmlCacheBehavior [ RunTime:0.000594s ]
INFO: [ app_begin ] --END-- [ RunTime:0.000639s ]
SQL: SHOW COLUMNS FROM `userinfo` [ RunTime:0.0051s ]
SQL: SELECT * FROM `userinfo` WHERE `phonenumber` = '13672006807' AND `password` = 'e10adc3949ba59abbe56e057f20f883e' LIMIT 1   [ RunTime:0.0010s ]
INFO: [ app_end ] --START--
INFO: Run Behavior\ShowPageTraceBehavior [ RunTime:0.000789s ]
INFO: [ app_end ] --END-- [ RunTime:0.000836s ]

[ 2016-06-15T08:46:40+08:00 ] 10.1.34.224 /todolist/index.php/Home/Task/SynchronizeTask
INFO: [ app_init ] --START--
INFO: Run Behavior\BuildLiteBehavior [ RunTime:0.000011s ]
INFO: [ app_init ] --END-- [ RunTime:0.000329s ]
INFO: [ app_begin ] --START--
INFO: Run Behavior\ReadHtmlCacheBehavior [ RunTime:0.000412s ]
INFO: [ app_begin ] --END-- [ RunTime:0.000468s ]
SQL: SHOW COLUMNS FROM `userinfo` [ RunTime:0.0039s ]
NOTIC: [8] Undefined variable: UID D:\xampp\htdocs\todolist\Application\Home\Controller\TaskController.class.php 第 112 行.
SQL: SELECT * FROM `userinfo` WHERE `uid` = null LIMIT 1   [ RunTime:0.0012s ]
SQL: SELECT * FROM `userinfo` WHERE ( uid="aed711445a0cb87bade14ac7ceaef2d9" ) LIMIT 1   [ RunTime:0.0010s ]
SQL: SHOW COLUMNS FROM `taskinfoaed711445a0cb87bade14ac7ceaef2d9` [ RunTime:0.0045s ]
SQL: SELECT * FROM `taskinfoaed711445a0cb87bade14ac7ceaef2d9` WHERE ( state = 0 or state = 2 )  [ RunTime:0.0013s ]
NOTIC: [8] Undefined variable: taskModelArrInDatabase D:\xampp\htdocs\todolist\Application\Home\Controller\TaskController.class.php 第 132 行.
NOTIC: [2] array_keys() expects parameter 1 to be array, null given D:\xampp\htdocs\todolist\Application\Home\Controller\TaskController.class.php 第 132 行.
NOTIC: [8] Undefined variable: taskModelArrInDatabase D:\xampp\htdocs\todolist\Application\Home\Controller\TaskController.class.php 第 141 行.
NOTIC: [2] array_key_exists() expects parameter 2 to be array, null given D:\xampp\htdocs\todolist\Application\Home\Controller\TaskController.class.php 第 141 行.
SQL: SELECT * FROM `taskinfoaed711445a0cb87bade14ac7ceaef2d9` WHERE ( createtime="2016-05-27 12:01:00" ) LIMIT 1   [ RunTime:0.0009s ]
NOTIC: [8] Undefined index: timestamp D:\xampp\htdocs\todolist\Application\Home\Controller\TaskController.class.php 第 184 行.
ERR: 1048:Column 'timestamp' cannot be null
 [ SQL语句 ] : INSERT INTO `taskinfoaed711445a0cb87bade14ac7ceaef2d9` (`title`,`content`,`createtime`,`lastedittime`,`alerttime`,`timestamp`,`level`,`state`) VALUES ('task1','no content1','2016-05-27 12:01:00','2016-05-27 12:01:00','2017-05-27 12:01:00',NULL,'1','4')
ERR: 1048:Column 'timestamp' cannot be null
 [ SQL语句 ] : INSERT INTO `taskinfoaed711445a0cb87bade14ac7ceaef2d9` (`title`,`content`,`createtime`,`lastedittime`,`alerttime`,`timestamp`,`level`,`state`) VALUES ('task1','no content1','2016-05-27 12:01:00','2016-05-27 12:01:00','2017-05-27 12:01:00',NULL,'1','4')

[ 2016-06-15T09:34:48+08:00 ] 10.1.46.167 /todolist/index.php/Home/User/SignUp
INFO: [ app_init ] --START--
INFO: Run Behavior\BuildLiteBehavior [ RunTime:0.000025s ]
INFO: [ app_init ] --END-- [ RunTime:0.001982s ]
INFO: [ app_begin ] --START--
INFO: Run Behavior\ReadHtmlCacheBehavior [ RunTime:0.004034s ]
INFO: [ app_begin ] --END-- [ RunTime:0.004138s ]
SQL: SHOW COLUMNS FROM `userinfo` [ RunTime:0.0065s ]
SQL: SELECT * FROM `userinfo` WHERE `phonenumber` = '13116058852' LIMIT 1   [ RunTime:0.0013s ]
NOTIC: [8192] mysql_connect(): The mysql extension is deprecated and will be removed in the future: use mysqli or PDO instead D:\xampp\htdocs\todolist\Application\Home\Controller\UserController.class.php 第 106 行.
SQL: INSERT INTO `userinfo` (`uid`,`phonenumber`,`password`,`nickname`) VALUES ('aa29d30583e0300fd5fac5351e27a55b','13116058852','e6ad8b28db60e36e00c10c860856a1a7','孙中原') [ RunTime:0.0029s ]
INFO: [ app_end ] --START--
INFO: Run Behavior\ShowPageTraceBehavior [ RunTime:0.003761s ]
INFO: [ app_end ] --END-- [ RunTime:0.003848s ]

[ 2016-06-15T09:35:19+08:00 ] 10.1.46.167 /todolist/index.php/Home/User/Login
INFO: [ app_init ] --START--
INFO: Run Behavior\BuildLiteBehavior [ RunTime:0.000014s ]
INFO: [ app_init ] --END-- [ RunTime:0.000533s ]
INFO: [ app_begin ] --START--
INFO: Run Behavior\ReadHtmlCacheBehavior [ RunTime:0.000786s ]
INFO: [ app_begin ] --END-- [ RunTime:0.000854s ]
SQL: SHOW COLUMNS FROM `userinfo` [ RunTime:0.0062s ]
SQL: SELECT * FROM `userinfo` WHERE `phonenumber` = '13116058852' AND `password` = 'e6ad8b28db60e36e00c10c860856a1a7' LIMIT 1   [ RunTime:0.0014s ]
INFO: [ app_end ] --START--
INFO: Run Behavior\ShowPageTraceBehavior [ RunTime:0.001193s ]
INFO: [ app_end ] --END-- [ RunTime:0.001256s ]

[ 2016-06-15T09:35:19+08:00 ] 10.1.46.167 /todolist/index.php/Home/Task/SynchronizeTask
INFO: [ app_init ] --START--
INFO: Run Behavior\BuildLiteBehavior [ RunTime:0.000011s ]
INFO: [ app_init ] --END-- [ RunTime:0.000354s ]
INFO: [ app_begin ] --START--
INFO: Run Behavior\ReadHtmlCacheBehavior [ RunTime:0.000845s ]
INFO: [ app_begin ] --END-- [ RunTime:0.000908s ]
SQL: SHOW COLUMNS FROM `userinfo` [ RunTime:0.0050s ]
NOTIC: [8] Undefined variable: UID D:\xampp\htdocs\todolist\Application\Home\Controller\TaskController.class.php 第 112 行.
SQL: SELECT * FROM `userinfo` WHERE `uid` = null LIMIT 1   [ RunTime:0.0014s ]
SQL: SELECT * FROM `userinfo` WHERE ( uid="aa29d30583e0300fd5fac5351e27a55b" ) LIMIT 1   [ RunTime:0.0011s ]
SQL: SHOW COLUMNS FROM `taskinfoaa29d30583e0300fd5fac5351e27a55b` [ RunTime:0.0047s ]
SQL: SELECT * FROM `taskinfoaa29d30583e0300fd5fac5351e27a55b` WHERE ( state = 0 or state = 2 )  [ RunTime:0.0012s ]
NOTIC: [8] Undefined variable: taskModelArrInDatabase D:\xampp\htdocs\todolist\Application\Home\Controller\TaskController.class.php 第 132 行.
NOTIC: [2] array_keys() expects parameter 1 to be array, null given D:\xampp\htdocs\todolist\Application\Home\Controller\TaskController.class.php 第 132 行.
NOTIC: [2] array_keys() expects parameter 1 to be array, string given D:\xampp\htdocs\todolist\Application\Home\Controller\TaskController.class.php 第 136 行.
NOTIC: [2] Invalid argument supplied for foreach() D:\xampp\htdocs\todolist\Application\Home\Controller\TaskController.class.php 第 139 行.
NOTIC: [2] Invalid argument supplied for foreach() D:\xampp\htdocs\todolist\Application\Home\Controller\TaskController.class.php 第 217 行.
INFO: [ app_end ] --START--
INFO: Run Behavior\ShowPageTraceBehavior [ RunTime:0.000959s ]
INFO: [ app_end ] --END-- [ RunTime:0.001033s ]

[ 2016-06-15T09:35:28+08:00 ] 10.1.46.167 /todolist/index.php/Home/Task/SynchronizeTask
INFO: [ app_init ] --START--
INFO: Run Behavior\BuildLiteBehavior [ RunTime:0.000019s ]
INFO: [ app_init ] --END-- [ RunTime:0.001056s ]
INFO: [ app_begin ] --START--
INFO: Run Behavior\ReadHtmlCacheBehavior [ RunTime:0.002511s ]
INFO: [ app_begin ] --END-- [ RunTime:0.002644s ]
SQL: SHOW COLUMNS FROM `userinfo` [ RunTime:0.0077s ]
NOTIC: [8] Undefined variable: UID D:\xampp\htdocs\todolist\Application\Home\Controller\TaskController.class.php 第 112 行.
SQL: SELECT * FROM `userinfo` WHERE `uid` = null LIMIT 1   [ RunTime:0.0014s ]
SQL: SELECT * FROM `userinfo` WHERE ( uid="aa29d30583e0300fd5fac5351e27a55b" ) LIMIT 1   [ RunTime:0.0016s ]
SQL: SHOW COLUMNS FROM `taskinfoaa29d30583e0300fd5fac5351e27a55b` [ RunTime:0.0067s ]
SQL: SELECT * FROM `taskinfoaa29d30583e0300fd5fac5351e27a55b` WHERE ( state = 0 or state = 2 )  [ RunTime:0.0018s ]
NOTIC: [8] Undefined variable: taskModelArrInDatabase D:\xampp\htdocs\todolist\Application\Home\Controller\TaskController.class.php 第 132 行.
NOTIC: [2] array_keys() expects parameter 1 to be array, null given D:\xampp\htdocs\todolist\Application\Home\Controller\TaskController.class.php 第 132 行.
NOTIC: [2] array_keys() expects parameter 1 to be array, string given D:\xampp\htdocs\todolist\Application\Home\Controller\TaskController.class.php 第 136 行.
NOTIC: [2] Invalid argument supplied for foreach() D:\xampp\htdocs\todolist\Application\Home\Controller\TaskController.class.php 第 139 行.
NOTIC: [2] Invalid argument supplied for foreach() D:\xampp\htdocs\todolist\Application\Home\Controller\TaskController.class.php 第 217 行.
INFO: [ app_end ] --START--
INFO: Run Behavior\ShowPageTraceBehavior [ RunTime:0.001846s ]
INFO: [ app_end ] --END-- [ RunTime:0.001928s ]

[ 2016-06-15T09:35:51+08:00 ] 10.1.46.167 /todolist/index.php/Home/Task/AddTask
INFO: [ app_init ] --START--
INFO: Run Behavior\BuildLiteBehavior [ RunTime:0.000025s ]
INFO: [ app_init ] --END-- [ RunTime:0.001300s ]
INFO: [ app_begin ] --START--
INFO: Run Behavior\ReadHtmlCacheBehavior [ RunTime:0.003506s ]
INFO: [ app_begin ] --END-- [ RunTime:0.003597s ]
SQL: SHOW COLUMNS FROM `userinfo` [ RunTime:0.0069s ]
SQL: SELECT * FROM `userinfo` WHERE `uid` = 'aa29d30583e0300fd5fac5351e27a55b' LIMIT 1   [ RunTime:0.0024s ]
SQL: SHOW COLUMNS FROM `taskinfoaa29d30583e0300fd5fac5351e27a55b` [ RunTime:0.0068s ]
SQL: SELECT * FROM `taskinfoaa29d30583e0300fd5fac5351e27a55b` WHERE `createtime` = '2016-06-15 09:35:48.943' LIMIT 1   [ RunTime:0.0020s ]
SQL: INSERT INTO `taskinfoaa29d30583e0300fd5fac5351e27a55b` (`title`,`content`,`createtime`,`lastedittime`,`alerttime`,`timestamp`,`level`,`state`) VALUES ('这是第一天测试信息','','2016-06-15 09:35:48.943','2016-06-15 09:35:48.943','','2016-06-15 09:35:48.943','3','0') [ RunTime:0.0063s ]
INFO: [ app_end ] --START--
INFO: Run Behavior\ShowPageTraceBehavior [ RunTime:0.003737s ]
INFO: [ app_end ] --END-- [ RunTime:0.003827s ]

[ 2016-06-15T09:36:07+08:00 ] 10.1.46.167 /todolist/index.php/Home/Task/UpdateTask
INFO: [ app_init ] --START--
INFO: Run Behavior\BuildLiteBehavior [ RunTime:0.000016s ]
INFO: [ app_init ] --END-- [ RunTime:0.000938s ]
INFO: [ app_begin ] --START--
INFO: Run Behavior\ReadHtmlCacheBehavior [ RunTime:0.002587s ]
INFO: [ app_begin ] --END-- [ RunTime:0.002649s ]
SQL: SHOW COLUMNS FROM `userinfo` [ RunTime:0.0058s ]
SQL: SELECT * FROM `userinfo` WHERE `uid` = 'aa29d30583e0300fd5fac5351e27a55b' LIMIT 1   [ RunTime:0.0005s ]
SQL: SHOW COLUMNS FROM `taskinfoaa29d30583e0300fd5fac5351e27a55b` [ RunTime:0.0038s ]
SQL: SELECT * FROM `taskinfoaa29d30583e0300fd5fac5351e27a55b` WHERE `createtime` = '2016-06-15 09:35:48.943' LIMIT 1   [ RunTime:0.0006s ]
SQL: UPDATE `taskinfoaa29d30583e0300fd5fac5351e27a55b` SET `title`='这是第一天测试信息',`content`='',`lastedittime`='2016-06-15 09:35:48.943',`alerttime`='',`timestamp`='2016-06-15 09:36:04.846',`level`='3',`state`='2' WHERE `createtime` = '2016-06-15 09''5'2016-06-15 09:36:04.846'8.943' [ RunTime:0.0029s ]
INFO: [ app_end ] --START--
INFO: Run Behavior\ShowPageTraceBehavior [ RunTime:0.002581s ]
INFO: [ app_end ] --END-- [ RunTime:0.002630s ]

[ 2016-06-15T09:36:14+08:00 ] 10.1.46.167 /todolist/index.php/Home/Task/UpdateTask
INFO: [ app_init ] --START--
INFO: Run Behavior\BuildLiteBehavior [ RunTime:0.000017s ]
INFO: [ app_init ] --END-- [ RunTime:0.000834s ]
INFO: [ app_begin ] --START--
INFO: Run Behavior\ReadHtmlCacheBehavior [ RunTime:0.002673s ]
INFO: [ app_begin ] --END-- [ RunTime:0.002745s ]
SQL: SHOW COLUMNS FROM `userinfo` [ RunTime:0.0074s ]
SQL: SELECT * FROM `userinfo` WHERE `uid` = 'aa29d30583e0300fd5fac5351e27a55b' LIMIT 1   [ RunTime:0.0012s ]
SQL: SHOW COLUMNS FROM `taskinfoaa29d30583e0300fd5fac5351e27a55b` [ RunTime:0.0054s ]
SQL: SELECT * FROM `taskinfoaa29d30583e0300fd5fac5351e27a55b` WHERE `createtime` = '2016-06-15 09:35:48.943' LIMIT 1   [ RunTime:0.0008s ]
SQL: UPDATE `taskinfoaa29d30583e0300fd5fac5351e27a55b` SET `title`='这是第一天测试信息',`content`='',`lastedittime`='2016-06-15 09:35:48.943',`alerttime`='',`timestamp`='2016-06-15 09:36:12.312',`level`='3',`state`='0' WHERE `createtime` = '2016-06-15 09''5'2016-06-15 09:36:12.312'8.943' [ RunTime:0.0026s ]
INFO: [ app_end ] --START--
INFO: Run Behavior\ShowPageTraceBehavior [ RunTime:0.002961s ]
INFO: [ app_end ] --END-- [ RunTime:0.003037s ]

[ 2016-06-15T09:36:28+08:00 ] 10.1.46.167 /todolist/index.php/Home/Task/UpdateTask
INFO: [ app_init ] --START--
INFO: Run Behavior\BuildLiteBehavior [ RunTime:0.000013s ]
INFO: [ app_init ] --END-- [ RunTime:0.000440s ]
INFO: [ app_begin ] --START--
INFO: Run Behavior\ReadHtmlCacheBehavior [ RunTime:0.000806s ]
INFO: [ app_begin ] --END-- [ RunTime:0.000875s ]
SQL: SHOW COLUMNS FROM `userinfo` [ RunTime:0.0058s ]
SQL: SELECT * FROM `userinfo` WHERE `uid` = 'aa29d30583e0300fd5fac5351e27a55b' LIMIT 1   [ RunTime:0.0009s ]
SQL: SHOW COLUMNS FROM `taskinfoaa29d30583e0300fd5fac5351e27a55b` [ RunTime:0.0039s ]
SQL: SELECT * FROM `taskinfoaa29d30583e0300fd5fac5351e27a55b` WHERE `createtime` = '2016-06-15 09:35:48.943' LIMIT 1   [ RunTime:0.0005s ]
SQL: UPDATE `taskinfoaa29d30583e0300fd5fac5351e27a55b` SET `title`='这是第一天测试信息',`content`='里救护',`lastedittime`='2016-06-15 09:36:26.458',`alerttime`='',`timestamp`='2016-06-15 09:36:26.459',`level`='3',`state`='0' WHERE `createtime` = '2016-06-15 09''5'2016-06-15 09:36:26.459'8.943' [ RunTime:0.0055s ]
INFO: [ app_end ] --START--
INFO: Run Behavior\ShowPageTraceBehavior [ RunTime:0.001082s ]
INFO: [ app_end ] --END-- [ RunTime:0.001126s ]

[ 2016-06-15T09:36:47+08:00 ] 10.1.46.167 /todolist/index.php/Home/Task/UpdateTask
INFO: [ app_init ] --START--
INFO: Run Behavior\BuildLiteBehavior [ RunTime:0.000014s ]
INFO: [ app_init ] --END-- [ RunTime:0.000617s ]
INFO: [ app_begin ] --START--
INFO: Run Behavior\ReadHtmlCacheBehavior [ RunTime:0.001271s ]
INFO: [ app_begin ] --END-- [ RunTime:0.001318s ]
SQL: SHOW COLUMNS FROM `userinfo` [ RunTime:0.0046s ]
SQL: SELECT * FROM `userinfo` WHERE `uid` = 'aa29d30583e0300fd5fac5351e27a55b' LIMIT 1   [ RunTime:0.0008s ]
SQL: SHOW COLUMNS FROM `taskinfoaa29d30583e0300fd5fac5351e27a55b` [ RunTime:0.0039s ]
SQL: SELECT * FROM `taskinfoaa29d30583e0300fd5fac5351e27a55b` WHERE `createtime` = '2016-06-15 09:35:48.943' LIMIT 1   [ RunTime:0.0006s ]
SQL: UPDATE `taskinfoaa29d30583e0300fd5fac5351e27a55b` SET `title`='这是第一天测试信息',`content`='里救护',`lastedittime`='2016-06-15 09:36:44.712',`alerttime`='',`timestamp`='2016-06-15 09:36:44.713',`level`='2',`state`='0' WHERE `createtime` = '2016-06-15 09''5'2016-06-15 09:36:44.713'8.943' [ RunTime:0.0028s ]
INFO: [ app_end ] --START--
INFO: Run Behavior\ShowPageTraceBehavior [ RunTime:0.001327s ]
INFO: [ app_end ] --END-- [ RunTime:0.001373s ]

[ 2016-06-15T09:36:54+08:00 ] 10.1.46.167 /todolist/index.php/Home/Task/SynchronizeTask
INFO: [ app_init ] --START--
INFO: Run Behavior\BuildLiteBehavior [ RunTime:0.000014s ]
INFO: [ app_init ] --END-- [ RunTime:0.000522s ]
INFO: [ app_begin ] --START--
INFO: Run Behavior\ReadHtmlCacheBehavior [ RunTime:0.001524s ]
INFO: [ app_begin ] --END-- [ RunTime:0.001614s ]
SQL: SHOW COLUMNS FROM `userinfo` [ RunTime:0.0057s ]
NOTIC: [8] Undefined variable: UID D:\xampp\htdocs\todolist\Application\Home\Controller\TaskController.class.php 第 112 行.
SQL: SELECT * FROM `userinfo` WHERE `uid` = null LIMIT 1   [ RunTime:0.0014s ]
SQL: SELECT * FROM `userinfo` WHERE ( uid="aa29d30583e0300fd5fac5351e27a55b" ) LIMIT 1   [ RunTime:0.0011s ]
SQL: SHOW COLUMNS FROM `taskinfoaa29d30583e0300fd5fac5351e27a55b` [ RunTime:0.0039s ]
SQL: SELECT * FROM `taskinfoaa29d30583e0300fd5fac5351e27a55b` WHERE ( state = 0 or state = 2 )  [ RunTime:0.0011s ]
INFO: [ app_end ] --START--
INFO: Run Behavior\ShowPageTraceBehavior [ RunTime:0.001288s ]
INFO: [ app_end ] --END-- [ RunTime:0.001339s ]

[ 2016-06-15T09:38:19+08:00 ] 10.1.46.167 /todolist/index.php/Home/User/ChangePassword
INFO: [ app_init ] --START--
INFO: Run Behavior\BuildLiteBehavior [ RunTime:0.000022s ]
INFO: [ app_init ] --END-- [ RunTime:0.000444s ]
INFO: [ app_begin ] --START--
INFO: Run Behavior\ReadHtmlCacheBehavior [ RunTime:0.001641s ]
INFO: [ app_begin ] --END-- [ RunTime:0.001740s ]
SQL: SHOW COLUMNS FROM `userinfo` [ RunTime:0.0068s ]
SQL: UPDATE `userinfo` SET `password`='b59c67bf196a4758191e42f76670ceba' WHERE `uid` = 'aa29d30583e0300fd5fac5351e27a55b' AND `password` = 'e6ad8b28db60e36e00c10c860856a1a7' [ RunTime:0.0030s ]
INFO: [ app_end ] --START--
INFO: Run Behavior\ShowPageTraceBehavior [ RunTime:0.001489s ]
INFO: [ app_end ] --END-- [ RunTime:0.001588s ]

[ 2016-06-15T09:39:02+08:00 ] 10.1.46.167 /todolist/index.php/Home/User/Login
INFO: [ app_init ] --START--
INFO: Run Behavior\BuildLiteBehavior [ RunTime:0.000014s ]
INFO: [ app_init ] --END-- [ RunTime:0.000445s ]
INFO: [ app_begin ] --START--
INFO: Run Behavior\ReadHtmlCacheBehavior [ RunTime:0.001106s ]
INFO: [ app_begin ] --END-- [ RunTime:0.001204s ]
SQL: SHOW COLUMNS FROM `userinfo` [ RunTime:0.0063s ]
SQL: SELECT * FROM `userinfo` WHERE `phonenumber` = '孙中原' AND `password` = 'b59c67bf196a4758191e42f76670ceba' LIMIT 1   [ RunTime:0.0014s ]
INFO: [ app_end ] --START--
INFO: Run Behavior\ShowPageTraceBehavior [ RunTime:0.001266s ]
INFO: [ app_end ] --END-- [ RunTime:0.001334s ]

[ 2016-06-15T09:39:08+08:00 ] 10.1.46.167 /todolist/index.php/Home/User/Login
INFO: [ app_init ] --START--
INFO: Run Behavior\BuildLiteBehavior [ RunTime:0.000022s ]
INFO: [ app_init ] --END-- [ RunTime:0.000673s ]
INFO: [ app_begin ] --START--
INFO: Run Behavior\ReadHtmlCacheBehavior [ RunTime:0.001360s ]
INFO: [ app_begin ] --END-- [ RunTime:0.001454s ]
SQL: SHOW COLUMNS FROM `userinfo` [ RunTime:0.0059s ]
SQL: SELECT * FROM `userinfo` WHERE `phonenumber` = '孙中原' AND `password` = 'b59c67bf196a4758191e42f76670ceba' LIMIT 1   [ RunTime:0.0018s ]
INFO: [ app_end ] --START--
INFO: Run Behavior\ShowPageTraceBehavior [ RunTime:0.001789s ]
INFO: [ app_end ] --END-- [ RunTime:0.001881s ]

[ 2016-06-15T09:39:23+08:00 ] 10.1.46.167 /todolist/index.php/Home/User/Login
INFO: [ app_init ] --START--
INFO: Run Behavior\BuildLiteBehavior [ RunTime:0.000012s ]
INFO: [ app_init ] --END-- [ RunTime:0.000398s ]
INFO: [ app_begin ] --START--
INFO: Run Behavior\ReadHtmlCacheBehavior [ RunTime:0.000770s ]
INFO: [ app_begin ] --END-- [ RunTime:0.000834s ]
SQL: SHOW COLUMNS FROM `userinfo` [ RunTime:0.0055s ]
SQL: SELECT * FROM `userinfo` WHERE `phonenumber` = '13116058852' AND `password` = 'b59c67bf196a4758191e42f76670ceba' LIMIT 1   [ RunTime:0.0009s ]
INFO: [ app_end ] --START--
INFO: Run Behavior\ShowPageTraceBehavior [ RunTime:0.001310s ]
INFO: [ app_end ] --END-- [ RunTime:0.001373s ]

[ 2016-06-15T09:39:23+08:00 ] 10.1.46.167 /todolist/index.php/Home/Task/SynchronizeTask
INFO: [ app_init ] --START--
INFO: Run Behavior\BuildLiteBehavior [ RunTime:0.000020s ]
INFO: [ app_init ] --END-- [ RunTime:0.000597s ]
INFO: [ app_begin ] --START--
INFO: Run Behavior\ReadHtmlCacheBehavior [ RunTime:0.000920s ]
INFO: [ app_begin ] --END-- [ RunTime:0.000984s ]
SQL: SHOW COLUMNS FROM `userinfo` [ RunTime:0.0050s ]
NOTIC: [8] Undefined variable: UID D:\xampp\htdocs\todolist\Application\Home\Controller\TaskController.class.php 第 112 行.
SQL: SELECT * FROM `userinfo` WHERE `uid` = null LIMIT 1   [ RunTime:0.0009s ]
SQL: SELECT * FROM `userinfo` WHERE ( uid="aa29d30583e0300fd5fac5351e27a55b" ) LIMIT 1   [ RunTime:0.0009s ]
SQL: SHOW COLUMNS FROM `taskinfoaa29d30583e0300fd5fac5351e27a55b` [ RunTime:0.0049s ]
SQL: SELECT * FROM `taskinfoaa29d30583e0300fd5fac5351e27a55b` WHERE ( state = 0 or state = 2 )  [ RunTime:0.0012s ]
INFO: [ app_end ] --START--
INFO: Run Behavior\ShowPageTraceBehavior [ RunTime:0.001507s ]
INFO: [ app_end ] --END-- [ RunTime:0.001585s ]

[ 2016-06-15T09:41:22+08:00 ] 10.1.46.167 /todolist/index.php/Home/User/Login
INFO: [ app_init ] --START--
INFO: Run Behavior\BuildLiteBehavior [ RunTime:0.000013s ]
INFO: [ app_init ] --END-- [ RunTime:0.000455s ]
INFO: [ app_begin ] --START--
INFO: Run Behavior\ReadHtmlCacheBehavior [ RunTime:0.000789s ]
INFO: [ app_begin ] --END-- [ RunTime:0.000840s ]
SQL: SHOW COLUMNS FROM `userinfo` [ RunTime:0.0060s ]
SQL: SELECT * FROM `userinfo` WHERE `phonenumber` = '13116058852' AND `password` = 'b59c67bf196a4758191e42f76670ceba' LIMIT 1   [ RunTime:0.0012s ]
INFO: [ app_end ] --START--
INFO: Run Behavior\ShowPageTraceBehavior [ RunTime:0.001198s ]
INFO: [ app_end ] --END-- [ RunTime:0.001250s ]

[ 2016-06-15T09:41:22+08:00 ] 10.1.46.167 /todolist/index.php/Home/Task/SynchronizeTask
INFO: [ app_init ] --START--
INFO: Run Behavior\BuildLiteBehavior [ RunTime:0.000013s ]
INFO: [ app_init ] --END-- [ RunTime:0.000410s ]
INFO: [ app_begin ] --START--
INFO: Run Behavior\ReadHtmlCacheBehavior [ RunTime:0.000870s ]
INFO: [ app_begin ] --END-- [ RunTime:0.000921s ]
SQL: SHOW COLUMNS FROM `userinfo` [ RunTime:0.0056s ]
NOTIC: [8] Undefined variable: UID D:\xampp\htdocs\todolist\Application\Home\Controller\TaskController.class.php 第 112 行.
SQL: SELECT * FROM `userinfo` WHERE `uid` = null LIMIT 1   [ RunTime:0.0008s ]
SQL: SELECT * FROM `userinfo` WHERE ( uid="aa29d30583e0300fd5fac5351e27a55b" ) LIMIT 1   [ RunTime:0.0010s ]
SQL: SHOW COLUMNS FROM `taskinfoaa29d30583e0300fd5fac5351e27a55b` [ RunTime:0.0039s ]
SQL: SELECT * FROM `taskinfoaa29d30583e0300fd5fac5351e27a55b` WHERE ( state = 0 or state = 2 )  [ RunTime:0.0010s ]
INFO: [ app_end ] --START--
INFO: Run Behavior\ShowPageTraceBehavior [ RunTime:0.001241s ]
INFO: [ app_end ] --END-- [ RunTime:0.001295s ]

[ 2016-06-15T09:42:39+08:00 ] 10.1.46.167 /todolist/index.php/Home/Task/AddTask
INFO: [ app_init ] --START--
INFO: Run Behavior\BuildLiteBehavior [ RunTime:0.000013s ]
INFO: [ app_init ] --END-- [ RunTime:0.000429s ]
INFO: [ app_begin ] --START--
INFO: Run Behavior\ReadHtmlCacheBehavior [ RunTime:0.001098s ]
INFO: [ app_begin ] --END-- [ RunTime:0.001159s ]
SQL: SHOW COLUMNS FROM `userinfo` [ RunTime:0.0058s ]
SQL: SELECT * FROM `userinfo` WHERE `uid` = 'aa29d30583e0300fd5fac5351e27a55b' LIMIT 1   [ RunTime:0.0005s ]
SQL: SHOW COLUMNS FROM `taskinfoaa29d30583e0300fd5fac5351e27a55b` [ RunTime:0.0039s ]
SQL: SELECT * FROM `taskinfoaa29d30583e0300fd5fac5351e27a55b` WHERE `createtime` = '2016-06-15 09:42:37.197' LIMIT 1   [ RunTime:0.0005s ]
SQL: INSERT INTO `taskinfoaa29d30583e0300fd5fac5351e27a55b` (`title`,`content`,`createtime`,`lastedittime`,`alerttime`,`timestamp`,`level`,`state`) VALUES ('哈哈哈哈','','2016-06-15 09:42:37.197','2016-06-15 09:42:37.197','','2016-06-15 09:42:37.197','4','0') [ RunTime:0.0028s ]
INFO: [ app_end ] --START--
INFO: Run Behavior\ShowPageTraceBehavior [ RunTime:0.001502s ]
INFO: [ app_end ] --END-- [ RunTime:0.001555s ]

[ 2016-06-15T09:53:39+08:00 ] 10.1.34.224 /todolist/index.php/Home/User/Login
INFO: [ app_init ] --START--
INFO: Run Behavior\BuildLiteBehavior [ RunTime:0.000012s ]
INFO: [ app_init ] --END-- [ RunTime:0.000406s ]
INFO: [ app_begin ] --START--
INFO: Run Behavior\ReadHtmlCacheBehavior [ RunTime:0.001392s ]
INFO: [ app_begin ] --END-- [ RunTime:0.001461s ]
SQL: SHOW COLUMNS FROM `userinfo` [ RunTime:0.0066s ]
SQL: SELECT * FROM `userinfo` WHERE `phonenumber` = '13672006807' AND `password` = 'e10adc3949ba59abbe56e057f20f883e' LIMIT 1   [ RunTime:0.0020s ]
INFO: [ app_end ] --START--
INFO: Run Behavior\ShowPageTraceBehavior [ RunTime:0.001628s ]
INFO: [ app_end ] --END-- [ RunTime:0.001691s ]

[ 2016-06-15T09:53:39+08:00 ] 10.1.34.224 /todolist/index.php/Home/Task/SynchronizeTask
INFO: [ app_init ] --START--
INFO: Run Behavior\BuildLiteBehavior [ RunTime:0.000014s ]
INFO: [ app_init ] --END-- [ RunTime:0.000499s ]
INFO: [ app_begin ] --START--
INFO: Run Behavior\ReadHtmlCacheBehavior [ RunTime:0.001144s ]
INFO: [ app_begin ] --END-- [ RunTime:0.001219s ]
SQL: SHOW COLUMNS FROM `userinfo` [ RunTime:0.0068s ]
NOTIC: [8] Undefined variable: UID D:\xampp\htdocs\todolist\Application\Home\Controller\TaskController.class.php 第 112 行.
SQL: SELECT * FROM `userinfo` WHERE `uid` = null LIMIT 1   [ RunTime:0.0014s ]
SQL: SELECT * FROM `userinfo` WHERE ( uid="aed711445a0cb87bade14ac7ceaef2d9" ) LIMIT 1   [ RunTime:0.0012s ]
SQL: SHOW COLUMNS FROM `taskinfoaed711445a0cb87bade14ac7ceaef2d9` [ RunTime:0.0058s ]
SQL: SELECT * FROM `taskinfoaed711445a0cb87bade14ac7ceaef2d9` WHERE ( state = 0 or state = 2 )  [ RunTime:0.0018s ]
NOTIC: [8] Undefined variable: taskModelArrInDatabase D:\xampp\htdocs\todolist\Application\Home\Controller\TaskController.class.php 第 132 行.
NOTIC: [2] array_keys() expects parameter 1 to be array, null given D:\xampp\htdocs\todolist\Application\Home\Controller\TaskController.class.php 第 132 行.
NOTIC: [8] Undefined variable: taskModelArrInDatabase D:\xampp\htdocs\todolist\Application\Home\Controller\TaskController.class.php 第 141 行.
NOTIC: [2] array_key_exists() expects parameter 2 to be array, null given D:\xampp\htdocs\todolist\Application\Home\Controller\TaskController.class.php 第 141 行.
SQL: SELECT * FROM `taskinfoaed711445a0cb87bade14ac7ceaef2d9` WHERE ( createtime="2016-05-27 12:01:00" ) LIMIT 1   [ RunTime:0.0013s ]
NOTIC: [8] Undefined index: timestamp D:\xampp\htdocs\todolist\Application\Home\Controller\TaskController.class.php 第 184 行.
ERR: 1048:Column 'timestamp' cannot be null
 [ SQL语句 ] : INSERT INTO `taskinfoaed711445a0cb87bade14ac7ceaef2d9` (`title`,`content`,`createtime`,`lastedittime`,`alerttime`,`timestamp`,`level`,`state`) VALUES ('task1','no content1','2016-05-27 12:01:00','2016-05-27 12:01:00','2017-05-27 12:01:00',NULL,'1','4')
ERR: 1048:Column 'timestamp' cannot be null
 [ SQL语句 ] : INSERT INTO `taskinfoaed711445a0cb87bade14ac7ceaef2d9` (`title`,`content`,`createtime`,`lastedittime`,`alerttime`,`timestamp`,`level`,`state`) VALUES ('task1','no content1','2016-05-27 12:01:00','2016-05-27 12:01:00','2017-05-27 12:01:00',NULL,'1','4')

[ 2016-06-15T09:53:48+08:00 ] 10.1.34.224 /todolist/index.php/Home/User/Login
INFO: [ app_init ] --START--
INFO: Run Behavior\BuildLiteBehavior [ RunTime:0.000015s ]
INFO: [ app_init ] --END-- [ RunTime:0.000638s ]
INFO: [ app_begin ] --START--
INFO: Run Behavior\ReadHtmlCacheBehavior [ RunTime:0.001188s ]
INFO: [ app_begin ] --END-- [ RunTime:0.001240s ]
SQL: SHOW COLUMNS FROM `userinfo` [ RunTime:0.0060s ]
SQL: SELECT * FROM `userinfo` WHERE `phonenumber` = '13672006807' AND `password` = 'e10adc3949ba59abbe56e057f20f883e' LIMIT 1   [ RunTime:0.0010s ]
INFO: [ app_end ] --START--
INFO: Run Behavior\ShowPageTraceBehavior [ RunTime:0.002026s ]
INFO: [ app_end ] --END-- [ RunTime:0.002103s ]

[ 2016-06-15T09:53:48+08:00 ] 10.1.34.224 /todolist/index.php/Home/Task/SynchronizeTask
INFO: [ app_init ] --START--
INFO: Run Behavior\BuildLiteBehavior [ RunTime:0.000014s ]
INFO: [ app_init ] --END-- [ RunTime:0.000522s ]
INFO: [ app_begin ] --START--
INFO: Run Behavior\ReadHtmlCacheBehavior [ RunTime:0.001184s ]
INFO: [ app_begin ] --END-- [ RunTime:0.001235s ]
SQL: SHOW COLUMNS FROM `userinfo` [ RunTime:0.0065s ]
NOTIC: [8] Undefined variable: UID D:\xampp\htdocs\todolist\Application\Home\Controller\TaskController.class.php 第 112 行.
SQL: SELECT * FROM `userinfo` WHERE `uid` = null LIMIT 1   [ RunTime:0.0015s ]
SQL: SELECT * FROM `userinfo` WHERE ( uid="aed711445a0cb87bade14ac7ceaef2d9" ) LIMIT 1   [ RunTime:0.0017s ]
SQL: SHOW COLUMNS FROM `taskinfoaed711445a0cb87bade14ac7ceaef2d9` [ RunTime:0.0052s ]
SQL: SELECT * FROM `taskinfoaed711445a0cb87bade14ac7ceaef2d9` WHERE ( state = 0 or state = 2 )  [ RunTime:0.0018s ]
NOTIC: [8] Undefined variable: taskModelArrInDatabase D:\xampp\htdocs\todolist\Application\Home\Controller\TaskController.class.php 第 132 行.
NOTIC: [2] array_keys() expects parameter 1 to be array, null given D:\xampp\htdocs\todolist\Application\Home\Controller\TaskController.class.php 第 132 行.
NOTIC: [8] Undefined variable: taskModelArrInDatabase D:\xampp\htdocs\todolist\Application\Home\Controller\TaskController.class.php 第 141 行.
NOTIC: [2] array_key_exists() expects parameter 2 to be array, null given D:\xampp\htdocs\todolist\Application\Home\Controller\TaskController.class.php 第 141 行.
SQL: SELECT * FROM `taskinfoaed711445a0cb87bade14ac7ceaef2d9` WHERE ( createtime="2016-05-27 12:01:00" ) LIMIT 1   [ RunTime:0.0015s ]
NOTIC: [8] Undefined index: timestamp D:\xampp\htdocs\todolist\Application\Home\Controller\TaskController.class.php 第 184 行.
ERR: 1048:Column 'timestamp' cannot be null
 [ SQL语句 ] : INSERT INTO `taskinfoaed711445a0cb87bade14ac7ceaef2d9` (`title`,`content`,`createtime`,`lastedittime`,`alerttime`,`timestamp`,`level`,`state`) VALUES ('task1','no content1','2016-05-27 12:01:00','2016-05-27 12:01:00','2017-05-27 12:01:00',NULL,'1','4')
ERR: 1048:Column 'timestamp' cannot be null
 [ SQL语句 ] : INSERT INTO `taskinfoaed711445a0cb87bade14ac7ceaef2d9` (`title`,`content`,`createtime`,`lastedittime`,`alerttime`,`timestamp`,`level`,`state`) VALUES ('task1','no content1','2016-05-27 12:01:00','2016-05-27 12:01:00','2017-05-27 12:01:00',NULL,'1','4')

[ 2016-06-15T15:06:47+08:00 ] 10.1.34.224 /todolist/index.php/Home/User/Login
INFO: [ app_init ] --START--
INFO: Run Behavior\BuildLiteBehavior [ RunTime:0.000017s ]
INFO: [ app_init ] --END-- [ RunTime:0.001751s ]
INFO: [ app_begin ] --START--
INFO: Run Behavior\ReadHtmlCacheBehavior [ RunTime:0.001075s ]
INFO: [ app_begin ] --END-- [ RunTime:0.001150s ]
SQL: SHOW COLUMNS FROM `userinfo` [ RunTime:0.0051s ]
SQL: SELECT * FROM `userinfo` WHERE `phonenumber` = '13672006807' AND `password` = 'e10adc3949ba59abbe56e057f20f883e' LIMIT 1   [ RunTime:0.0017s ]
INFO: [ app_end ] --START--
INFO: Run Behavior\ShowPageTraceBehavior [ RunTime:0.001329s ]
INFO: [ app_end ] --END-- [ RunTime:0.001380s ]

[ 2016-06-15T15:06:47+08:00 ] 10.1.34.224 /todolist/index.php/Home/Task/SynchronizeTask
INFO: [ app_init ] --START--
INFO: Run Behavior\BuildLiteBehavior [ RunTime:0.000012s ]
INFO: [ app_init ] --END-- [ RunTime:0.000340s ]
INFO: [ app_begin ] --START--
INFO: Run Behavior\ReadHtmlCacheBehavior [ RunTime:0.000447s ]
INFO: [ app_begin ] --END-- [ RunTime:0.000493s ]
SQL: SHOW COLUMNS FROM `userinfo` [ RunTime:0.0052s ]
NOTIC: [8] Undefined variable: UID D:\xampp\htdocs\todolist\Application\Home\Controller\TaskController.class.php 第 112 行.
SQL: SELECT * FROM `userinfo` WHERE `uid` = null LIMIT 1   [ RunTime:0.0009s ]
SQL: SELECT * FROM `userinfo` WHERE ( uid="aed711445a0cb87bade14ac7ceaef2d9" ) LIMIT 1   [ RunTime:0.0006s ]
SQL: SHOW COLUMNS FROM `taskinfoaed711445a0cb87bade14ac7ceaef2d9` [ RunTime:0.0046s ]
SQL: SELECT * FROM `taskinfoaed711445a0cb87bade14ac7ceaef2d9` WHERE ( state = 0 or state = 2 )  [ RunTime:0.0022s ]
NOTIC: [8] Undefined variable: taskModelArrInDatabase D:\xampp\htdocs\todolist\Application\Home\Controller\TaskController.class.php 第 132 行.
NOTIC: [2] array_keys() expects parameter 1 to be array, null given D:\xampp\htdocs\todolist\Application\Home\Controller\TaskController.class.php 第 132 行.
NOTIC: [2] array_keys() expects parameter 1 to be array, string given D:\xampp\htdocs\todolist\Application\Home\Controller\TaskController.class.php 第 136 行.
NOTIC: [2] Invalid argument supplied for foreach() D:\xampp\htdocs\todolist\Application\Home\Controller\TaskController.class.php 第 139 行.
NOTIC: [2] Invalid argument supplied for foreach() D:\xampp\htdocs\todolist\Application\Home\Controller\TaskController.class.php 第 217 行.
INFO: [ app_end ] --START--
INFO: Run Behavior\ShowPageTraceBehavior [ RunTime:0.000575s ]
INFO: [ app_end ] --END-- [ RunTime:0.000616s ]

[ 2016-06-15T15:09:48+08:00 ] 10.1.34.224 /todolist/index.php/Home/User/Login
INFO: [ app_init ] --START--
INFO: Run Behavior\BuildLiteBehavior [ RunTime:0.000011s ]
INFO: [ app_init ] --END-- [ RunTime:0.000359s ]
INFO: [ app_begin ] --START--
INFO: Run Behavior\ReadHtmlCacheBehavior [ RunTime:0.000905s ]
INFO: [ app_begin ] --END-- [ RunTime:0.000978s ]
SQL: SHOW COLUMNS FROM `userinfo` [ RunTime:0.0052s ]
SQL: SELECT * FROM `userinfo` WHERE `phonenumber` = '1' AND `password` = 'c81e728d9d4c2f636f067f89cc14862c' LIMIT 1   [ RunTime:0.0008s ]
INFO: [ app_end ] --START--
INFO: Run Behavior\ShowPageTraceBehavior [ RunTime:0.000842s ]
INFO: [ app_end ] --END-- [ RunTime:0.000891s ]

[ 2016-06-15T15:10:01+08:00 ] 10.1.34.224 /todolist/index.php/Home/User/Login
INFO: [ app_init ] --START--
INFO: Run Behavior\BuildLiteBehavior [ RunTime:0.000012s ]
INFO: [ app_init ] --END-- [ RunTime:0.000327s ]
INFO: [ app_begin ] --START--
INFO: Run Behavior\ReadHtmlCacheBehavior [ RunTime:0.000393s ]
INFO: [ app_begin ] --END-- [ RunTime:0.000436s ]
SQL: SHOW COLUMNS FROM `userinfo` [ RunTime:0.0059s ]
SQL: SELECT * FROM `userinfo` WHERE `phonenumber` = '13627006807' AND `password` = 'e10adc3949ba59abbe56e057f20f883e' LIMIT 1   [ RunTime:0.0015s ]
INFO: [ app_end ] --START--
INFO: Run Behavior\ShowPageTraceBehavior [ RunTime:0.000701s ]
INFO: [ app_end ] --END-- [ RunTime:0.000748s ]

[ 2016-06-15T15:10:15+08:00 ] 10.1.34.224 /todolist/index.php/Home/User/Login
INFO: [ app_init ] --START--
INFO: Run Behavior\BuildLiteBehavior [ RunTime:0.000012s ]
INFO: [ app_init ] --END-- [ RunTime:0.000323s ]
INFO: [ app_begin ] --START--
INFO: Run Behavior\ReadHtmlCacheBehavior [ RunTime:0.000438s ]
INFO: [ app_begin ] --END-- [ RunTime:0.000496s ]
SQL: SHOW COLUMNS FROM `userinfo` [ RunTime:0.0055s ]
SQL: SELECT * FROM `userinfo` WHERE `phonenumber` = '13672006807' AND `password` = 'e10adc3949ba59abbe56e057f20f883e' LIMIT 1   [ RunTime:0.0009s ]
INFO: [ app_end ] --START--
INFO: Run Behavior\ShowPageTraceBehavior [ RunTime:0.000636s ]
INFO: [ app_end ] --END-- [ RunTime:0.000688s ]

[ 2016-06-15T15:10:15+08:00 ] 10.1.34.224 /todolist/index.php/Home/Task/SynchronizeTask
INFO: [ app_init ] --START--
INFO: Run Behavior\BuildLiteBehavior [ RunTime:0.000012s ]
INFO: [ app_init ] --END-- [ RunTime:0.000375s ]
INFO: [ app_begin ] --START--
INFO: Run Behavior\ReadHtmlCacheBehavior [ RunTime:0.000428s ]
INFO: [ app_begin ] --END-- [ RunTime:0.000470s ]
SQL: SHOW COLUMNS FROM `userinfo` [ RunTime:0.0049s ]
NOTIC: [8] Undefined variable: UID D:\xampp\htdocs\todolist\Application\Home\Controller\TaskController.class.php 第 112 行.
SQL: SELECT * FROM `userinfo` WHERE `uid` = null LIMIT 1   [ RunTime:0.0010s ]
SQL: SELECT * FROM `userinfo` WHERE ( uid="aed711445a0cb87bade14ac7ceaef2d9" ) LIMIT 1   [ RunTime:0.0006s ]
SQL: SHOW COLUMNS FROM `taskinfoaed711445a0cb87bade14ac7ceaef2d9` [ RunTime:0.0038s ]
SQL: SELECT * FROM `taskinfoaed711445a0cb87bade14ac7ceaef2d9` WHERE ( state = 0 or state = 2 )  [ RunTime:0.0009s ]
NOTIC: [8] Undefined variable: taskModelArrInDatabase D:\xampp\htdocs\todolist\Application\Home\Controller\TaskController.class.php 第 132 行.
NOTIC: [2] array_keys() expects parameter 1 to be array, null given D:\xampp\htdocs\todolist\Application\Home\Controller\TaskController.class.php 第 132 行.
NOTIC: [2] array_keys() expects parameter 1 to be array, string given D:\xampp\htdocs\todolist\Application\Home\Controller\TaskController.class.php 第 136 行.
NOTIC: [2] Invalid argument supplied for foreach() D:\xampp\htdocs\todolist\Application\Home\Controller\TaskController.class.php 第 139 行.
NOTIC: [2] Invalid argument supplied for foreach() D:\xampp\htdocs\todolist\Application\Home\Controller\TaskController.class.php 第 217 行.
INFO: [ app_end ] --START--
INFO: Run Behavior\ShowPageTraceBehavior [ RunTime:0.000600s ]
INFO: [ app_end ] --END-- [ RunTime:0.000638s ]

[ 2016-06-15T15:11:06+08:00 ] 10.1.34.224 /todolist/index.php/Home/User/SignUp
INFO: [ app_init ] --START--
INFO: Run Behavior\BuildLiteBehavior [ RunTime:0.000013s ]
INFO: [ app_init ] --END-- [ RunTime:0.000446s ]
INFO: [ app_begin ] --START--
INFO: Run Behavior\ReadHtmlCacheBehavior [ RunTime:0.000434s ]
INFO: [ app_begin ] --END-- [ RunTime:0.000480s ]
SQL: SHOW COLUMNS FROM `userinfo` [ RunTime:0.0051s ]
SQL: SELECT * FROM `userinfo` WHERE `phonenumber` = '15823782386' LIMIT 1   [ RunTime:0.0009s ]
NOTIC: [8192] mysql_connect(): The mysql extension is deprecated and will be removed in the future: use mysqli or PDO instead D:\xampp\htdocs\todolist\Application\Home\Controller\UserController.class.php 第 106 行.
SQL: INSERT INTO `userinfo` (`uid`,`phonenumber`,`password`,`nickname`) VALUES ('c41e959acfb962719c816cb9adf9f372','15823782386','e10adc3949ba59abbe56e057f20f883e','Mydogdy') [ RunTime:0.0025s ]
INFO: [ app_end ] --START--
INFO: Run Behavior\ShowPageTraceBehavior [ RunTime:0.000731s ]
INFO: [ app_end ] --END-- [ RunTime:0.000796s ]

[ 2016-06-15T15:11:19+08:00 ] 10.1.34.224 /todolist/index.php/Home/User/Login
INFO: [ app_init ] --START--
INFO: Run Behavior\BuildLiteBehavior [ RunTime:0.000012s ]
INFO: [ app_init ] --END-- [ RunTime:0.000340s ]
INFO: [ app_begin ] --START--
INFO: Run Behavior\ReadHtmlCacheBehavior [ RunTime:0.000462s ]
INFO: [ app_begin ] --END-- [ RunTime:0.000510s ]
SQL: SHOW COLUMNS FROM `userinfo` [ RunTime:0.0051s ]
SQL: SELECT * FROM `userinfo` WHERE `phonenumber` = '15823782386' AND `password` = 'e10adc3949ba59abbe56e057f20f883e' LIMIT 1   [ RunTime:0.0009s ]
INFO: [ app_end ] --START--
INFO: Run Behavior\ShowPageTraceBehavior [ RunTime:0.000626s ]
INFO: [ app_end ] --END-- [ RunTime:0.000671s ]

[ 2016-06-15T15:11:19+08:00 ] 10.1.34.224 /todolist/index.php/Home/Task/SynchronizeTask
INFO: [ app_init ] --START--
INFO: Run Behavior\BuildLiteBehavior [ RunTime:0.000012s ]
INFO: [ app_init ] --END-- [ RunTime:0.000342s ]
INFO: [ app_begin ] --START--
INFO: Run Behavior\ReadHtmlCacheBehavior [ RunTime:0.000397s ]
INFO: [ app_begin ] --END-- [ RunTime:0.000438s ]
SQL: SHOW COLUMNS FROM `userinfo` [ RunTime:0.0056s ]
NOTIC: [8] Undefined variable: UID D:\xampp\htdocs\todolist\Application\Home\Controller\TaskController.class.php 第 112 行.
SQL: SELECT * FROM `userinfo` WHERE `uid` = null LIMIT 1   [ RunTime:0.0010s ]
SQL: SELECT * FROM `userinfo` WHERE ( uid="c41e959acfb962719c816cb9adf9f372" ) LIMIT 1   [ RunTime:0.0006s ]
SQL: SHOW COLUMNS FROM `taskinfoc41e959acfb962719c816cb9adf9f372` [ RunTime:0.0043s ]
SQL: SELECT * FROM `taskinfoc41e959acfb962719c816cb9adf9f372` WHERE ( state = 0 or state = 2 )  [ RunTime:0.0010s ]
NOTIC: [8] Undefined variable: taskModelArrInDatabase D:\xampp\htdocs\todolist\Application\Home\Controller\TaskController.class.php 第 132 行.
NOTIC: [2] array_keys() expects parameter 1 to be array, null given D:\xampp\htdocs\todolist\Application\Home\Controller\TaskController.class.php 第 132 行.
NOTIC: [2] array_keys() expects parameter 1 to be array, string given D:\xampp\htdocs\todolist\Application\Home\Controller\TaskController.class.php 第 136 行.
NOTIC: [2] Invalid argument supplied for foreach() D:\xampp\htdocs\todolist\Application\Home\Controller\TaskController.class.php 第 139 行.
NOTIC: [2] Invalid argument supplied for foreach() D:\xampp\htdocs\todolist\Application\Home\Controller\TaskController.class.php 第 217 行.
INFO: [ app_end ] --START--
INFO: Run Behavior\ShowPageTraceBehavior [ RunTime:0.000658s ]
INFO: [ app_end ] --END-- [ RunTime:0.000708s ]

[ 2016-06-15T15:13:03+08:00 ] 10.1.34.224 /todolist/index.php/Home/User/SignUp
INFO: [ app_init ] --START--
INFO: Run Behavior\BuildLiteBehavior [ RunTime:0.000021s ]
INFO: [ app_init ] --END-- [ RunTime:0.001308s ]
INFO: [ app_begin ] --START--
INFO: Run Behavior\ReadHtmlCacheBehavior [ RunTime:0.001888s ]
INFO: [ app_begin ] --END-- [ RunTime:0.001946s ]
SQL: SHOW COLUMNS FROM `userinfo` [ RunTime:0.0046s ]
SQL: SELECT * FROM `userinfo` WHERE `phonenumber` = '13672006807' LIMIT 1   [ RunTime:0.0010s ]
INFO: [ app_end ] --START--
INFO: Run Behavior\ShowPageTraceBehavior [ RunTime:0.001489s ]
INFO: [ app_end ] --END-- [ RunTime:0.001542s ]

[ 2016-06-15T15:13:28+08:00 ] 10.1.34.224 /todolist/index.php/Home/User/Login
INFO: [ app_init ] --START--
INFO: Run Behavior\BuildLiteBehavior [ RunTime:0.000013s ]
INFO: [ app_init ] --END-- [ RunTime:0.000668s ]
INFO: [ app_begin ] --START--
INFO: Run Behavior\ReadHtmlCacheBehavior [ RunTime:0.000862s ]
INFO: [ app_begin ] --END-- [ RunTime:0.000913s ]
SQL: SHOW COLUMNS FROM `userinfo` [ RunTime:0.0050s ]
SQL: SELECT * FROM `userinfo` WHERE `phonenumber` = '13672006807' AND `password` = 'e10adc3949ba59abbe56e057f20f883e' LIMIT 1   [ RunTime:0.0007s ]
INFO: [ app_end ] --START--
INFO: Run Behavior\ShowPageTraceBehavior [ RunTime:0.001106s ]
INFO: [ app_end ] --END-- [ RunTime:0.001148s ]

[ 2016-06-15T15:13:28+08:00 ] 10.1.34.224 /todolist/index.php/Home/Task/SynchronizeTask
INFO: [ app_init ] --START--
INFO: Run Behavior\BuildLiteBehavior [ RunTime:0.000013s ]
INFO: [ app_init ] --END-- [ RunTime:0.000540s ]
INFO: [ app_begin ] --START--
INFO: Run Behavior\ReadHtmlCacheBehavior [ RunTime:0.000824s ]
INFO: [ app_begin ] --END-- [ RunTime:0.000874s ]
SQL: SHOW COLUMNS FROM `userinfo` [ RunTime:0.0047s ]
NOTIC: [8] Undefined variable: UID D:\xampp\htdocs\todolist\Application\Home\Controller\TaskController.class.php 第 112 行.
SQL: SELECT * FROM `userinfo` WHERE `uid` = null LIMIT 1   [ RunTime:0.0003s ]
SQL: SELECT * FROM `userinfo` WHERE ( uid="aed711445a0cb87bade14ac7ceaef2d9" ) LIMIT 1   [ RunTime:0.0003s ]
SQL: SHOW COLUMNS FROM `taskinfoaed711445a0cb87bade14ac7ceaef2d9` [ RunTime:0.0033s ]
SQL: SELECT * FROM `taskinfoaed711445a0cb87bade14ac7ceaef2d9` WHERE ( state = 0 or state = 2 )  [ RunTime:0.0004s ]
NOTIC: [8] Undefined variable: taskModelArrInDatabase D:\xampp\htdocs\todolist\Application\Home\Controller\TaskController.class.php 第 132 行.
NOTIC: [2] array_keys() expects parameter 1 to be array, null given D:\xampp\htdocs\todolist\Application\Home\Controller\TaskController.class.php 第 132 行.
NOTIC: [2] array_keys() expects parameter 1 to be array, string given D:\xampp\htdocs\todolist\Application\Home\Controller\TaskController.class.php 第 136 行.
NOTIC: [2] Invalid argument supplied for foreach() D:\xampp\htdocs\todolist\Application\Home\Controller\TaskController.class.php 第 139 行.
NOTIC: [2] Invalid argument supplied for foreach() D:\xampp\htdocs\todolist\Application\Home\Controller\TaskController.class.php 第 217 行.
INFO: [ app_end ] --START--
INFO: Run Behavior\ShowPageTraceBehavior [ RunTime:0.001236s ]
INFO: [ app_end ] --END-- [ RunTime:0.001285s ]

[ 2016-06-15T15:20:59+08:00 ] 10.1.34.224 /todolist/index.php/Home/User/Login
INFO: [ app_init ] --START--
INFO: Run Behavior\BuildLiteBehavior [ RunTime:0.000014s ]
INFO: [ app_init ] --END-- [ RunTime:0.000574s ]
INFO: [ app_begin ] --START--
INFO: Run Behavior\ReadHtmlCacheBehavior [ RunTime:0.000791s ]
INFO: [ app_begin ] --END-- [ RunTime:0.000838s ]
SQL: SHOW COLUMNS FROM `userinfo` [ RunTime:0.0054s ]
SQL: SELECT * FROM `userinfo` WHERE `phonenumber` = '13672006807' AND `password` = 'e10adc3949ba59abbe56e057f20f883e' LIMIT 1   [ RunTime:0.0006s ]
INFO: [ app_end ] --START--
INFO: Run Behavior\ShowPageTraceBehavior [ RunTime:0.001189s ]
INFO: [ app_end ] --END-- [ RunTime:0.001243s ]

[ 2016-06-15T15:20:59+08:00 ] 10.1.34.224 /todolist/index.php/Home/Task/SynchronizeTask
INFO: [ app_init ] --START--
INFO: Run Behavior\BuildLiteBehavior [ RunTime:0.000012s ]
INFO: [ app_init ] --END-- [ RunTime:0.000473s ]
INFO: [ app_begin ] --START--
INFO: Run Behavior\ReadHtmlCacheBehavior [ RunTime:0.000787s ]
INFO: [ app_begin ] --END-- [ RunTime:0.000851s ]
SQL: SHOW COLUMNS FROM `userinfo` [ RunTime:0.0052s ]
NOTIC: [8] Undefined variable: UID D:\xampp\htdocs\todolist\Application\Home\Controller\TaskController.class.php 第 112 行.
SQL: SELECT * FROM `userinfo` WHERE `uid` = null LIMIT 1   [ RunTime:0.0007s ]
SQL: SELECT * FROM `userinfo` WHERE ( uid="aed711445a0cb87bade14ac7ceaef2d9" ) LIMIT 1   [ RunTime:0.0006s ]
SQL: SHOW COLUMNS FROM `taskinfoaed711445a0cb87bade14ac7ceaef2d9` [ RunTime:0.0046s ]
SQL: SELECT * FROM `taskinfoaed711445a0cb87bade14ac7ceaef2d9` WHERE ( state = 0 or state = 2 )  [ RunTime:0.0008s ]
NOTIC: [8] Undefined variable: taskModelArrInDatabase D:\xampp\htdocs\todolist\Application\Home\Controller\TaskController.class.php 第 132 行.
NOTIC: [2] array_keys() expects parameter 1 to be array, null given D:\xampp\htdocs\todolist\Application\Home\Controller\TaskController.class.php 第 132 行.
NOTIC: [2] array_keys() expects parameter 1 to be array, string given D:\xampp\htdocs\todolist\Application\Home\Controller\TaskController.class.php 第 136 行.
NOTIC: [2] Invalid argument supplied for foreach() D:\xampp\htdocs\todolist\Application\Home\Controller\TaskController.class.php 第 139 行.
NOTIC: [2] Invalid argument supplied for foreach() D:\xampp\htdocs\todolist\Application\Home\Controller\TaskController.class.php 第 217 行.
INFO: [ app_end ] --START--
INFO: Run Behavior\ShowPageTraceBehavior [ RunTime:0.001551s ]
INFO: [ app_end ] --END-- [ RunTime:0.001623s ]

[ 2016-06-15T15:42:13+08:00 ] 10.1.34.224 /todolist/index.php/Home/User/ChangeNickname
INFO: [ app_init ] --START--
INFO: Run Behavior\BuildLiteBehavior [ RunTime:0.000016s ]
INFO: [ app_init ] --END-- [ RunTime:0.000741s ]
INFO: [ app_begin ] --START--
INFO: Run Behavior\ReadHtmlCacheBehavior [ RunTime:0.001089s ]
INFO: [ app_begin ] --END-- [ RunTime:0.001162s ]
SQL: SHOW COLUMNS FROM `userinfo` [ RunTime:0.0045s ]
SQL: UPDATE `userinfo` SET `nickname`='Heh' WHERE `uid` = 'aed711445a0cb87bade14ac7ceaef2d9' [ RunTime:0.0029s ]
INFO: [ app_end ] --START--
INFO: Run Behavior\ShowPageTraceBehavior [ RunTime:0.001277s ]
INFO: [ app_end ] --END-- [ RunTime:0.001325s ]

[ 2016-06-15T15:42:28+08:00 ] 10.1.34.224 /todolist/index.php/Home/User/ChangeNickname
INFO: [ app_init ] --START--
INFO: Run Behavior\BuildLiteBehavior [ RunTime:0.000017s ]
INFO: [ app_init ] --END-- [ RunTime:0.000751s ]
INFO: [ app_begin ] --START--
INFO: Run Behavior\ReadHtmlCacheBehavior [ RunTime:0.001545s ]
INFO: [ app_begin ] --END-- [ RunTime:0.001673s ]
SQL: SHOW COLUMNS FROM `userinfo` [ RunTime:0.0055s ]
SQL: UPDATE `userinfo` SET `nickname`='Hehheheheee' WHERE `uid` = 'aed711445a0cb87bade14ac7ceaef2d9' [ RunTime:0.0024s ]
INFO: [ app_end ] --START--
INFO: Run Behavior\ShowPageTraceBehavior [ RunTime:0.001364s ]
INFO: [ app_end ] --END-- [ RunTime:0.001430s ]

[ 2016-06-15T15:45:13+08:00 ] 10.1.34.224 /todolist/index.php/Home/User/ChangePassword
INFO: [ app_init ] --START--
INFO: Run Behavior\BuildLiteBehavior [ RunTime:0.000013s ]
INFO: [ app_init ] --END-- [ RunTime:0.000499s ]
INFO: [ app_begin ] --START--
INFO: Run Behavior\ReadHtmlCacheBehavior [ RunTime:0.000780s ]
INFO: [ app_begin ] --END-- [ RunTime:0.000823s ]
SQL: SHOW COLUMNS FROM `userinfo` [ RunTime:0.0052s ]
SQL: UPDATE `userinfo` SET `password`='202cb962ac59075b964b07152d234b70' WHERE `uid` = 'aed711445a0cb87bade14ac7ceaef2d9' AND `password` = 'e10adc3949ba59abbe56e057f20f883e' [ RunTime:0.0026s ]
INFO: [ app_end ] --START--
INFO: Run Behavior\ShowPageTraceBehavior [ RunTime:0.001284s ]
INFO: [ app_end ] --END-- [ RunTime:0.001345s ]

[ 2016-06-15T15:45:28+08:00 ] 10.1.34.224 /todolist/index.php/Home/User/Login
INFO: [ app_init ] --START--
INFO: Run Behavior\BuildLiteBehavior [ RunTime:0.000012s ]
INFO: [ app_init ] --END-- [ RunTime:0.000476s ]
INFO: [ app_begin ] --START--
INFO: Run Behavior\ReadHtmlCacheBehavior [ RunTime:0.000978s ]
INFO: [ app_begin ] --END-- [ RunTime:0.001041s ]
SQL: SHOW COLUMNS FROM `userinfo` [ RunTime:0.0060s ]
SQL: SELECT * FROM `userinfo` WHERE `phonenumber` = '13672006807' AND `password` = 'c8f3c7fc80cf9be66ea3bdf64ba1c82d' LIMIT 1   [ RunTime:0.0005s ]
INFO: [ app_end ] --START--
INFO: Run Behavior\ShowPageTraceBehavior [ RunTime:0.001144s ]
INFO: [ app_end ] --END-- [ RunTime:0.001189s ]

[ 2016-06-15T15:45:40+08:00 ] 10.1.34.224 /todolist/index.php/Home/User/Login
INFO: [ app_init ] --START--
INFO: Run Behavior\BuildLiteBehavior [ RunTime:0.000011s ]
INFO: [ app_init ] --END-- [ RunTime:0.000501s ]
INFO: [ app_begin ] --START--
INFO: Run Behavior\ReadHtmlCacheBehavior [ RunTime:0.000871s ]
INFO: [ app_begin ] --END-- [ RunTime:0.000937s ]
SQL: SHOW COLUMNS FROM `userinfo` [ RunTime:0.0046s ]
SQL: SELECT * FROM `userinfo` WHERE `phonenumber` = '13672006807' AND `password` = 'e680019a47269963b710442b2b8f5ae6' LIMIT 1   [ RunTime:0.0004s ]
INFO: [ app_end ] --START--
INFO: Run Behavior\ShowPageTraceBehavior [ RunTime:0.001126s ]
INFO: [ app_end ] --END-- [ RunTime:0.001168s ]

[ 2016-06-15T15:45:52+08:00 ] 10.1.34.224 /todolist/index.php/Home/User/Login
INFO: [ app_init ] --START--
INFO: Run Behavior\BuildLiteBehavior [ RunTime:0.000012s ]
INFO: [ app_init ] --END-- [ RunTime:0.000505s ]
INFO: [ app_begin ] --START--
INFO: Run Behavior\ReadHtmlCacheBehavior [ RunTime:0.000776s ]
INFO: [ app_begin ] --END-- [ RunTime:0.000819s ]
SQL: SHOW COLUMNS FROM `userinfo` [ RunTime:0.0047s ]
SQL: SELECT * FROM `userinfo` WHERE `phonenumber` = '13672006807' AND `password` = '202cb962ac59075b964b07152d234b70' LIMIT 1   [ RunTime:0.0005s ]
INFO: [ app_end ] --START--
INFO: Run Behavior\ShowPageTraceBehavior [ RunTime:0.001581s ]
INFO: [ app_end ] --END-- [ RunTime:0.001651s ]

[ 2016-06-15T15:45:52+08:00 ] 10.1.34.224 /todolist/index.php/Home/Task/SynchronizeTask
INFO: [ app_init ] --START--
INFO: Run Behavior\BuildLiteBehavior [ RunTime:0.000012s ]
INFO: [ app_init ] --END-- [ RunTime:0.000505s ]
INFO: [ app_begin ] --START--
INFO: Run Behavior\ReadHtmlCacheBehavior [ RunTime:0.001074s ]
INFO: [ app_begin ] --END-- [ RunTime:0.001134s ]
SQL: SHOW COLUMNS FROM `userinfo` [ RunTime:0.0047s ]
NOTIC: [8] Undefined variable: UID D:\xampp\htdocs\todolist\Application\Home\Controller\TaskController.class.php 第 112 行.
SQL: SELECT * FROM `userinfo` WHERE `uid` = null LIMIT 1   [ RunTime:0.0003s ]
SQL: SELECT * FROM `userinfo` WHERE ( uid="aed711445a0cb87bade14ac7ceaef2d9" ) LIMIT 1   [ RunTime:0.0003s ]
SQL: SHOW COLUMNS FROM `taskinfoaed711445a0cb87bade14ac7ceaef2d9` [ RunTime:0.0036s ]
SQL: SELECT * FROM `taskinfoaed711445a0cb87bade14ac7ceaef2d9` WHERE ( state = 0 or state = 2 )  [ RunTime:0.0004s ]
NOTIC: [8] Undefined variable: taskModelArrInDatabase D:\xampp\htdocs\todolist\Application\Home\Controller\TaskController.class.php 第 132 行.
NOTIC: [2] array_keys() expects parameter 1 to be array, null given D:\xampp\htdocs\todolist\Application\Home\Controller\TaskController.class.php 第 132 行.
NOTIC: [2] array_keys() expects parameter 1 to be array, string given D:\xampp\htdocs\todolist\Application\Home\Controller\TaskController.class.php 第 136 行.
NOTIC: [2] Invalid argument supplied for foreach() D:\xampp\htdocs\todolist\Application\Home\Controller\TaskController.class.php 第 139 行.
NOTIC: [2] Invalid argument supplied for foreach() D:\xampp\htdocs\todolist\Application\Home\Controller\TaskController.class.php 第 217 行.
INFO: [ app_end ] --START--
INFO: Run Behavior\ShowPageTraceBehavior [ RunTime:0.001512s ]
INFO: [ app_end ] --END-- [ RunTime:0.001581s ]

[ 2016-06-15T15:51:16+08:00 ] 10.1.34.224 /todolist/index.php/Home/User/ChangeNickname
INFO: [ app_init ] --START--
INFO: Run Behavior\BuildLiteBehavior [ RunTime:0.000012s ]
INFO: [ app_init ] --END-- [ RunTime:0.000358s ]
INFO: [ app_begin ] --START--
INFO: Run Behavior\ReadHtmlCacheBehavior [ RunTime:0.000686s ]
INFO: [ app_begin ] --END-- [ RunTime:0.000741s ]
SQL: SHOW COLUMNS FROM `userinfo` [ RunTime:0.0047s ]
SQL: UPDATE `userinfo` SET `nickname`='He' WHERE `uid` = 'aed711445a0cb87bade14ac7ceaef2d9' [ RunTime:0.0032s ]
INFO: [ app_end ] --START--
INFO: Run Behavior\ShowPageTraceBehavior [ RunTime:0.000973s ]
INFO: [ app_end ] --END-- [ RunTime:0.001030s ]

[ 2016-06-15T15:51:27+08:00 ] 10.1.34.224 /todolist/index.php/Home/User/ChangePassword
INFO: [ app_init ] --START--
INFO: Run Behavior\BuildLiteBehavior [ RunTime:0.000020s ]
INFO: [ app_init ] --END-- [ RunTime:0.000783s ]
INFO: [ app_begin ] --START--
INFO: Run Behavior\ReadHtmlCacheBehavior [ RunTime:0.000508s ]
INFO: [ app_begin ] --END-- [ RunTime:0.000558s ]
SQL: SHOW COLUMNS FROM `userinfo` [ RunTime:0.0051s ]
SQL: UPDATE `userinfo` SET `password`='e10adc3949ba59abbe56e057f20f883e' WHERE `uid` = 'aed711445a0cb87bade14ac7ceaef2d9' AND `password` = '202cb962ac59075b964b07152d234b70' [ RunTime:0.0025s ]
INFO: [ app_end ] --START--
INFO: Run Behavior\ShowPageTraceBehavior [ RunTime:0.000728s ]
INFO: [ app_end ] --END-- [ RunTime:0.000792s ]

[ 2016-06-15T16:08:25+08:00 ] 10.1.34.224 /todolist/index.php/Home/User/ChangePassword
INFO: [ app_init ] --START--
INFO: Run Behavior\BuildLiteBehavior [ RunTime:0.000014s ]
INFO: [ app_init ] --END-- [ RunTime:0.000522s ]
INFO: [ app_begin ] --START--
INFO: Run Behavior\ReadHtmlCacheBehavior [ RunTime:0.000969s ]
INFO: [ app_begin ] --END-- [ RunTime:0.001020s ]
SQL: SHOW COLUMNS FROM `userinfo` [ RunTime:0.0047s ]
SQL: UPDATE `userinfo` SET `password`='202cb962ac59075b964b07152d234b70' WHERE `uid` = 'aed711445a0cb87bade14ac7ceaef2d9' AND `password` = 'e10adc3949ba59abbe56e057f20f883e' [ RunTime:0.0028s ]
INFO: [ app_end ] --START--
INFO: Run Behavior\ShowPageTraceBehavior [ RunTime:0.001087s ]
INFO: [ app_end ] --END-- [ RunTime:0.001133s ]

[ 2016-06-15T16:24:22+08:00 ] 127.0.0.1 /todolist/index.php/Home/User/createDatabaseAndUserInfoTable
INFO: [ app_init ] --START--
INFO: Run Behavior\BuildLiteBehavior [ RunTime:0.000012s ]
INFO: [ app_init ] --END-- [ RunTime:0.000326s ]
INFO: [ app_begin ] --START--
INFO: Run Behavior\ReadHtmlCacheBehavior [ RunTime:0.000721s ]
INFO: [ app_begin ] --END-- [ RunTime:0.000765s ]
NOTIC: [8192] mysql_connect(): The mysql extension is deprecated and will be removed in the future: use mysqli or PDO instead D:\xampp\htdocs\todolist\Application\Home\Controller\UserController.class.php 第 120 行.

[ 2016-06-15T16:24:58+08:00 ] 127.0.0.1 /todolist/index.php/Home/User/createDatabaseAndUserInfoTable
INFO: [ app_init ] --START--
INFO: Run Behavior\BuildLiteBehavior [ RunTime:0.000012s ]
INFO: [ app_init ] --END-- [ RunTime:0.000418s ]
INFO: [ app_begin ] --START--
INFO: Run Behavior\ReadHtmlCacheBehavior [ RunTime:0.001312s ]
INFO: [ app_begin ] --END-- [ RunTime:0.001383s ]
NOTIC: [8192] mysql_connect(): The mysql extension is deprecated and will be removed in the future: use mysqli or PDO instead D:\xampp\htdocs\todolist\Application\Home\Controller\UserController.class.php 第 120 行.
NOTIC: [8] Use of undefined constant sql1 - assumed 'sql1' D:\xampp\htdocs\todolist\Application\Home\Controller\UserController.class.php 第 127 行.

[ 2016-06-15T16:25:12+08:00 ] 127.0.0.1 /todolist/index.php/Home/User/createDatabaseAndUserInfoTable
INFO: [ app_init ] --START--
INFO: Run Behavior\BuildLiteBehavior [ RunTime:0.000013s ]
INFO: [ app_init ] --END-- [ RunTime:0.000577s ]
INFO: [ app_begin ] --START--
INFO: Run Behavior\ReadHtmlCacheBehavior [ RunTime:0.001153s ]
INFO: [ app_begin ] --END-- [ RunTime:0.001224s ]
NOTIC: [8192] mysql_connect(): The mysql extension is deprecated and will be removed in the future: use mysqli or PDO instead D:\xampp\htdocs\todolist\Application\Home\Controller\UserController.class.php 第 120 行.
NOTIC: [8] Use of undefined constant sql1 - assumed 'sql1' D:\xampp\htdocs\todolist\Application\Home\Controller\UserController.class.php 第 127 行.

[ 2016-06-15T16:25:58+08:00 ] 127.0.0.1 /todolist/index.php/Home/User/createDatabaseAndUserInfoTable
INFO: [ app_init ] --START--
INFO: Run Behavior\BuildLiteBehavior [ RunTime:0.000013s ]
INFO: [ app_init ] --END-- [ RunTime:0.000757s ]
INFO: [ app_begin ] --START--
INFO: Run Behavior\ReadHtmlCacheBehavior [ RunTime:0.001626s ]
INFO: [ app_begin ] --END-- [ RunTime:0.001674s ]
NOTIC: [8192] mysql_connect(): The mysql extension is deprecated and will be removed in the future: use mysqli or PDO instead D:\xampp\htdocs\todolist\Application\Home\Controller\UserController.class.php 第 120 行.
NOTIC: [8] Use of undefined constant sql1 - assumed 'sql1' D:\xampp\htdocs\todolist\Application\Home\Controller\UserController.class.php 第 127 行.

[ 2016-06-15T16:30:58+08:00 ] 127.0.0.1 /todolist/index.php/Home/User/createDatabaseAndUserInfoTable
INFO: [ app_init ] --START--
INFO: Run Behavior\BuildLiteBehavior [ RunTime:0.000015s ]
INFO: [ app_init ] --END-- [ RunTime:0.000566s ]
INFO: [ app_begin ] --START--
INFO: Run Behavior\ReadHtmlCacheBehavior [ RunTime:0.000999s ]
INFO: [ app_begin ] --END-- [ RunTime:0.001045s ]
NOTIC: [8192] mysql_connect(): The mysql extension is deprecated and will be removed in the future: use mysqli or PDO instead D:\xampp\htdocs\todolist\Application\Home\Controller\UserController.class.php 第 120 行.
NOTIC: [8] Use of undefined constant sql1 - assumed 'sql1' D:\xampp\htdocs\todolist\Application\Home\Controller\UserController.class.php 第 127 行.

[ 2016-06-15T16:31:11+08:00 ] 127.0.0.1 /todolist/index.php/Home/User/createDatabaseAndUserInfoTable
INFO: [ app_init ] --START--
INFO: Run Behavior\BuildLiteBehavior [ RunTime:0.000013s ]
INFO: [ app_init ] --END-- [ RunTime:0.000707s ]
INFO: [ app_begin ] --START--
INFO: Run Behavior\ReadHtmlCacheBehavior [ RunTime:0.001776s ]
INFO: [ app_begin ] --END-- [ RunTime:0.001835s ]
NOTIC: [8192] mysql_connect(): The mysql extension is deprecated and will be removed in the future: use mysqli or PDO instead D:\xampp\htdocs\todolist\Application\Home\Controller\UserController.class.php 第 120 行.
INFO: [ app_end ] --START--
INFO: Run Behavior\ShowPageTraceBehavior [ RunTime:0.002166s ]
INFO: [ app_end ] --END-- [ RunTime:0.002286s ]

[ 2016-06-15T19:09:33+08:00 ] 127.0.0.1 /todolist/index.php/Home/User/createDatabaseAndUserInfoTable
INFO: [ app_init ] --START--
INFO: Run Behavior\BuildLiteBehavior [ RunTime:0.000013s ]
INFO: [ app_init ] --END-- [ RunTime:0.000661s ]
INFO: [ app_begin ] --START--
INFO: Run Behavior\ReadHtmlCacheBehavior [ RunTime:0.000881s ]
INFO: [ app_begin ] --END-- [ RunTime:0.000930s ]
NOTIC: [8192] mysql_connect(): The mysql extension is deprecated and will be removed in the future: use mysqli or PDO instead D:\xampp\htdocs\todolist\Application\Home\Controller\UserController.class.php 第 120 行.
INFO: [ app_end ] --START--
INFO: Run Behavior\ShowPageTraceBehavior [ RunTime:0.001158s ]
INFO: [ app_end ] --END-- [ RunTime:0.001244s ]

[ 2016-06-15T19:10:16+08:00 ] 127.0.0.1 /todolist/index.php/Home/User/createDatabaseAndUserInfoTable
INFO: [ app_init ] --START--
INFO: Run Behavior\BuildLiteBehavior [ RunTime:0.000013s ]
INFO: [ app_init ] --END-- [ RunTime:0.000815s ]
INFO: [ app_begin ] --START--
INFO: Run Behavior\ReadHtmlCacheBehavior [ RunTime:0.002428s ]
INFO: [ app_begin ] --END-- [ RunTime:0.002495s ]
NOTIC: [8192] mysql_connect(): The mysql extension is deprecated and will be removed in the future: use mysqli or PDO instead D:\xampp\htdocs\todolist\Application\Home\Controller\UserController.class.php 第 120 行.

