[ 2016-06-11T00:03:18+08:00 ] 172.24.78.206 /todolist/index.php/Home/User/Login
INFO: [ app_init ] --START--
INFO: Run Behavior\BuildLiteBehavior [ RunTime:0.000016s ]
INFO: [ app_init ] --END-- [ RunTime:0.000469s ]
INFO: [ app_begin ] --START--
INFO: Run Behavior\ReadHtmlCacheBehavior [ RunTime:0.000689s ]
INFO: [ app_begin ] --END-- [ RunTime:0.000732s ]
SQL: SHOW COLUMNS FROM `userinfo` [ RunTime:0.0045s ]
SQL: SELECT * FROM `userinfo` WHERE `phonenumber` = '13652060857' AND `password` = 'e10adc3949ba59abbe56e057f20f883e' LIMIT 1   [ RunTime:0.0009s ]
INFO: [ app_end ] --START--
INFO: Run Behavior\ShowPageTraceBehavior [ RunTime:0.001039s ]
INFO: [ app_end ] --END-- [ RunTime:0.001110s ]

[ 2016-06-11T00:03:19+08:00 ] 172.24.78.206 /todolist/index.php/Home/Task/SynchronizeTask
INFO: [ app_init ] --START--
INFO: Run Behavior\BuildLiteBehavior [ RunTime:0.000012s ]
INFO: [ app_init ] --END-- [ RunTime:0.000336s ]
INFO: [ app_begin ] --START--
INFO: Run Behavior\ReadHtmlCacheBehavior [ RunTime:0.000429s ]
INFO: [ app_begin ] --END-- [ RunTime:0.000470s ]
SQL: SHOW COLUMNS FROM `userinfo` [ RunTime:0.0049s ]
NOTIC: [8] Undefined variable: UID D:\xampp\htdocs\todolist\Application\Home\Controller\TaskController.class.php 第 127 行.
SQL: SELECT * FROM `userinfo` WHERE `uid` = null LIMIT 1   [ RunTime:0.0005s ]
SQL: SELECT * FROM `userinfo` WHERE ( uid="24ff66ac4a2aed59aae76d570a87a6e5" ) LIMIT 1   [ RunTime:0.0004s ]
SQL: SHOW COLUMNS FROM `taskinfo24ff66ac4a2aed59aae76d570a87a6e5` [ RunTime:0.0036s ]
SQL: SELECT * FROM `taskinfo24ff66ac4a2aed59aae76d570a87a6e5` WHERE ( state = 0 or state = 2 )  [ RunTime:0.0005s ]
NOTIC: [2] Invalid argument supplied for foreach() D:\xampp\htdocs\todolist\Application\Home\Controller\TaskController.class.php 第 152 行.
NOTIC: [8] Undefined index: createtime D:\xampp\htdocs\todolist\Application\Home\Controller\TaskController.class.php 第 208 行.
NOTIC: [2] array_key_exists() expects parameter 2 to be array, string given D:\xampp\htdocs\todolist\Application\Home\Controller\TaskController.class.php 第 208 行.
INFO: [ app_end ] --START--
INFO: Run Behavior\ShowPageTraceBehavior [ RunTime:0.000620s ]
INFO: [ app_end ] --END-- [ RunTime:0.000659s ]

[ 2016-06-11T00:05:09+08:00 ] 172.24.78.206 /todolist/index.php/Home/Task/SynchronizeTask
INFO: [ app_init ] --START--
INFO: Run Behavior\BuildLiteBehavior [ RunTime:0.000018s ]
INFO: [ app_init ] --END-- [ RunTime:0.000347s ]
INFO: [ app_begin ] --START--
INFO: Run Behavior\ReadHtmlCacheBehavior [ RunTime:0.000413s ]
INFO: [ app_begin ] --END-- [ RunTime:0.000454s ]
SQL: SHOW COLUMNS FROM `userinfo` [ RunTime:0.0050s ]
NOTIC: [8] Undefined variable: UID D:\xampp\htdocs\todolist\Application\Home\Controller\TaskController.class.php 第 127 行.
SQL: SELECT * FROM `userinfo` WHERE `uid` = null LIMIT 1   [ RunTime:0.0009s ]
SQL: SELECT * FROM `userinfo` WHERE ( uid="24ff66ac4a2aed59aae76d570a87a6e5" ) LIMIT 1   [ RunTime:0.0007s ]
SQL: SHOW COLUMNS FROM `taskinfo24ff66ac4a2aed59aae76d570a87a6e5` [ RunTime:0.0036s ]
SQL: SELECT * FROM `taskinfo24ff66ac4a2aed59aae76d570a87a6e5` WHERE ( state = 0 or state = 2 )  [ RunTime:0.0009s ]
NOTIC: [2] Invalid argument supplied for foreach() D:\xampp\htdocs\todolist\Application\Home\Controller\TaskController.class.php 第 152 行.
NOTIC: [8] Undefined index: createtime D:\xampp\htdocs\todolist\Application\Home\Controller\TaskController.class.php 第 208 行.
NOTIC: [2] array_key_exists() expects parameter 2 to be array, string given D:\xampp\htdocs\todolist\Application\Home\Controller\TaskController.class.php 第 208 行.
INFO: [ app_end ] --START--
INFO: Run Behavior\ShowPageTraceBehavior [ RunTime:0.000677s ]
INFO: [ app_end ] --END-- [ RunTime:0.000733s ]

