[ 2016-07-03T13:53:43+08:00 ] 192.168.191.2 /todolist/index.php/Home/User/FindPassword
INFO: [ app_init ] --START--
INFO: Run Behavior\BuildLiteBehavior [ RunTime:0.000019s ]
INFO: [ app_init ] --END-- [ RunTime:0.000649s ]
INFO: [ app_begin ] --START--
INFO: Run Behavior\ReadHtmlCacheBehavior [ RunTime:0.001058s ]
INFO: [ app_begin ] --END-- [ RunTime:0.001141s ]
SQL: SHOW COLUMNS FROM `userinfo` [ RunTime:0.0036s ]
SQL: SELECT * FROM `userinfo` WHERE `phonenumber` = '18222773726' LIMIT 1   [ RunTime:0.0023s ]
INFO: [ app_end ] --START--
INFO: Run Behavior\ShowPageTraceBehavior [ RunTime:0.001147s ]
INFO: [ app_end ] --END-- [ RunTime:0.001215s ]

[ 2016-07-03T13:54:37+08:00 ] 192.168.191.2 /todolist/index.php/Home/User/SignUp
INFO: [ app_init ] --START--
INFO: Run Behavior\BuildLiteBehavior [ RunTime:0.000013s ]
INFO: [ app_init ] --END-- [ RunTime:0.000382s ]
INFO: [ app_begin ] --START--
INFO: Run Behavior\ReadHtmlCacheBehavior [ RunTime:0.000588s ]
INFO: [ app_begin ] --END-- [ RunTime:0.000641s ]
SQL: SHOW COLUMNS FROM `userinfo` [ RunTime:0.0050s ]
SQL: SELECT * FROM `userinfo` WHERE `phonenumber` = '18222773726' LIMIT 1   [ RunTime:0.0010s ]
NOTIC: [8192] mysql_connect(): The mysql extension is deprecated and will be removed in the future: use mysqli or PDO instead D:\xampp\htdocs\todolist\Application\Home\Controller\UserController.class.php 第 123 行.
SQL: INSERT INTO `userinfo` (`uid`,`phonenumber`,`password`,`nickname`) VALUES ('563ee28c72b9f16bdec3c1a41fc38690','18222773726','e10adc3949ba59abbe56e057f20f883e','Xcy') [ RunTime:0.0023s ]
INFO: [ app_end ] --START--
INFO: Run Behavior\ShowPageTraceBehavior [ RunTime:0.000770s ]
INFO: [ app_end ] --END-- [ RunTime:0.000832s ]

[ 2016-07-03T13:54:52+08:00 ] 192.168.191.2 /todolist/index.php/Home/User/Login
INFO: [ app_init ] --START--
INFO: Run Behavior\BuildLiteBehavior [ RunTime:0.000010s ]
INFO: [ app_init ] --END-- [ RunTime:0.000301s ]
INFO: [ app_begin ] --START--
INFO: Run Behavior\ReadHtmlCacheBehavior [ RunTime:0.000364s ]
INFO: [ app_begin ] --END-- [ RunTime:0.000403s ]
SQL: SHOW COLUMNS FROM `userinfo` [ RunTime:0.0043s ]
SQL: SELECT * FROM `userinfo` WHERE `phonenumber` = '18222773726' AND `password` = 'fcea920f7412b5da7be0cf42b8c93759' LIMIT 1   [ RunTime:0.0004s ]
INFO: [ app_end ] --START--
INFO: Run Behavior\ShowPageTraceBehavior [ RunTime:0.000577s ]
INFO: [ app_end ] --END-- [ RunTime:0.000618s ]

[ 2016-07-03T13:54:57+08:00 ] 192.168.191.2 /todolist/index.php/Home/User/Login
INFO: [ app_init ] --START--
INFO: Run Behavior\BuildLiteBehavior [ RunTime:0.000011s ]
INFO: [ app_init ] --END-- [ RunTime:0.000306s ]
INFO: [ app_begin ] --START--
INFO: Run Behavior\ReadHtmlCacheBehavior [ RunTime:0.000378s ]
INFO: [ app_begin ] --END-- [ RunTime:0.000422s ]
SQL: SHOW COLUMNS FROM `userinfo` [ RunTime:0.0597s ]
SQL: SELECT * FROM `userinfo` WHERE `phonenumber` = '18222773726' AND `password` = 'e10adc3949ba59abbe56e057f20f883e' LIMIT 1   [ RunTime:0.0014s ]
INFO: [ app_end ] --START--
INFO: Run Behavior\ShowPageTraceBehavior [ RunTime:0.000554s ]
INFO: [ app_end ] --END-- [ RunTime:0.000597s ]

[ 2016-07-03T13:54:57+08:00 ] 192.168.191.2 /todolist/index.php/Home/Task/SynchronizeTask
INFO: [ app_init ] --START--
INFO: Run Behavior\BuildLiteBehavior [ RunTime:0.000012s ]
INFO: [ app_init ] --END-- [ RunTime:0.000339s ]
INFO: [ app_begin ] --START--
INFO: Run Behavior\ReadHtmlCacheBehavior [ RunTime:0.000399s ]
INFO: [ app_begin ] --END-- [ RunTime:0.000441s ]
SQL: SHOW COLUMNS FROM `userinfo` [ RunTime:0.0046s ]
NOTIC: [8] Undefined variable: UID D:\xampp\htdocs\todolist\Application\Home\Controller\TaskController.class.php 第 112 行.
SQL: SELECT * FROM `userinfo` WHERE `uid` = null LIMIT 1   [ RunTime:0.0011s ]
SQL: SELECT * FROM `userinfo` WHERE ( uid="563ee28c72b9f16bdec3c1a41fc38690" ) LIMIT 1   [ RunTime:0.0010s ]
SQL: SHOW COLUMNS FROM `taskinfo563ee28c72b9f16bdec3c1a41fc38690` [ RunTime:0.0041s ]
SQL: SELECT * FROM `taskinfo563ee28c72b9f16bdec3c1a41fc38690` WHERE ( state = 0 or state = 2 )  [ RunTime:0.0011s ]
NOTIC: [8] Undefined variable: taskModelArrInDatabase D:\xampp\htdocs\todolist\Application\Home\Controller\TaskController.class.php 第 132 行.
NOTIC: [2] array_keys() expects parameter 1 to be array, null given D:\xampp\htdocs\todolist\Application\Home\Controller\TaskController.class.php 第 132 行.
NOTIC: [2] array_keys() expects parameter 1 to be array, string given D:\xampp\htdocs\todolist\Application\Home\Controller\TaskController.class.php 第 136 行.
NOTIC: [2] Invalid argument supplied for foreach() D:\xampp\htdocs\todolist\Application\Home\Controller\TaskController.class.php 第 139 行.
NOTIC: [2] Invalid argument supplied for foreach() D:\xampp\htdocs\todolist\Application\Home\Controller\TaskController.class.php 第 217 行.
INFO: [ app_end ] --START--
INFO: Run Behavior\ShowPageTraceBehavior [ RunTime:0.000592s ]
INFO: [ app_end ] --END-- [ RunTime:0.000634s ]

[ 2016-07-03T13:55:43+08:00 ] 192.168.191.2 /todolist/index.php/Home/User/FindPassword
INFO: [ app_init ] --START--
INFO: Run Behavior\BuildLiteBehavior [ RunTime:0.000011s ]
INFO: [ app_init ] --END-- [ RunTime:0.000406s ]
INFO: [ app_begin ] --START--
INFO: Run Behavior\ReadHtmlCacheBehavior [ RunTime:0.000971s ]
INFO: [ app_begin ] --END-- [ RunTime:0.001015s ]
SQL: SHOW COLUMNS FROM `userinfo` [ RunTime:0.0051s ]
SQL: SELECT * FROM `userinfo` WHERE `phonenumber` = '18222773726' LIMIT 1   [ RunTime:0.0009s ]
INFO: [ app_end ] --START--
INFO: Run Behavior\ShowPageTraceBehavior [ RunTime:0.001345s ]
INFO: [ app_end ] --END-- [ RunTime:0.001395s ]

[ 2016-07-03T13:55:49+08:00 ] 192.168.191.2 /todolist/index.php/Home/User/FindPassword
INFO: [ app_init ] --START--
INFO: Run Behavior\BuildLiteBehavior [ RunTime:0.000011s ]
INFO: [ app_init ] --END-- [ RunTime:0.000322s ]
INFO: [ app_begin ] --START--
INFO: Run Behavior\ReadHtmlCacheBehavior [ RunTime:0.000949s ]
INFO: [ app_begin ] --END-- [ RunTime:0.001003s ]
SQL: SHOW COLUMNS FROM `userinfo` [ RunTime:0.0044s ]
SQL: SELECT * FROM `userinfo` WHERE `phonenumber` = '18222773726' LIMIT 1   [ RunTime:0.0010s ]
INFO: [ app_end ] --START--
INFO: Run Behavior\ShowPageTraceBehavior [ RunTime:0.001234s ]
INFO: [ app_end ] --END-- [ RunTime:0.001277s ]

[ 2016-07-03T13:58:44+08:00 ] 192.168.191.2 /todolist/index.php/Home/User/FindPassword
INFO: [ app_init ] --START--
INFO: Run Behavior\BuildLiteBehavior [ RunTime:0.000011s ]
INFO: [ app_init ] --END-- [ RunTime:0.000390s ]
INFO: [ app_begin ] --START--
INFO: Run Behavior\ReadHtmlCacheBehavior [ RunTime:0.000942s ]
INFO: [ app_begin ] --END-- [ RunTime:0.001002s ]
SQL: SHOW COLUMNS FROM `userinfo` [ RunTime:0.0050s ]
SQL: SELECT * FROM `userinfo` WHERE `phonenumber` = '18222773726' LIMIT 1   [ RunTime:0.0012s ]
INFO: [ app_end ] --START--
INFO: Run Behavior\ShowPageTraceBehavior [ RunTime:0.001291s ]
INFO: [ app_end ] --END-- [ RunTime:0.001337s ]

[ 2016-07-03T13:58:47+08:00 ] 192.168.191.2 /todolist/index.php/Home/User/FindPassword
INFO: [ app_init ] --START--
INFO: Run Behavior\BuildLiteBehavior [ RunTime:0.000012s ]
INFO: [ app_init ] --END-- [ RunTime:0.000315s ]
INFO: [ app_begin ] --START--
INFO: Run Behavior\ReadHtmlCacheBehavior [ RunTime:0.000953s ]
INFO: [ app_begin ] --END-- [ RunTime:0.000994s ]
SQL: SHOW COLUMNS FROM `userinfo` [ RunTime:0.0051s ]
SQL: SELECT * FROM `userinfo` WHERE `phonenumber` = '18222773726' LIMIT 1   [ RunTime:0.0006s ]
INFO: [ app_end ] --START--
INFO: Run Behavior\ShowPageTraceBehavior [ RunTime:0.001258s ]
INFO: [ app_end ] --END-- [ RunTime:0.001304s ]

[ 2016-07-03T14:02:36+08:00 ] 192.168.191.2 /todolist/index.php/Home/User/Login
INFO: [ app_init ] --START--
INFO: Run Behavior\BuildLiteBehavior [ RunTime:0.000011s ]
INFO: [ app_init ] --END-- [ RunTime:0.000399s ]
INFO: [ app_begin ] --START--
INFO: Run Behavior\ReadHtmlCacheBehavior [ RunTime:0.001056s ]
INFO: [ app_begin ] --END-- [ RunTime:0.001111s ]
SQL: SHOW COLUMNS FROM `userinfo` [ RunTime:0.0042s ]
SQL: SELECT * FROM `userinfo` WHERE `phonenumber` = '18222773726' AND `password` = 'e10adc3949ba59abbe56e057f20f883e' LIMIT 1   [ RunTime:0.0013s ]
INFO: [ app_end ] --START--
INFO: Run Behavior\ShowPageTraceBehavior [ RunTime:0.001254s ]
INFO: [ app_end ] --END-- [ RunTime:0.001299s ]

[ 2016-07-03T14:02:36+08:00 ] 192.168.191.2 /todolist/index.php/Home/Task/SynchronizeTask
INFO: [ app_init ] --START--
INFO: Run Behavior\BuildLiteBehavior [ RunTime:0.000011s ]
INFO: [ app_init ] --END-- [ RunTime:0.000334s ]
INFO: [ app_begin ] --START--
INFO: Run Behavior\ReadHtmlCacheBehavior [ RunTime:0.001035s ]
INFO: [ app_begin ] --END-- [ RunTime:0.001081s ]
SQL: SHOW COLUMNS FROM `userinfo` [ RunTime:0.0052s ]
NOTIC: [8] Undefined variable: UID D:\xampp\htdocs\todolist\Application\Home\Controller\TaskController.class.php 第 112 行.
SQL: SELECT * FROM `userinfo` WHERE `uid` = null LIMIT 1   [ RunTime:0.0005s ]
SQL: SELECT * FROM `userinfo` WHERE ( uid="563ee28c72b9f16bdec3c1a41fc38690" ) LIMIT 1   [ RunTime:0.0008s ]
SQL: SHOW COLUMNS FROM `taskinfo563ee28c72b9f16bdec3c1a41fc38690` [ RunTime:0.0039s ]
SQL: SELECT * FROM `taskinfo563ee28c72b9f16bdec3c1a41fc38690` WHERE ( state = 0 or state = 2 )  [ RunTime:0.0008s ]
NOTIC: [8] Undefined variable: taskModelArrInDatabase D:\xampp\htdocs\todolist\Application\Home\Controller\TaskController.class.php 第 132 行.
NOTIC: [2] array_keys() expects parameter 1 to be array, null given D:\xampp\htdocs\todolist\Application\Home\Controller\TaskController.class.php 第 132 行.
NOTIC: [2] array_keys() expects parameter 1 to be array, string given D:\xampp\htdocs\todolist\Application\Home\Controller\TaskController.class.php 第 136 行.
NOTIC: [2] Invalid argument supplied for foreach() D:\xampp\htdocs\todolist\Application\Home\Controller\TaskController.class.php 第 139 行.
NOTIC: [2] Invalid argument supplied for foreach() D:\xampp\htdocs\todolist\Application\Home\Controller\TaskController.class.php 第 217 行.
INFO: [ app_end ] --START--
INFO: Run Behavior\ShowPageTraceBehavior [ RunTime:0.001280s ]
INFO: [ app_end ] --END-- [ RunTime:0.001320s ]

[ 2016-07-03T14:02:53+08:00 ] 192.168.191.2 /todolist/index.php/Home/User/FindPassword
INFO: [ app_init ] --START--
INFO: Run Behavior\BuildLiteBehavior [ RunTime:0.000010s ]
INFO: [ app_init ] --END-- [ RunTime:0.000336s ]
INFO: [ app_begin ] --START--
INFO: Run Behavior\ReadHtmlCacheBehavior [ RunTime:0.000654s ]
INFO: [ app_begin ] --END-- [ RunTime:0.000698s ]
SQL: SHOW COLUMNS FROM `userinfo` [ RunTime:0.0057s ]
SQL: SELECT * FROM `userinfo` WHERE `phonenumber` = '18222773726' LIMIT 1   [ RunTime:0.0012s ]
INFO: [ app_end ] --START--
INFO: Run Behavior\ShowPageTraceBehavior [ RunTime:0.000772s ]
INFO: [ app_end ] --END-- [ RunTime:0.000818s ]

[ 2016-07-03T14:04:16+08:00 ] 192.168.191.2 /todolist/index.php/Home/User/FindPassword
INFO: [ app_init ] --START--
INFO: Run Behavior\BuildLiteBehavior [ RunTime:0.000012s ]
INFO: [ app_init ] --END-- [ RunTime:0.000341s ]
INFO: [ app_begin ] --START--
INFO: Run Behavior\ReadHtmlCacheBehavior [ RunTime:0.000410s ]
INFO: [ app_begin ] --END-- [ RunTime:0.000452s ]
SQL: SHOW COLUMNS FROM `userinfo` [ RunTime:0.0046s ]
SQL: SELECT * FROM `userinfo` WHERE `phonenumber` = '18222773726' LIMIT 1   [ RunTime:0.0004s ]
INFO: [ app_end ] --START--
INFO: Run Behavior\ShowPageTraceBehavior [ RunTime:0.000589s ]
INFO: [ app_end ] --END-- [ RunTime:0.000634s ]

[ 2016-07-03T14:05:14+08:00 ] 192.168.191.2 /todolist/index.php/Home/User/FindPassword
INFO: [ app_init ] --START--
INFO: Run Behavior\BuildLiteBehavior [ RunTime:0.000012s ]
INFO: [ app_init ] --END-- [ RunTime:0.000386s ]
INFO: [ app_begin ] --START--
INFO: Run Behavior\ReadHtmlCacheBehavior [ RunTime:0.000605s ]
INFO: [ app_begin ] --END-- [ RunTime:0.000648s ]
SQL: SHOW COLUMNS FROM `userinfo` [ RunTime:0.0046s ]
SQL: SELECT * FROM `userinfo` WHERE `phonenumber` = '18222773726' LIMIT 1   [ RunTime:0.0006s ]
INFO: [ app_end ] --START--
INFO: Run Behavior\ShowPageTraceBehavior [ RunTime:0.000745s ]
INFO: [ app_end ] --END-- [ RunTime:0.000799s ]

[ 2016-07-03T14:05:58+08:00 ] 192.168.191.2 /todolist/index.php/Home/User/FindPassword
INFO: [ app_init ] --START--
INFO: Run Behavior\BuildLiteBehavior [ RunTime:0.000011s ]
INFO: [ app_init ] --END-- [ RunTime:0.000334s ]
INFO: [ app_begin ] --START--
INFO: Run Behavior\ReadHtmlCacheBehavior [ RunTime:0.000396s ]
INFO: [ app_begin ] --END-- [ RunTime:0.000438s ]
SQL: SHOW COLUMNS FROM `userinfo` [ RunTime:0.0052s ]
SQL: SELECT * FROM `userinfo` WHERE `phonenumber` = '18222773726' LIMIT 1   [ RunTime:0.0009s ]
INFO: [ app_end ] --START--
INFO: Run Behavior\ShowPageTraceBehavior [ RunTime:0.000566s ]
INFO: [ app_end ] --END-- [ RunTime:0.000611s ]

[ 2016-07-03T14:06:43+08:00 ] 192.168.191.2 /todolist/index.php/Home/User/FindPassword
INFO: [ app_init ] --START--
INFO: Run Behavior\BuildLiteBehavior [ RunTime:0.000011s ]
INFO: [ app_init ] --END-- [ RunTime:0.000323s ]
INFO: [ app_begin ] --START--
INFO: Run Behavior\ReadHtmlCacheBehavior [ RunTime:0.000365s ]
INFO: [ app_begin ] --END-- [ RunTime:0.000405s ]
SQL: SHOW COLUMNS FROM `userinfo` [ RunTime:0.0052s ]
SQL: SELECT * FROM `userinfo` WHERE `phonenumber` = '18222773726' LIMIT 1   [ RunTime:0.0011s ]
INFO: [ app_end ] --START--
INFO: Run Behavior\ShowPageTraceBehavior [ RunTime:0.000572s ]
INFO: [ app_end ] --END-- [ RunTime:0.000616s ]

[ 2016-07-03T14:07:18+08:00 ] 192.168.191.2 /todolist/index.php/Home/User/FindPassword
INFO: [ app_init ] --START--
INFO: Run Behavior\BuildLiteBehavior [ RunTime:0.000011s ]
INFO: [ app_init ] --END-- [ RunTime:0.000387s ]
INFO: [ app_begin ] --START--
INFO: Run Behavior\ReadHtmlCacheBehavior [ RunTime:0.000613s ]
INFO: [ app_begin ] --END-- [ RunTime:0.000656s ]
SQL: SHOW COLUMNS FROM `userinfo` [ RunTime:0.0049s ]
SQL: SELECT * FROM `userinfo` WHERE `phonenumber` = '18222773726' LIMIT 1   [ RunTime:0.0009s ]
SQL: UPDATE `userinfo` SET `password`='96e79218965eb72c92a549dd5a330112' WHERE `phonenumber` = '18222773726' [ RunTime:0.0034s ]
INFO: [ app_end ] --START--
INFO: Run Behavior\ShowPageTraceBehavior [ RunTime:0.000815s ]
INFO: [ app_end ] --END-- [ RunTime:0.000860s ]

[ 2016-07-03T14:07:29+08:00 ] 192.168.191.2 /todolist/index.php/Home/User/Login
INFO: [ app_init ] --START--
INFO: Run Behavior\BuildLiteBehavior [ RunTime:0.000022s ]
INFO: [ app_init ] --END-- [ RunTime:0.000359s ]
INFO: [ app_begin ] --START--
INFO: Run Behavior\ReadHtmlCacheBehavior [ RunTime:0.000393s ]
INFO: [ app_begin ] --END-- [ RunTime:0.000434s ]
SQL: SHOW COLUMNS FROM `userinfo` [ RunTime:0.0050s ]
SQL: SELECT * FROM `userinfo` WHERE `phonenumber` = '18222773726' AND `password` = '96e79218965eb72c92a549dd5a330112' LIMIT 1   [ RunTime:0.0011s ]
INFO: [ app_end ] --START--
INFO: Run Behavior\ShowPageTraceBehavior [ RunTime:0.000544s ]
INFO: [ app_end ] --END-- [ RunTime:0.000587s ]

[ 2016-07-03T14:07:29+08:00 ] 192.168.191.2 /todolist/index.php/Home/Task/SynchronizeTask
INFO: [ app_init ] --START--
INFO: Run Behavior\BuildLiteBehavior [ RunTime:0.000012s ]
INFO: [ app_init ] --END-- [ RunTime:0.000342s ]
INFO: [ app_begin ] --START--
INFO: Run Behavior\ReadHtmlCacheBehavior [ RunTime:0.000369s ]
INFO: [ app_begin ] --END-- [ RunTime:0.000420s ]
SQL: SHOW COLUMNS FROM `userinfo` [ RunTime:0.0052s ]
NOTIC: [8] Undefined variable: UID D:\xampp\htdocs\todolist\Application\Home\Controller\TaskController.class.php 第 112 行.
SQL: SELECT * FROM `userinfo` WHERE `uid` = null LIMIT 1   [ RunTime:0.0007s ]
SQL: SELECT * FROM `userinfo` WHERE ( uid="563ee28c72b9f16bdec3c1a41fc38690" ) LIMIT 1   [ RunTime:0.0006s ]
SQL: SHOW COLUMNS FROM `taskinfo563ee28c72b9f16bdec3c1a41fc38690` [ RunTime:0.0037s ]
SQL: SELECT * FROM `taskinfo563ee28c72b9f16bdec3c1a41fc38690` WHERE ( state = 0 or state = 2 )  [ RunTime:0.0007s ]
NOTIC: [8] Undefined variable: taskModelArrInDatabase D:\xampp\htdocs\todolist\Application\Home\Controller\TaskController.class.php 第 132 行.
NOTIC: [2] array_keys() expects parameter 1 to be array, null given D:\xampp\htdocs\todolist\Application\Home\Controller\TaskController.class.php 第 132 行.
NOTIC: [2] array_keys() expects parameter 1 to be array, string given D:\xampp\htdocs\todolist\Application\Home\Controller\TaskController.class.php 第 136 行.
NOTIC: [2] Invalid argument supplied for foreach() D:\xampp\htdocs\todolist\Application\Home\Controller\TaskController.class.php 第 139 行.
NOTIC: [2] Invalid argument supplied for foreach() D:\xampp\htdocs\todolist\Application\Home\Controller\TaskController.class.php 第 217 行.
INFO: [ app_end ] --START--
INFO: Run Behavior\ShowPageTraceBehavior [ RunTime:0.000544s ]
INFO: [ app_end ] --END-- [ RunTime:0.000584s ]

[ 2016-07-03T14:07:46+08:00 ] 192.168.191.2 /todolist/index.php/Home/User/FindPassword
INFO: [ app_init ] --START--
INFO: Run Behavior\BuildLiteBehavior [ RunTime:0.000011s ]
INFO: [ app_init ] --END-- [ RunTime:0.000312s ]
INFO: [ app_begin ] --START--
INFO: Run Behavior\ReadHtmlCacheBehavior [ RunTime:0.000996s ]
INFO: [ app_begin ] --END-- [ RunTime:0.001038s ]
SQL: SHOW COLUMNS FROM `userinfo` [ RunTime:0.0040s ]
SQL: SELECT * FROM `userinfo` WHERE `phonenumber` = '11192813' LIMIT 1   [ RunTime:0.0015s ]
INFO: [ app_end ] --START--
INFO: Run Behavior\ShowPageTraceBehavior [ RunTime:0.001248s ]
INFO: [ app_end ] --END-- [ RunTime:0.001289s ]

