[ 2016-06-07T20:52:05+08:00 ] 172.23.235.6 /todolist/index.php/Home/User/Login
INFO: [ app_init ] --START--
INFO: Run Behavior\BuildLiteBehavior [ RunTime:0.000012s ]
INFO: [ app_init ] --END-- [ RunTime:0.000872s ]
INFO: [ app_begin ] --START--
INFO: Run Behavior\ReadHtmlCacheBehavior [ RunTime:0.001237s ]
INFO: [ app_begin ] --END-- [ RunTime:0.001284s ]
SQL: SHOW COLUMNS FROM `userinfo` [ RunTime:0.0036s ]
SQL: SELECT * FROM `userinfo` WHERE `phonenumber` = '18222773726' AND `password` = '5acd1fb6f07255681a2f6187123c0d39' LIMIT 1   [ RunTime:0.0007s ]
INFO: [ app_end ] --START--
INFO: Run Behavior\ShowPageTraceBehavior [ RunTime:0.001825s ]
INFO: [ app_end ] --END-- [ RunTime:0.001874s ]

[ 2016-06-07T20:52:33+08:00 ] 172.23.235.6 /todolist/index.php/Home//User/Login
INFO: [ app_init ] --START--
INFO: Run Behavior\BuildLiteBehavior [ RunTime:0.000017s ]
INFO: [ app_init ] --END-- [ RunTime:0.000780s ]
INFO: [ app_begin ] --START--
INFO: Run Behavior\ReadHtmlCacheBehavior [ RunTime:0.001549s ]
INFO: [ app_begin ] --END-- [ RunTime:0.001638s ]
SQL: SHOW COLUMNS FROM `userinfo` [ RunTime:0.0080s ]
SQL: SELECT * FROM `userinfo` WHERE `phonenumber` = '18222773726' AND `password` = '5acd1fb6f07255681a2f6187123c0d39' LIMIT 1   [ RunTime:0.0021s ]
INFO: [ app_end ] --START--
INFO: Run Behavior\ShowPageTraceBehavior [ RunTime:0.002434s ]
INFO: [ app_end ] --END-- [ RunTime:0.002500s ]

[ 2016-06-07T21:01:23+08:00 ] 172.23.235.6 /todolist/index.php/Home/User/Login
INFO: [ app_init ] --START--
INFO: Run Behavior\BuildLiteBehavior [ RunTime:0.000013s ]
INFO: [ app_init ] --END-- [ RunTime:0.000449s ]
INFO: [ app_begin ] --START--
INFO: Run Behavior\ReadHtmlCacheBehavior [ RunTime:0.000997s ]
INFO: [ app_begin ] --END-- [ RunTime:0.001040s ]
SQL: SHOW COLUMNS FROM `userinfo` [ RunTime:0.0047s ]
SQL: SELECT * FROM `userinfo` WHERE `phonenumber` = '18222773726' AND `password` = '5acd1fb6f07255681a2f6187123c0d39' LIMIT 1   [ RunTime:0.0005s ]
INFO: [ app_end ] --START--
INFO: Run Behavior\ShowPageTraceBehavior [ RunTime:0.001288s ]
INFO: [ app_end ] --END-- [ RunTime:0.001332s ]

[ 2016-06-07T21:02:04+08:00 ] 172.23.235.6 /todolist/index.php/Home/User/Login
INFO: [ app_init ] --START--
INFO: Run Behavior\BuildLiteBehavior [ RunTime:0.000020s ]
INFO: [ app_init ] --END-- [ RunTime:0.000687s ]
INFO: [ app_begin ] --START--
INFO: Run Behavior\ReadHtmlCacheBehavior [ RunTime:0.001011s ]
INFO: [ app_begin ] --END-- [ RunTime:0.001057s ]
SQL: SHOW COLUMNS FROM `userinfo` [ RunTime:0.0057s ]
SQL: SELECT * FROM `userinfo` WHERE `phonenumber` = '18222773726' AND `password` = '5acd1fb6f07255681a2f6187123c0d39' LIMIT 1   [ RunTime:0.0016s ]
INFO: [ app_end ] --START--
INFO: Run Behavior\ShowPageTraceBehavior [ RunTime:0.001309s ]
INFO: [ app_end ] --END-- [ RunTime:0.001353s ]

[ 2016-06-07T21:04:24+08:00 ] 172.23.235.6 /todolist/index.php/Home/User/Login
INFO: [ app_init ] --START--
INFO: Run Behavior\BuildLiteBehavior [ RunTime:0.000013s ]
INFO: [ app_init ] --END-- [ RunTime:0.000433s ]
INFO: [ app_begin ] --START--
INFO: Run Behavior\ReadHtmlCacheBehavior [ RunTime:0.001020s ]
INFO: [ app_begin ] --END-- [ RunTime:0.001066s ]
SQL: SHOW COLUMNS FROM `userinfo` [ RunTime:0.0051s ]
SQL: SELECT * FROM `userinfo` WHERE `phonenumber` = '18222773726' AND `password` = '5acd1fb6f07255681a2f6187123c0d39' LIMIT 1   [ RunTime:0.0006s ]
INFO: [ app_end ] --START--
INFO: Run Behavior\ShowPageTraceBehavior [ RunTime:0.001313s ]
INFO: [ app_end ] --END-- [ RunTime:0.001358s ]

[ 2016-06-07T21:11:45+08:00 ] 172.23.235.6 /todolist/index.php/Home/Task/SynchronizeTask
INFO: [ app_init ] --START--
INFO: Run Behavior\BuildLiteBehavior [ RunTime:0.000021s ]
INFO: [ app_init ] --END-- [ RunTime:0.000432s ]
INFO: [ app_begin ] --START--
INFO: Run Behavior\ReadHtmlCacheBehavior [ RunTime:0.001031s ]
INFO: [ app_begin ] --END-- [ RunTime:0.001083s ]
SQL: SHOW COLUMNS FROM `userinfo` [ RunTime:0.0036s ]
SQL: SELECT * FROM `userinfo` WHERE ( uid="700a0d94dd539543bad0d3a237ae53b5" ) LIMIT 1   [ RunTime:0.0006s ]
SQL: SHOW COLUMNS FROM `taskinfo700a0d94dd539543bad0d3a237ae53b5` [ RunTime:0.0035s ]
SQL: SELECT * FROM `taskinfo700a0d94dd539543bad0d3a237ae53b5` WHERE ( state = 0 or state = 2 )  [ RunTime:0.0005s ]
NOTIC: [2] Invalid argument supplied for foreach() D:\xampp\htdocs\todolist\Application\Home\Controller\TaskController.class.php 第 146 行.
NOTIC: [8] Undefined index: createtime D:\xampp\htdocs\todolist\Application\Home\Controller\TaskController.class.php 第 201 行.
NOTIC: [2] array_key_exists() expects parameter 2 to be array, string given D:\xampp\htdocs\todolist\Application\Home\Controller\TaskController.class.php 第 201 行.
NOTIC: [8] Undefined index: createtime D:\xampp\htdocs\todolist\Application\Home\Controller\TaskController.class.php 第 201 行.
NOTIC: [2] array_key_exists() expects parameter 2 to be array, string given D:\xampp\htdocs\todolist\Application\Home\Controller\TaskController.class.php 第 201 行.
INFO: [ app_end ] --START--
INFO: Run Behavior\ShowPageTraceBehavior [ RunTime:0.001294s ]
INFO: [ app_end ] --END-- [ RunTime:0.001336s ]

[ 2016-06-07T21:14:51+08:00 ] 172.23.235.6 /todolist/index.php/Home/Task/SynchronizeTask
INFO: [ app_init ] --START--
INFO: Run Behavior\BuildLiteBehavior [ RunTime:0.000019s ]
INFO: [ app_init ] --END-- [ RunTime:0.000665s ]
INFO: [ app_begin ] --START--
INFO: Run Behavior\ReadHtmlCacheBehavior [ RunTime:0.001689s ]
INFO: [ app_begin ] --END-- [ RunTime:0.001784s ]
SQL: SHOW COLUMNS FROM `userinfo` [ RunTime:0.0054s ]
SQL: SELECT * FROM `userinfo` WHERE ( uid="700a0d94dd539543bad0d3a237ae53b5" ) LIMIT 1   [ RunTime:0.0010s ]
SQL: SHOW COLUMNS FROM `taskinfo700a0d94dd539543bad0d3a237ae53b5` [ RunTime:0.0043s ]
SQL: SELECT * FROM `taskinfo700a0d94dd539543bad0d3a237ae53b5` WHERE ( state = 0 or state = 2 )  [ RunTime:0.0010s ]
NOTIC: [2] Invalid argument supplied for foreach() D:\xampp\htdocs\todolist\Application\Home\Controller\TaskController.class.php 第 146 行.
NOTIC: [8] Undefined index: createtime D:\xampp\htdocs\todolist\Application\Home\Controller\TaskController.class.php 第 201 行.
NOTIC: [2] array_key_exists() expects parameter 2 to be array, string given D:\xampp\htdocs\todolist\Application\Home\Controller\TaskController.class.php 第 201 行.
NOTIC: [8] Undefined index: createtime D:\xampp\htdocs\todolist\Application\Home\Controller\TaskController.class.php 第 201 行.
NOTIC: [2] array_key_exists() expects parameter 2 to be array, string given D:\xampp\htdocs\todolist\Application\Home\Controller\TaskController.class.php 第 201 行.
INFO: [ app_end ] --START--
INFO: Run Behavior\ShowPageTraceBehavior [ RunTime:0.001785s ]
INFO: [ app_end ] --END-- [ RunTime:0.001862s ]

[ 2016-06-07T21:15:16+08:00 ] 172.23.235.6 /todolist/index.php/Home/Task/SynchronizeTask
INFO: [ app_init ] --START--
INFO: Run Behavior\BuildLiteBehavior [ RunTime:0.000012s ]
INFO: [ app_init ] --END-- [ RunTime:0.000406s ]
INFO: [ app_begin ] --START--
INFO: Run Behavior\ReadHtmlCacheBehavior [ RunTime:0.000756s ]
INFO: [ app_begin ] --END-- [ RunTime:0.000801s ]
SQL: SHOW COLUMNS FROM `userinfo` [ RunTime:0.0036s ]
SQL: SELECT * FROM `userinfo` WHERE ( uid="700a0d94dd539543bad0d3a237ae53b5" ) LIMIT 1   [ RunTime:0.0016s ]
SQL: SHOW COLUMNS FROM `taskinfo700a0d94dd539543bad0d3a237ae53b5` [ RunTime:0.0040s ]
SQL: SELECT * FROM `taskinfo700a0d94dd539543bad0d3a237ae53b5` WHERE ( state = 0 or state = 2 )  [ RunTime:0.0015s ]
NOTIC: [2] Invalid argument supplied for foreach() D:\xampp\htdocs\todolist\Application\Home\Controller\TaskController.class.php 第 146 行.
NOTIC: [8] Undefined index: createtime D:\xampp\htdocs\todolist\Application\Home\Controller\TaskController.class.php 第 201 行.
NOTIC: [2] array_key_exists() expects parameter 2 to be array, string given D:\xampp\htdocs\todolist\Application\Home\Controller\TaskController.class.php 第 201 行.
NOTIC: [8] Undefined index: createtime D:\xampp\htdocs\todolist\Application\Home\Controller\TaskController.class.php 第 201 行.
NOTIC: [2] array_key_exists() expects parameter 2 to be array, string given D:\xampp\htdocs\todolist\Application\Home\Controller\TaskController.class.php 第 201 行.
INFO: [ app_end ] --START--
INFO: Run Behavior\ShowPageTraceBehavior [ RunTime:0.000916s ]
INFO: [ app_end ] --END-- [ RunTime:0.000968s ]

[ 2016-06-07T21:16:00+08:00 ] 172.23.235.6 /todolist/index.php/Home/Task/SynchronizeTask
INFO: [ app_init ] --START--
INFO: Run Behavior\BuildLiteBehavior [ RunTime:0.000010s ]
INFO: [ app_init ] --END-- [ RunTime:0.000314s ]
INFO: [ app_begin ] --START--
INFO: Run Behavior\ReadHtmlCacheBehavior [ RunTime:0.000377s ]
INFO: [ app_begin ] --END-- [ RunTime:0.000417s ]
SQL: SHOW COLUMNS FROM `userinfo` [ RunTime:0.0049s ]
SQL: SELECT * FROM `userinfo` WHERE ( uid="700a0d94dd539543bad0d3a237ae53b5" ) LIMIT 1   [ RunTime:0.0007s ]
SQL: SHOW COLUMNS FROM `taskinfo700a0d94dd539543bad0d3a237ae53b5` [ RunTime:0.0042s ]
SQL: SELECT * FROM `taskinfo700a0d94dd539543bad0d3a237ae53b5` WHERE ( state = 0 or state = 2 )  [ RunTime:0.0008s ]
NOTIC: [2] Invalid argument supplied for foreach() D:\xampp\htdocs\todolist\Application\Home\Controller\TaskController.class.php 第 146 行.
NOTIC: [8] Undefined index: createtime D:\xampp\htdocs\todolist\Application\Home\Controller\TaskController.class.php 第 201 行.
NOTIC: [2] array_key_exists() expects parameter 2 to be array, string given D:\xampp\htdocs\todolist\Application\Home\Controller\TaskController.class.php 第 201 行.
NOTIC: [8] Undefined index: createtime D:\xampp\htdocs\todolist\Application\Home\Controller\TaskController.class.php 第 201 行.
NOTIC: [2] array_key_exists() expects parameter 2 to be array, string given D:\xampp\htdocs\todolist\Application\Home\Controller\TaskController.class.php 第 201 行.
INFO: [ app_end ] --START--
INFO: Run Behavior\ShowPageTraceBehavior [ RunTime:0.000724s ]
INFO: [ app_end ] --END-- [ RunTime:0.000766s ]

[ 2016-06-07T21:17:52+08:00 ] 172.23.235.6 /todolist/index.php/Home/Task/SynchronizeTask
INFO: [ app_init ] --START--
INFO: Run Behavior\BuildLiteBehavior [ RunTime:0.000016s ]
INFO: [ app_init ] --END-- [ RunTime:0.000640s ]
INFO: [ app_begin ] --START--
INFO: Run Behavior\ReadHtmlCacheBehavior [ RunTime:0.001020s ]
INFO: [ app_begin ] --END-- [ RunTime:0.001090s ]
SQL: SHOW COLUMNS FROM `userinfo` [ RunTime:0.0053s ]
SQL: SELECT * FROM `userinfo` WHERE ( uid="700a0d94dd539543bad0d3a237ae53b5" ) LIMIT 1   [ RunTime:0.0006s ]
SQL: SHOW COLUMNS FROM `taskinfo700a0d94dd539543bad0d3a237ae53b5` [ RunTime:0.0042s ]
SQL: SELECT * FROM `taskinfo700a0d94dd539543bad0d3a237ae53b5` WHERE ( state = 0 or state = 2 )  [ RunTime:0.0007s ]
NOTIC: [2] Invalid argument supplied for foreach() D:\xampp\htdocs\todolist\Application\Home\Controller\TaskController.class.php 第 146 行.
NOTIC: [8] Undefined index: createtime D:\xampp\htdocs\todolist\Application\Home\Controller\TaskController.class.php 第 201 行.
NOTIC: [2] array_key_exists() expects parameter 2 to be array, string given D:\xampp\htdocs\todolist\Application\Home\Controller\TaskController.class.php 第 201 行.
NOTIC: [8] Undefined index: createtime D:\xampp\htdocs\todolist\Application\Home\Controller\TaskController.class.php 第 201 行.
NOTIC: [2] array_key_exists() expects parameter 2 to be array, string given D:\xampp\htdocs\todolist\Application\Home\Controller\TaskController.class.php 第 201 行.
INFO: [ app_end ] --START--
INFO: Run Behavior\ShowPageTraceBehavior [ RunTime:0.001061s ]
INFO: [ app_end ] --END-- [ RunTime:0.001136s ]

[ 2016-06-07T21:19:24+08:00 ] 172.23.235.6 /todolist/index.php/Home/Task/SynchronizeTask
INFO: [ app_init ] --START--
INFO: Run Behavior\BuildLiteBehavior [ RunTime:0.000012s ]
INFO: [ app_init ] --END-- [ RunTime:0.000357s ]
INFO: [ app_begin ] --START--
INFO: Run Behavior\ReadHtmlCacheBehavior [ RunTime:0.000421s ]
INFO: [ app_begin ] --END-- [ RunTime:0.000470s ]
SQL: SHOW COLUMNS FROM `userinfo` [ RunTime:0.0053s ]
SQL: SELECT * FROM `userinfo` WHERE ( uid="700a0d94dd539543bad0d3a237ae53b5" ) LIMIT 1   [ RunTime:0.0010s ]
SQL: SHOW COLUMNS FROM `taskinfo700a0d94dd539543bad0d3a237ae53b5` [ RunTime:0.0036s ]
SQL: SELECT * FROM `taskinfo700a0d94dd539543bad0d3a237ae53b5` WHERE ( state = 0 or state = 2 )  [ RunTime:0.0009s ]
NOTIC: [2] Invalid argument supplied for foreach() D:\xampp\htdocs\todolist\Application\Home\Controller\TaskController.class.php 第 146 行.
NOTIC: [8] Undefined index: createtime D:\xampp\htdocs\todolist\Application\Home\Controller\TaskController.class.php 第 201 行.
NOTIC: [2] array_key_exists() expects parameter 2 to be array, string given D:\xampp\htdocs\todolist\Application\Home\Controller\TaskController.class.php 第 201 行.
NOTIC: [8] Undefined index: createtime D:\xampp\htdocs\todolist\Application\Home\Controller\TaskController.class.php 第 201 行.
NOTIC: [2] array_key_exists() expects parameter 2 to be array, string given D:\xampp\htdocs\todolist\Application\Home\Controller\TaskController.class.php 第 201 行.
INFO: [ app_end ] --START--
INFO: Run Behavior\ShowPageTraceBehavior [ RunTime:0.000617s ]
INFO: [ app_end ] --END-- [ RunTime:0.000666s ]

[ 2016-06-07T21:26:12+08:00 ] 172.23.235.6 /todolist/index.php/Home/Task/SynchronizeTask
INFO: [ app_init ] --START--
INFO: Run Behavior\BuildLiteBehavior [ RunTime:0.000011s ]
INFO: [ app_init ] --END-- [ RunTime:0.000424s ]
INFO: [ app_begin ] --START--
INFO: Run Behavior\ReadHtmlCacheBehavior [ RunTime:0.000628s ]
INFO: [ app_begin ] --END-- [ RunTime:0.000670s ]
SQL: SHOW COLUMNS FROM `userinfo` [ RunTime:0.0054s ]
SQL: SELECT * FROM `userinfo` WHERE ( uid="700a0d94dd539543bad0d3a237ae53b5" ) LIMIT 1   [ RunTime:0.0013s ]
SQL: SHOW COLUMNS FROM `taskinfo700a0d94dd539543bad0d3a237ae53b5` [ RunTime:0.0039s ]
SQL: SELECT * FROM `taskinfo700a0d94dd539543bad0d3a237ae53b5` WHERE ( state = 0 or state = 2 )  [ RunTime:0.0011s ]
NOTIC: [2] Invalid argument supplied for foreach() D:\xampp\htdocs\todolist\Application\Home\Controller\TaskController.class.php 第 146 行.
NOTIC: [8] Undefined index: createtime D:\xampp\htdocs\todolist\Application\Home\Controller\TaskController.class.php 第 201 行.
NOTIC: [2] array_key_exists() expects parameter 2 to be array, string given D:\xampp\htdocs\todolist\Application\Home\Controller\TaskController.class.php 第 201 行.
NOTIC: [8] Undefined index: createtime D:\xampp\htdocs\todolist\Application\Home\Controller\TaskController.class.php 第 201 行.
NOTIC: [2] array_key_exists() expects parameter 2 to be array, string given D:\xampp\htdocs\todolist\Application\Home\Controller\TaskController.class.php 第 201 行.
INFO: [ app_end ] --START--
INFO: Run Behavior\ShowPageTraceBehavior [ RunTime:0.000866s ]
INFO: [ app_end ] --END-- [ RunTime:0.000906s ]

[ 2016-06-07T21:27:49+08:00 ] 172.23.235.6 /todolist/index.php/Home/Task/SynchronizeTask
INFO: [ app_init ] --START--
INFO: Run Behavior\BuildLiteBehavior [ RunTime:0.000011s ]
INFO: [ app_init ] --END-- [ RunTime:0.000351s ]
INFO: [ app_begin ] --START--
INFO: Run Behavior\ReadHtmlCacheBehavior [ RunTime:0.000487s ]
INFO: [ app_begin ] --END-- [ RunTime:0.000548s ]
SQL: SHOW COLUMNS FROM `userinfo` [ RunTime:0.0048s ]
SQL: SELECT * FROM `userinfo` WHERE ( uid="700a0d94dd539543bad0d3a237ae53b5" ) LIMIT 1   [ RunTime:0.0006s ]
SQL: SHOW COLUMNS FROM `taskinfo700a0d94dd539543bad0d3a237ae53b5` [ RunTime:0.0050s ]
SQL: SELECT * FROM `taskinfo700a0d94dd539543bad0d3a237ae53b5` WHERE ( state = 0 or state = 2 )  [ RunTime:0.0006s ]
NOTIC: [2] Invalid argument supplied for foreach() D:\xampp\htdocs\todolist\Application\Home\Controller\TaskController.class.php 第 146 行.
NOTIC: [8] Undefined index: createtime D:\xampp\htdocs\todolist\Application\Home\Controller\TaskController.class.php 第 201 行.
NOTIC: [2] array_key_exists() expects parameter 2 to be array, string given D:\xampp\htdocs\todolist\Application\Home\Controller\TaskController.class.php 第 201 行.
NOTIC: [8] Undefined index: createtime D:\xampp\htdocs\todolist\Application\Home\Controller\TaskController.class.php 第 201 行.
NOTIC: [2] array_key_exists() expects parameter 2 to be array, string given D:\xampp\htdocs\todolist\Application\Home\Controller\TaskController.class.php 第 201 行.
INFO: [ app_end ] --START--
INFO: Run Behavior\ShowPageTraceBehavior [ RunTime:0.000632s ]
INFO: [ app_end ] --END-- [ RunTime:0.000682s ]

[ 2016-06-07T21:28:20+08:00 ] 172.23.235.6 /todolist/index.php/Home/Task/SynchronizeTask
INFO: [ app_init ] --START--
INFO: Run Behavior\BuildLiteBehavior [ RunTime:0.000023s ]
INFO: [ app_init ] --END-- [ RunTime:0.000744s ]
INFO: [ app_begin ] --START--
INFO: Run Behavior\ReadHtmlCacheBehavior [ RunTime:0.001100s ]
INFO: [ app_begin ] --END-- [ RunTime:0.001196s ]
SQL: SHOW COLUMNS FROM `userinfo` [ RunTime:0.0043s ]
SQL: SELECT * FROM `userinfo` WHERE ( uid="700a0d94dd539543bad0d3a237ae53b5" ) LIMIT 1   [ RunTime:0.0017s ]
SQL: SHOW COLUMNS FROM `taskinfo700a0d94dd539543bad0d3a237ae53b5` [ RunTime:0.0049s ]
SQL: SELECT * FROM `taskinfo700a0d94dd539543bad0d3a237ae53b5` WHERE ( state = 0 or state = 2 )  [ RunTime:0.0018s ]
NOTIC: [2] Invalid argument supplied for foreach() D:\xampp\htdocs\todolist\Application\Home\Controller\TaskController.class.php 第 146 行.
NOTIC: [8] Undefined index: createtime D:\xampp\htdocs\todolist\Application\Home\Controller\TaskController.class.php 第 201 行.
NOTIC: [2] array_key_exists() expects parameter 2 to be array, string given D:\xampp\htdocs\todolist\Application\Home\Controller\TaskController.class.php 第 201 行.
NOTIC: [8] Undefined index: createtime D:\xampp\htdocs\todolist\Application\Home\Controller\TaskController.class.php 第 201 行.
NOTIC: [2] array_key_exists() expects parameter 2 to be array, string given D:\xampp\htdocs\todolist\Application\Home\Controller\TaskController.class.php 第 201 行.
INFO: [ app_end ] --START--
INFO: Run Behavior\ShowPageTraceBehavior [ RunTime:0.000958s ]
INFO: [ app_end ] --END-- [ RunTime:0.001010s ]

[ 2016-06-07T21:32:37+08:00 ] 172.23.235.6 /todolist/index.php/Home/Task/SynchronizeTask
INFO: [ app_init ] --START--
INFO: Run Behavior\BuildLiteBehavior [ RunTime:0.000012s ]
INFO: [ app_init ] --END-- [ RunTime:0.000550s ]
INFO: [ app_begin ] --START--
INFO: Run Behavior\ReadHtmlCacheBehavior [ RunTime:0.000624s ]
INFO: [ app_begin ] --END-- [ RunTime:0.000665s ]
SQL: SHOW COLUMNS FROM `userinfo` [ RunTime:0.0051s ]
SQL: SELECT * FROM `userinfo` WHERE ( uid="700a0d94dd539543bad0d3a237ae53b5" ) LIMIT 1   [ RunTime:0.0008s ]
SQL: SHOW COLUMNS FROM `taskinfo700a0d94dd539543bad0d3a237ae53b5` [ RunTime:0.0034s ]
SQL: SELECT * FROM `taskinfo700a0d94dd539543bad0d3a237ae53b5` WHERE ( state = 0 or state = 2 )  [ RunTime:0.0009s ]
NOTIC: [2] Invalid argument supplied for foreach() D:\xampp\htdocs\todolist\Application\Home\Controller\TaskController.class.php 第 146 行.
NOTIC: [8] Undefined index: createtime D:\xampp\htdocs\todolist\Application\Home\Controller\TaskController.class.php 第 201 行.
NOTIC: [2] array_key_exists() expects parameter 2 to be array, string given D:\xampp\htdocs\todolist\Application\Home\Controller\TaskController.class.php 第 201 行.
NOTIC: [8] Undefined index: createtime D:\xampp\htdocs\todolist\Application\Home\Controller\TaskController.class.php 第 201 行.
NOTIC: [2] array_key_exists() expects parameter 2 to be array, string given D:\xampp\htdocs\todolist\Application\Home\Controller\TaskController.class.php 第 201 行.
INFO: [ app_end ] --START--
INFO: Run Behavior\ShowPageTraceBehavior [ RunTime:0.000786s ]
INFO: [ app_end ] --END-- [ RunTime:0.000828s ]

[ 2016-06-07T21:44:10+08:00 ] 172.23.235.6 /todolist/index.php/Home/Task/SynchronizeTask
INFO: [ app_init ] --START--
INFO: Run Behavior\BuildLiteBehavior [ RunTime:0.000013s ]
INFO: [ app_init ] --END-- [ RunTime:0.000433s ]
INFO: [ app_begin ] --START--
INFO: Run Behavior\ReadHtmlCacheBehavior [ RunTime:0.000624s ]
INFO: [ app_begin ] --END-- [ RunTime:0.000666s ]
SQL: SHOW COLUMNS FROM `userinfo` [ RunTime:0.0034s ]
SQL: SELECT * FROM `userinfo` WHERE ( uid="700a0d94dd539543bad0d3a237ae53b5" ) LIMIT 1   [ RunTime:0.0004s ]
SQL: SHOW COLUMNS FROM `taskinfo700a0d94dd539543bad0d3a237ae53b5` [ RunTime:0.0033s ]
SQL: SELECT * FROM `taskinfo700a0d94dd539543bad0d3a237ae53b5` WHERE ( state = 0 or state = 2 )  [ RunTime:0.0005s ]
NOTIC: [2] Invalid argument supplied for foreach() D:\xampp\htdocs\todolist\Application\Home\Controller\TaskController.class.php 第 146 行.
NOTIC: [8] Undefined index: createtime D:\xampp\htdocs\todolist\Application\Home\Controller\TaskController.class.php 第 201 行.
NOTIC: [2] array_key_exists() expects parameter 2 to be array, string given D:\xampp\htdocs\todolist\Application\Home\Controller\TaskController.class.php 第 201 行.
NOTIC: [8] Undefined index: createtime D:\xampp\htdocs\todolist\Application\Home\Controller\TaskController.class.php 第 201 行.
NOTIC: [2] array_key_exists() expects parameter 2 to be array, string given D:\xampp\htdocs\todolist\Application\Home\Controller\TaskController.class.php 第 201 行.
INFO: [ app_end ] --START--
INFO: Run Behavior\ShowPageTraceBehavior [ RunTime:0.000971s ]
INFO: [ app_end ] --END-- [ RunTime:0.001016s ]

[ 2016-06-07T21:44:41+08:00 ] 172.23.235.6 /todolist/index.php/Home/Task/SynchronizeTask
INFO: [ app_init ] --START--
INFO: Run Behavior\BuildLiteBehavior [ RunTime:0.000010s ]
INFO: [ app_init ] --END-- [ RunTime:0.000316s ]
INFO: [ app_begin ] --START--
INFO: Run Behavior\ReadHtmlCacheBehavior [ RunTime:0.000384s ]
INFO: [ app_begin ] --END-- [ RunTime:0.000424s ]
SQL: SHOW COLUMNS FROM `userinfo` [ RunTime:0.0048s ]
SQL: SELECT * FROM `userinfo` WHERE ( uid="700a0d94dd539543bad0d3a237ae53b5" ) LIMIT 1   [ RunTime:0.0008s ]
SQL: SHOW COLUMNS FROM `taskinfo700a0d94dd539543bad0d3a237ae53b5` [ RunTime:0.0036s ]
SQL: SELECT * FROM `taskinfo700a0d94dd539543bad0d3a237ae53b5` WHERE ( state = 0 or state = 2 )  [ RunTime:0.0008s ]
NOTIC: [2] Invalid argument supplied for foreach() D:\xampp\htdocs\todolist\Application\Home\Controller\TaskController.class.php 第 146 行.
NOTIC: [8] Undefined index: createtime D:\xampp\htdocs\todolist\Application\Home\Controller\TaskController.class.php 第 201 行.
NOTIC: [2] array_key_exists() expects parameter 2 to be array, string given D:\xampp\htdocs\todolist\Application\Home\Controller\TaskController.class.php 第 201 行.
NOTIC: [8] Undefined index: createtime D:\xampp\htdocs\todolist\Application\Home\Controller\TaskController.class.php 第 201 行.
NOTIC: [2] array_key_exists() expects parameter 2 to be array, string given D:\xampp\htdocs\todolist\Application\Home\Controller\TaskController.class.php 第 201 行.
INFO: [ app_end ] --START--
INFO: Run Behavior\ShowPageTraceBehavior [ RunTime:0.000647s ]
INFO: [ app_end ] --END-- [ RunTime:0.000700s ]

[ 2016-06-07T21:52:36+08:00 ] 172.23.235.6 /todolist/index.php/Home/Task/SynchronizeTask
INFO: [ app_init ] --START--
INFO: Run Behavior\BuildLiteBehavior [ RunTime:0.000020s ]
INFO: [ app_init ] --END-- [ RunTime:0.000579s ]
INFO: [ app_begin ] --START--
INFO: Run Behavior\ReadHtmlCacheBehavior [ RunTime:0.000712s ]
INFO: [ app_begin ] --END-- [ RunTime:0.000765s ]
SQL: SHOW COLUMNS FROM `userinfo` [ RunTime:0.0057s ]
SQL: SELECT * FROM `userinfo` WHERE ( uid="700a0d94dd539543bad0d3a237ae53b5" ) LIMIT 1   [ RunTime:0.0009s ]
SQL: SHOW COLUMNS FROM `taskinfo700a0d94dd539543bad0d3a237ae53b5` [ RunTime:0.0038s ]
SQL: SELECT * FROM `taskinfo700a0d94dd539543bad0d3a237ae53b5` WHERE ( state = 0 or state = 2 )  [ RunTime:0.0009s ]
NOTIC: [2] Invalid argument supplied for foreach() D:\xampp\htdocs\todolist\Application\Home\Controller\TaskController.class.php 第 146 行.
NOTIC: [8] Undefined index: createtime D:\xampp\htdocs\todolist\Application\Home\Controller\TaskController.class.php 第 201 行.
NOTIC: [2] array_key_exists() expects parameter 2 to be array, string given D:\xampp\htdocs\todolist\Application\Home\Controller\TaskController.class.php 第 201 行.
NOTIC: [8] Undefined index: createtime D:\xampp\htdocs\todolist\Application\Home\Controller\TaskController.class.php 第 201 行.
NOTIC: [2] array_key_exists() expects parameter 2 to be array, string given D:\xampp\htdocs\todolist\Application\Home\Controller\TaskController.class.php 第 201 行.
INFO: [ app_end ] --START--
INFO: Run Behavior\ShowPageTraceBehavior [ RunTime:0.000824s ]
INFO: [ app_end ] --END-- [ RunTime:0.000865s ]

[ 2016-06-07T21:53:35+08:00 ] 172.23.235.6 /todolist/index.php/Home/Task/SynchronizeTask
INFO: [ app_init ] --START--
INFO: Run Behavior\BuildLiteBehavior [ RunTime:0.000011s ]
INFO: [ app_init ] --END-- [ RunTime:0.000326s ]
INFO: [ app_begin ] --START--
INFO: Run Behavior\ReadHtmlCacheBehavior [ RunTime:0.000376s ]
INFO: [ app_begin ] --END-- [ RunTime:0.000416s ]
SQL: SHOW COLUMNS FROM `userinfo` [ RunTime:0.0048s ]
SQL: SELECT * FROM `userinfo` WHERE ( uid="700a0d94dd539543bad0d3a237ae53b5" ) LIMIT 1   [ RunTime:0.0005s ]
SQL: SHOW COLUMNS FROM `taskinfo700a0d94dd539543bad0d3a237ae53b5` [ RunTime:0.0036s ]
SQL: SELECT * FROM `taskinfo700a0d94dd539543bad0d3a237ae53b5` WHERE ( state = 0 or state = 2 )  [ RunTime:0.0006s ]
NOTIC: [2] Invalid argument supplied for foreach() D:\xampp\htdocs\todolist\Application\Home\Controller\TaskController.class.php 第 146 行.
NOTIC: [8] Undefined index: createtime D:\xampp\htdocs\todolist\Application\Home\Controller\TaskController.class.php 第 201 行.
NOTIC: [2] array_key_exists() expects parameter 2 to be array, string given D:\xampp\htdocs\todolist\Application\Home\Controller\TaskController.class.php 第 201 行.
NOTIC: [8] Undefined index: createtime D:\xampp\htdocs\todolist\Application\Home\Controller\TaskController.class.php 第 201 行.
NOTIC: [2] array_key_exists() expects parameter 2 to be array, string given D:\xampp\htdocs\todolist\Application\Home\Controller\TaskController.class.php 第 201 行.
INFO: [ app_end ] --START--
INFO: Run Behavior\ShowPageTraceBehavior [ RunTime:0.000630s ]
INFO: [ app_end ] --END-- [ RunTime:0.000670s ]

[ 2016-06-07T21:53:51+08:00 ] 172.23.235.6 /todolist/index.php/Home/Task/SynchronizeTask
INFO: [ app_init ] --START--
INFO: Run Behavior\BuildLiteBehavior [ RunTime:0.000011s ]
INFO: [ app_init ] --END-- [ RunTime:0.000319s ]
INFO: [ app_begin ] --START--
INFO: Run Behavior\ReadHtmlCacheBehavior [ RunTime:0.000406s ]
INFO: [ app_begin ] --END-- [ RunTime:0.000446s ]
SQL: SHOW COLUMNS FROM `userinfo` [ RunTime:0.0052s ]
SQL: SELECT * FROM `userinfo` WHERE ( uid="700a0d94dd539543bad0d3a237ae53b5" ) LIMIT 1   [ RunTime:0.0010s ]
SQL: SHOW COLUMNS FROM `taskinfo700a0d94dd539543bad0d3a237ae53b5` [ RunTime:0.0038s ]
SQL: SELECT * FROM `taskinfo700a0d94dd539543bad0d3a237ae53b5` WHERE ( state = 0 or state = 2 )  [ RunTime:0.0010s ]
NOTIC: [2] Invalid argument supplied for foreach() D:\xampp\htdocs\todolist\Application\Home\Controller\TaskController.class.php 第 146 行.
NOTIC: [8] Undefined index: createtime D:\xampp\htdocs\todolist\Application\Home\Controller\TaskController.class.php 第 201 行.
NOTIC: [2] array_key_exists() expects parameter 2 to be array, string given D:\xampp\htdocs\todolist\Application\Home\Controller\TaskController.class.php 第 201 行.
NOTIC: [8] Undefined index: createtime D:\xampp\htdocs\todolist\Application\Home\Controller\TaskController.class.php 第 201 行.
NOTIC: [2] array_key_exists() expects parameter 2 to be array, string given D:\xampp\htdocs\todolist\Application\Home\Controller\TaskController.class.php 第 201 行.
INFO: [ app_end ] --START--
INFO: Run Behavior\ShowPageTraceBehavior [ RunTime:0.000619s ]
INFO: [ app_end ] --END-- [ RunTime:0.000660s ]

[ 2016-06-07T21:54:13+08:00 ] 172.23.235.6 /todolist/index.php/Home/Task/SynchronizeTask
INFO: [ app_init ] --START--
INFO: Run Behavior\BuildLiteBehavior [ RunTime:0.000011s ]
INFO: [ app_init ] --END-- [ RunTime:0.000328s ]
INFO: [ app_begin ] --START--
INFO: Run Behavior\ReadHtmlCacheBehavior [ RunTime:0.000380s ]
INFO: [ app_begin ] --END-- [ RunTime:0.000420s ]
SQL: SHOW COLUMNS FROM `userinfo` [ RunTime:0.0048s ]
SQL: SELECT * FROM `userinfo` WHERE ( uid="700a0d94dd539543bad0d3a237ae53b5" ) LIMIT 1   [ RunTime:0.0005s ]
SQL: SHOW COLUMNS FROM `taskinfo700a0d94dd539543bad0d3a237ae53b5` [ RunTime:0.0039s ]
SQL: SELECT * FROM `taskinfo700a0d94dd539543bad0d3a237ae53b5` WHERE ( state = 0 or state = 2 )  [ RunTime:0.0006s ]
NOTIC: [2] Invalid argument supplied for foreach() D:\xampp\htdocs\todolist\Application\Home\Controller\TaskController.class.php 第 146 行.
NOTIC: [8] Undefined index: createtime D:\xampp\htdocs\todolist\Application\Home\Controller\TaskController.class.php 第 201 行.
NOTIC: [2] array_key_exists() expects parameter 2 to be array, string given D:\xampp\htdocs\todolist\Application\Home\Controller\TaskController.class.php 第 201 行.
NOTIC: [8] Undefined index: createtime D:\xampp\htdocs\todolist\Application\Home\Controller\TaskController.class.php 第 201 行.
NOTIC: [2] array_key_exists() expects parameter 2 to be array, string given D:\xampp\htdocs\todolist\Application\Home\Controller\TaskController.class.php 第 201 行.
INFO: [ app_end ] --START--
INFO: Run Behavior\ShowPageTraceBehavior [ RunTime:0.000842s ]
INFO: [ app_end ] --END-- [ RunTime:0.000902s ]

[ 2016-06-07T21:56:14+08:00 ] 172.23.235.6 /todolist/index.php/Home/Task/SynchronizeTask
INFO: [ app_init ] --START--
INFO: Run Behavior\BuildLiteBehavior [ RunTime:0.000014s ]
INFO: [ app_init ] --END-- [ RunTime:0.000470s ]
INFO: [ app_begin ] --START--
INFO: Run Behavior\ReadHtmlCacheBehavior [ RunTime:0.000993s ]
INFO: [ app_begin ] --END-- [ RunTime:0.001074s ]
SQL: SHOW COLUMNS FROM `userinfo` [ RunTime:0.0054s ]
SQL: SELECT * FROM `userinfo` WHERE ( uid="700a0d94dd539543bad0d3a237ae53b5" ) LIMIT 1   [ RunTime:0.0009s ]
SQL: SHOW COLUMNS FROM `taskinfo700a0d94dd539543bad0d3a237ae53b5` [ RunTime:0.0046s ]
SQL: SELECT * FROM `taskinfo700a0d94dd539543bad0d3a237ae53b5` WHERE ( state = 0 or state = 2 )  [ RunTime:0.0010s ]
NOTIC: [2] Invalid argument supplied for foreach() D:\xampp\htdocs\todolist\Application\Home\Controller\TaskController.class.php 第 146 行.
NOTIC: [8] Undefined index: createtime D:\xampp\htdocs\todolist\Application\Home\Controller\TaskController.class.php 第 201 行.
NOTIC: [2] array_key_exists() expects parameter 2 to be array, string given D:\xampp\htdocs\todolist\Application\Home\Controller\TaskController.class.php 第 201 行.
NOTIC: [8] Undefined index: createtime D:\xampp\htdocs\todolist\Application\Home\Controller\TaskController.class.php 第 201 行.
NOTIC: [2] array_key_exists() expects parameter 2 to be array, string given D:\xampp\htdocs\todolist\Application\Home\Controller\TaskController.class.php 第 201 行.
INFO: [ app_end ] --START--
INFO: Run Behavior\ShowPageTraceBehavior [ RunTime:0.001007s ]
INFO: [ app_end ] --END-- [ RunTime:0.001069s ]

[ 2016-06-07T21:56:33+08:00 ] 172.23.235.6 /todolist/index.php/Home/Task/SynchronizeTask
INFO: [ app_init ] --START--
INFO: Run Behavior\BuildLiteBehavior [ RunTime:0.000016s ]
INFO: [ app_init ] --END-- [ RunTime:0.000585s ]
INFO: [ app_begin ] --START--
INFO: Run Behavior\ReadHtmlCacheBehavior [ RunTime:0.000684s ]
INFO: [ app_begin ] --END-- [ RunTime:0.000768s ]
SQL: SHOW COLUMNS FROM `userinfo` [ RunTime:0.0048s ]
SQL: SELECT * FROM `userinfo` WHERE ( uid="700a0d94dd539543bad0d3a237ae53b5" ) LIMIT 1   [ RunTime:0.0003s ]
SQL: SHOW COLUMNS FROM `taskinfo700a0d94dd539543bad0d3a237ae53b5` [ RunTime:0.0051s ]
SQL: SELECT * FROM `taskinfo700a0d94dd539543bad0d3a237ae53b5` WHERE ( state = 0 or state = 2 )  [ RunTime:0.0004s ]
NOTIC: [2] Invalid argument supplied for foreach() D:\xampp\htdocs\todolist\Application\Home\Controller\TaskController.class.php 第 146 行.
NOTIC: [8] Undefined index: createtime D:\xampp\htdocs\todolist\Application\Home\Controller\TaskController.class.php 第 201 行.
NOTIC: [2] array_key_exists() expects parameter 2 to be array, string given D:\xampp\htdocs\todolist\Application\Home\Controller\TaskController.class.php 第 201 行.
NOTIC: [8] Undefined index: createtime D:\xampp\htdocs\todolist\Application\Home\Controller\TaskController.class.php 第 201 行.
NOTIC: [2] array_key_exists() expects parameter 2 to be array, string given D:\xampp\htdocs\todolist\Application\Home\Controller\TaskController.class.php 第 201 行.
INFO: [ app_end ] --START--
INFO: Run Behavior\ShowPageTraceBehavior [ RunTime:0.000690s ]
INFO: [ app_end ] --END-- [ RunTime:0.000745s ]

[ 2016-06-07T21:57:19+08:00 ] 172.23.235.6 /todolist/index.php/Home/Task/SynchronizeTask
INFO: [ app_init ] --START--
INFO: Run Behavior\BuildLiteBehavior [ RunTime:0.000014s ]
INFO: [ app_init ] --END-- [ RunTime:0.000434s ]
INFO: [ app_begin ] --START--
INFO: Run Behavior\ReadHtmlCacheBehavior [ RunTime:0.000434s ]
INFO: [ app_begin ] --END-- [ RunTime:0.000480s ]
SQL: SHOW COLUMNS FROM `userinfo` [ RunTime:0.0046s ]
SQL: SELECT * FROM `userinfo` WHERE ( uid="700a0d94dd539543bad0d3a237ae53b5" ) LIMIT 1   [ RunTime:0.0003s ]
SQL: SHOW COLUMNS FROM `taskinfo700a0d94dd539543bad0d3a237ae53b5` [ RunTime:0.0033s ]
SQL: SELECT * FROM `taskinfo700a0d94dd539543bad0d3a237ae53b5` WHERE ( state = 0 or state = 2 )  [ RunTime:0.0004s ]
NOTIC: [2] Invalid argument supplied for foreach() D:\xampp\htdocs\todolist\Application\Home\Controller\TaskController.class.php 第 146 行.
NOTIC: [8] Undefined index: createtime D:\xampp\htdocs\todolist\Application\Home\Controller\TaskController.class.php 第 201 行.
NOTIC: [2] array_key_exists() expects parameter 2 to be array, string given D:\xampp\htdocs\todolist\Application\Home\Controller\TaskController.class.php 第 201 行.
NOTIC: [8] Undefined index: createtime D:\xampp\htdocs\todolist\Application\Home\Controller\TaskController.class.php 第 201 行.
NOTIC: [2] array_key_exists() expects parameter 2 to be array, string given D:\xampp\htdocs\todolist\Application\Home\Controller\TaskController.class.php 第 201 行.
INFO: [ app_end ] --START--
INFO: Run Behavior\ShowPageTraceBehavior [ RunTime:0.000611s ]
INFO: [ app_end ] --END-- [ RunTime:0.000652s ]

[ 2016-06-07T22:01:24+08:00 ] 172.23.235.6 /todolist/index.php/Home/Task/SynchronizeTask
INFO: [ app_init ] --START--
INFO: Run Behavior\BuildLiteBehavior [ RunTime:0.000026s ]
INFO: [ app_init ] --END-- [ RunTime:0.000407s ]
INFO: [ app_begin ] --START--
INFO: Run Behavior\ReadHtmlCacheBehavior [ RunTime:0.000681s ]
INFO: [ app_begin ] --END-- [ RunTime:0.000732s ]
SQL: SHOW COLUMNS FROM `userinfo` [ RunTime:0.0052s ]
SQL: SELECT * FROM `userinfo` WHERE ( uid="700a0d94dd539543bad0d3a237ae53b5" ) LIMIT 1   [ RunTime:0.0013s ]
SQL: SHOW COLUMNS FROM `taskinfo700a0d94dd539543bad0d3a237ae53b5` [ RunTime:0.0040s ]
SQL: SELECT * FROM `taskinfo700a0d94dd539543bad0d3a237ae53b5` WHERE ( state = 0 or state = 2 )  [ RunTime:0.0011s ]
NOTIC: [2] Invalid argument supplied for foreach() D:\xampp\htdocs\todolist\Application\Home\Controller\TaskController.class.php 第 146 行.
NOTIC: [8] Undefined index: createtime D:\xampp\htdocs\todolist\Application\Home\Controller\TaskController.class.php 第 201 行.
NOTIC: [2] array_key_exists() expects parameter 2 to be array, string given D:\xampp\htdocs\todolist\Application\Home\Controller\TaskController.class.php 第 201 行.
NOTIC: [8] Undefined index: createtime D:\xampp\htdocs\todolist\Application\Home\Controller\TaskController.class.php 第 201 行.
NOTIC: [2] array_key_exists() expects parameter 2 to be array, string given D:\xampp\htdocs\todolist\Application\Home\Controller\TaskController.class.php 第 201 行.
INFO: [ app_end ] --START--
INFO: Run Behavior\ShowPageTraceBehavior [ RunTime:0.000880s ]
INFO: [ app_end ] --END-- [ RunTime:0.000934s ]

[ 2016-06-07T22:02:35+08:00 ] 172.23.235.6 /todolist/index.php/Home/Task/SynchronizeTask
INFO: [ app_init ] --START--
INFO: Run Behavior\BuildLiteBehavior [ RunTime:0.000011s ]
INFO: [ app_init ] --END-- [ RunTime:0.000349s ]
INFO: [ app_begin ] --START--
INFO: Run Behavior\ReadHtmlCacheBehavior [ RunTime:0.000410s ]
INFO: [ app_begin ] --END-- [ RunTime:0.000449s ]
SQL: SHOW COLUMNS FROM `userinfo` [ RunTime:0.0048s ]
SQL: SELECT * FROM `userinfo` WHERE ( uid="700a0d94dd539543bad0d3a237ae53b5" ) LIMIT 1   [ RunTime:0.0008s ]
SQL: SHOW COLUMNS FROM `taskinfo700a0d94dd539543bad0d3a237ae53b5` [ RunTime:0.0039s ]
SQL: SELECT * FROM `taskinfo700a0d94dd539543bad0d3a237ae53b5` WHERE ( state = 0 or state = 2 )  [ RunTime:0.0007s ]
NOTIC: [2] Invalid argument supplied for foreach() D:\xampp\htdocs\todolist\Application\Home\Controller\TaskController.class.php 第 146 行.
NOTIC: [8] Undefined index: createtime D:\xampp\htdocs\todolist\Application\Home\Controller\TaskController.class.php 第 201 行.
NOTIC: [2] array_key_exists() expects parameter 2 to be array, string given D:\xampp\htdocs\todolist\Application\Home\Controller\TaskController.class.php 第 201 行.
NOTIC: [8] Undefined index: createtime D:\xampp\htdocs\todolist\Application\Home\Controller\TaskController.class.php 第 201 行.
NOTIC: [2] array_key_exists() expects parameter 2 to be array, string given D:\xampp\htdocs\todolist\Application\Home\Controller\TaskController.class.php 第 201 行.
INFO: [ app_end ] --START--
INFO: Run Behavior\ShowPageTraceBehavior [ RunTime:0.000605s ]
INFO: [ app_end ] --END-- [ RunTime:0.000645s ]

[ 2016-06-07T22:03:02+08:00 ] 172.23.235.6 /todolist/index.php/Home/Task/SynchronizeTask
INFO: [ app_init ] --START--
INFO: Run Behavior\BuildLiteBehavior [ RunTime:0.000011s ]
INFO: [ app_init ] --END-- [ RunTime:0.000327s ]
INFO: [ app_begin ] --START--
INFO: Run Behavior\ReadHtmlCacheBehavior [ RunTime:0.000384s ]
INFO: [ app_begin ] --END-- [ RunTime:0.000424s ]
SQL: SHOW COLUMNS FROM `userinfo` [ RunTime:0.0056s ]
SQL: SELECT * FROM `userinfo` WHERE ( uid="700a0d94dd539543bad0d3a237ae53b5" ) LIMIT 1   [ RunTime:0.0012s ]
SQL: SHOW COLUMNS FROM `taskinfo700a0d94dd539543bad0d3a237ae53b5` [ RunTime:0.0036s ]
SQL: SELECT * FROM `taskinfo700a0d94dd539543bad0d3a237ae53b5` WHERE ( state = 0 or state = 2 )  [ RunTime:0.0012s ]
NOTIC: [2] Invalid argument supplied for foreach() D:\xampp\htdocs\todolist\Application\Home\Controller\TaskController.class.php 第 146 行.
NOTIC: [8] Undefined index: createtime D:\xampp\htdocs\todolist\Application\Home\Controller\TaskController.class.php 第 201 行.
NOTIC: [2] array_key_exists() expects parameter 2 to be array, string given D:\xampp\htdocs\todolist\Application\Home\Controller\TaskController.class.php 第 201 行.
NOTIC: [8] Undefined index: createtime D:\xampp\htdocs\todolist\Application\Home\Controller\TaskController.class.php 第 201 行.
NOTIC: [2] array_key_exists() expects parameter 2 to be array, string given D:\xampp\htdocs\todolist\Application\Home\Controller\TaskController.class.php 第 201 行.
INFO: [ app_end ] --START--
INFO: Run Behavior\ShowPageTraceBehavior [ RunTime:0.000627s ]
INFO: [ app_end ] --END-- [ RunTime:0.000670s ]

[ 2016-06-07T22:03:33+08:00 ] 172.23.235.6 /todolist/index.php/Home/Task/SynchronizeTask
INFO: [ app_init ] --START--
INFO: Run Behavior\BuildLiteBehavior [ RunTime:0.000015s ]
INFO: [ app_init ] --END-- [ RunTime:0.000469s ]
INFO: [ app_begin ] --START--
INFO: Run Behavior\ReadHtmlCacheBehavior [ RunTime:0.000662s ]
INFO: [ app_begin ] --END-- [ RunTime:0.000708s ]
SQL: SHOW COLUMNS FROM `userinfo` [ RunTime:0.0070s ]
SQL: SELECT * FROM `userinfo` WHERE ( uid="700a0d94dd539543bad0d3a237ae53b5" ) LIMIT 1   [ RunTime:0.0023s ]
SQL: SHOW COLUMNS FROM `taskinfo700a0d94dd539543bad0d3a237ae53b5` [ RunTime:0.0067s ]
SQL: SELECT * FROM `taskinfo700a0d94dd539543bad0d3a237ae53b5` WHERE ( state = 0 or state = 2 )  [ RunTime:0.0018s ]
NOTIC: [2] Invalid argument supplied for foreach() D:\xampp\htdocs\todolist\Application\Home\Controller\TaskController.class.php 第 146 行.
NOTIC: [8] Undefined index: createtime D:\xampp\htdocs\todolist\Application\Home\Controller\TaskController.class.php 第 201 行.
NOTIC: [2] array_key_exists() expects parameter 2 to be array, string given D:\xampp\htdocs\todolist\Application\Home\Controller\TaskController.class.php 第 201 行.
NOTIC: [8] Undefined index: createtime D:\xampp\htdocs\todolist\Application\Home\Controller\TaskController.class.php 第 201 行.
NOTIC: [2] array_key_exists() expects parameter 2 to be array, string given D:\xampp\htdocs\todolist\Application\Home\Controller\TaskController.class.php 第 201 行.
INFO: [ app_end ] --START--
INFO: Run Behavior\ShowPageTraceBehavior [ RunTime:0.001015s ]
INFO: [ app_end ] --END-- [ RunTime:0.001066s ]

[ 2016-06-07T22:03:48+08:00 ] 172.23.235.6 /todolist/index.php/Home/Task/SynchronizeTask
INFO: [ app_init ] --START--
INFO: Run Behavior\BuildLiteBehavior [ RunTime:0.000011s ]
INFO: [ app_init ] --END-- [ RunTime:0.000317s ]
INFO: [ app_begin ] --START--
INFO: Run Behavior\ReadHtmlCacheBehavior [ RunTime:0.000389s ]
INFO: [ app_begin ] --END-- [ RunTime:0.000429s ]
SQL: SHOW COLUMNS FROM `userinfo` [ RunTime:0.0048s ]
SQL: SELECT * FROM `userinfo` WHERE ( uid="700a0d94dd539543bad0d3a237ae53b5" ) LIMIT 1   [ RunTime:0.0011s ]
SQL: SHOW COLUMNS FROM `taskinfo700a0d94dd539543bad0d3a237ae53b5` [ RunTime:0.0036s ]
SQL: SELECT * FROM `taskinfo700a0d94dd539543bad0d3a237ae53b5` WHERE ( state = 0 or state = 2 )  [ RunTime:0.0009s ]
NOTIC: [2] Invalid argument supplied for foreach() D:\xampp\htdocs\todolist\Application\Home\Controller\TaskController.class.php 第 146 行.
NOTIC: [8] Undefined index: createtime D:\xampp\htdocs\todolist\Application\Home\Controller\TaskController.class.php 第 201 行.
NOTIC: [2] array_key_exists() expects parameter 2 to be array, string given D:\xampp\htdocs\todolist\Application\Home\Controller\TaskController.class.php 第 201 行.
NOTIC: [8] Undefined index: createtime D:\xampp\htdocs\todolist\Application\Home\Controller\TaskController.class.php 第 201 行.
NOTIC: [2] array_key_exists() expects parameter 2 to be array, string given D:\xampp\htdocs\todolist\Application\Home\Controller\TaskController.class.php 第 201 行.
INFO: [ app_end ] --START--
INFO: Run Behavior\ShowPageTraceBehavior [ RunTime:0.000608s ]
INFO: [ app_end ] --END-- [ RunTime:0.000647s ]

[ 2016-06-07T22:15:40+08:00 ] 172.23.235.6 /todolist/index.php/Home/User/Login
INFO: [ app_init ] --START--
INFO: Run Behavior\BuildLiteBehavior [ RunTime:0.000014s ]
INFO: [ app_init ] --END-- [ RunTime:0.000524s ]
INFO: [ app_begin ] --START--
INFO: Run Behavior\ReadHtmlCacheBehavior [ RunTime:0.000833s ]
INFO: [ app_begin ] --END-- [ RunTime:0.000905s ]
SQL: SHOW COLUMNS FROM `userinfo` [ RunTime:0.0041s ]
SQL: SELECT * FROM `userinfo` WHERE `phonenumber` = '18222773726' AND `password` = '5acd1fb6f07255681a2f6187123c0d39' LIMIT 1   [ RunTime:0.0014s ]
INFO: [ app_end ] --START--
INFO: Run Behavior\ShowPageTraceBehavior [ RunTime:0.000816s ]
INFO: [ app_end ] --END-- [ RunTime:0.000856s ]

[ 2016-06-07T22:15:40+08:00 ] 172.23.235.6 /todolist/index.php/Home/Task/SynchronizeTask
INFO: [ app_init ] --START--
INFO: Run Behavior\BuildLiteBehavior [ RunTime:0.000013s ]
INFO: [ app_init ] --END-- [ RunTime:0.000431s ]
INFO: [ app_begin ] --START--
INFO: Run Behavior\ReadHtmlCacheBehavior [ RunTime:0.001182s ]
INFO: [ app_begin ] --END-- [ RunTime:0.001245s ]
SQL: SHOW COLUMNS FROM `userinfo` [ RunTime:0.0059s ]
SQL: SELECT * FROM `userinfo` WHERE ( uid="69eae60c5c977e9b87c136435bbb3a91" ) LIMIT 1   [ RunTime:0.0015s ]
INFO: [ app_end ] --START--
INFO: Run Behavior\ShowPageTraceBehavior [ RunTime:0.001245s ]
INFO: [ app_end ] --END-- [ RunTime:0.001288s ]

[ 2016-06-07T22:23:01+08:00 ] 172.23.235.6 /todolist/index.php/Home/User/SignUp
INFO: [ app_init ] --START--
INFO: Run Behavior\BuildLiteBehavior [ RunTime:0.000012s ]
INFO: [ app_init ] --END-- [ RunTime:0.000428s ]
INFO: [ app_begin ] --START--
INFO: Run Behavior\ReadHtmlCacheBehavior [ RunTime:0.000994s ]
INFO: [ app_begin ] --END-- [ RunTime:0.001037s ]
SQL: SHOW COLUMNS FROM `userinfo` [ RunTime:0.0039s ]
SQL: SELECT * FROM `userinfo` WHERE `phonenumber` = '13821216831' LIMIT 1   [ RunTime:0.0006s ]
NOTIC: [8192] mysql_connect(): The mysql extension is deprecated and will be removed in the future: use mysqli or PDO instead D:\xampp\htdocs\todolist\Application\Home\Controller\UserController.class.php 第 105 行.
SQL: INSERT INTO `userinfo` (`uid`,`phonenumber`,`password`,`nickname`) VALUES ('76363ece3d879620e4e101ef74c65050','13821216831','96e79218965eb72c92a549dd5a330112','Lalalallalala') [ RunTime:0.0015s ]
INFO: [ app_end ] --START--
INFO: Run Behavior\ShowPageTraceBehavior [ RunTime:0.001769s ]
INFO: [ app_end ] --END-- [ RunTime:0.001847s ]

[ 2016-06-07T22:32:06+08:00 ] 172.23.235.6 /todolist/index.php/Home/Task/SynchronizeTask
INFO: [ app_init ] --START--
INFO: Run Behavior\BuildLiteBehavior [ RunTime:0.000011s ]
INFO: [ app_init ] --END-- [ RunTime:0.000397s ]
INFO: [ app_begin ] --START--
INFO: Run Behavior\ReadHtmlCacheBehavior [ RunTime:0.001122s ]
INFO: [ app_begin ] --END-- [ RunTime:0.001190s ]
SQL: SHOW COLUMNS FROM `userinfo` [ RunTime:0.0049s ]
SQL: SELECT * FROM `userinfo` WHERE ( uid="700a0d94dd539543bad0d3a237ae53b5" ) LIMIT 1   [ RunTime:0.0007s ]
SQL: SHOW COLUMNS FROM `taskinfo700a0d94dd539543bad0d3a237ae53b5` [ RunTime:0.0035s ]
SQL: SELECT * FROM `taskinfo700a0d94dd539543bad0d3a237ae53b5` WHERE ( state = 0 or state = 2 )  [ RunTime:0.0007s ]
NOTIC: [2] Invalid argument supplied for foreach() D:\xampp\htdocs\todolist\Application\Home\Controller\TaskController.class.php 第 146 行.
NOTIC: [8] Undefined index: createtime D:\xampp\htdocs\todolist\Application\Home\Controller\TaskController.class.php 第 201 行.
NOTIC: [2] array_key_exists() expects parameter 2 to be array, string given D:\xampp\htdocs\todolist\Application\Home\Controller\TaskController.class.php 第 201 行.
NOTIC: [8] Undefined index: createtime D:\xampp\htdocs\todolist\Application\Home\Controller\TaskController.class.php 第 201 行.
NOTIC: [2] array_key_exists() expects parameter 2 to be array, string given D:\xampp\htdocs\todolist\Application\Home\Controller\TaskController.class.php 第 201 行.
INFO: [ app_end ] --START--
INFO: Run Behavior\ShowPageTraceBehavior [ RunTime:0.001249s ]
INFO: [ app_end ] --END-- [ RunTime:0.001295s ]

[ 2016-06-07T22:32:41+08:00 ] 172.23.235.6 /todolist/index.php/Home/Task/SynchronizeTask
INFO: [ app_init ] --START--
INFO: Run Behavior\BuildLiteBehavior [ RunTime:0.000012s ]
INFO: [ app_init ] --END-- [ RunTime:0.000415s ]
INFO: [ app_begin ] --START--
INFO: Run Behavior\ReadHtmlCacheBehavior [ RunTime:0.000907s ]
INFO: [ app_begin ] --END-- [ RunTime:0.000948s ]
SQL: SHOW COLUMNS FROM `userinfo` [ RunTime:0.0055s ]
SQL: SELECT * FROM `userinfo` WHERE ( uid="76363ece3d879620e4e101ef74c65050" ) LIMIT 1   [ RunTime:0.0010s ]
SQL: SHOW COLUMNS FROM `taskinfo76363ece3d879620e4e101ef74c65050` [ RunTime:0.0036s ]
SQL: SELECT * FROM `taskinfo76363ece3d879620e4e101ef74c65050` WHERE ( state = 0 or state = 2 )  [ RunTime:0.0008s ]
NOTIC: [2] Invalid argument supplied for foreach() D:\xampp\htdocs\todolist\Application\Home\Controller\TaskController.class.php 第 146 行.
NOTIC: [8] Undefined variable: taskModelInDatabase D:\xampp\htdocs\todolist\Application\Home\Controller\TaskController.class.php 第 200 行.
NOTIC: [2] Invalid argument supplied for foreach() D:\xampp\htdocs\todolist\Application\Home\Controller\TaskController.class.php 第 200 行.
INFO: [ app_end ] --START--
INFO: Run Behavior\ShowPageTraceBehavior [ RunTime:0.001247s ]
INFO: [ app_end ] --END-- [ RunTime:0.001290s ]

[ 2016-06-07T22:37:00+08:00 ] 172.23.235.6 /todolist/
INFO: [ app_init ] --START--
INFO: Run Behavior\BuildLiteBehavior [ RunTime:0.000011s ]
INFO: [ app_init ] --END-- [ RunTime:0.000416s ]
INFO: [ app_begin ] --START--
INFO: Run Behavior\ReadHtmlCacheBehavior [ RunTime:0.000979s ]
INFO: [ app_begin ] --END-- [ RunTime:0.001021s ]
INFO: [ view_parse ] --START--
INFO: Run Behavior\ParseTemplateBehavior [ RunTime:0.001201s ]
INFO: [ view_parse ] --END-- [ RunTime:0.001250s ]
INFO: [ view_filter ] --START--
INFO: Run Behavior\WriteHtmlCacheBehavior [ RunTime:0.001079s ]
INFO: [ view_filter ] --END-- [ RunTime:0.001116s ]
INFO: [ app_end ] --START--
INFO: Run Behavior\ShowPageTraceBehavior [ RunTime:0.001107s ]
INFO: [ app_end ] --END-- [ RunTime:0.001147s ]

[ 2016-06-07T22:37:42+08:00 ] 172.23.235.6 /todolist/index.php/Home/Task/SynchronizeTask?UID=76363ece3d879620e4e101ef74c65050
INFO: [ app_init ] --START--
INFO: Run Behavior\BuildLiteBehavior [ RunTime:0.000011s ]
INFO: [ app_init ] --END-- [ RunTime:0.000362s ]
INFO: [ app_begin ] --START--
INFO: Run Behavior\ReadHtmlCacheBehavior [ RunTime:0.000913s ]
INFO: [ app_begin ] --END-- [ RunTime:0.000955s ]
SQL: SHOW COLUMNS FROM `userinfo` [ RunTime:0.0050s ]
SQL: SELECT * FROM `userinfo` WHERE ( uid="76363ece3d879620e4e101ef74c65050" ) LIMIT 1   [ RunTime:0.0005s ]
SQL: SHOW COLUMNS FROM `taskinfo76363ece3d879620e4e101ef74c65050` [ RunTime:0.0033s ]
SQL: SELECT * FROM `taskinfo76363ece3d879620e4e101ef74c65050` WHERE ( state = 0 or state = 2 )  [ RunTime:0.0005s ]
NOTIC: [2] Invalid argument supplied for foreach() D:\xampp\htdocs\todolist\Application\Home\Controller\TaskController.class.php 第 146 行.
NOTIC: [8] Undefined variable: taskModelInDatabase D:\xampp\htdocs\todolist\Application\Home\Controller\TaskController.class.php 第 200 行.
NOTIC: [2] Invalid argument supplied for foreach() D:\xampp\htdocs\todolist\Application\Home\Controller\TaskController.class.php 第 200 行.
INFO: [ app_end ] --START--
INFO: Run Behavior\ShowPageTraceBehavior [ RunTime:0.001214s ]
INFO: [ app_end ] --END-- [ RunTime:0.001255s ]

[ 2016-06-07T22:39:00+08:00 ] 172.23.235.6 /todolist/index.php/Home/Task/SynchronizeTask
INFO: [ app_init ] --START--
INFO: Run Behavior\BuildLiteBehavior [ RunTime:0.000012s ]
INFO: [ app_init ] --END-- [ RunTime:0.000353s ]
INFO: [ app_begin ] --START--
INFO: Run Behavior\ReadHtmlCacheBehavior [ RunTime:0.000909s ]
INFO: [ app_begin ] --END-- [ RunTime:0.000951s ]
SQL: SHOW COLUMNS FROM `userinfo` [ RunTime:0.0053s ]
SQL: SELECT * FROM `userinfo` WHERE ( uid="76363ece3d879620e4e101ef74c65050" ) LIMIT 1   [ RunTime:0.0016s ]
SQL: SHOW COLUMNS FROM `taskinfo76363ece3d879620e4e101ef74c65050` [ RunTime:0.0045s ]
SQL: SELECT * FROM `taskinfo76363ece3d879620e4e101ef74c65050` WHERE ( state = 0 or state = 2 )  [ RunTime:0.0013s ]
NOTIC: [2] Invalid argument supplied for foreach() D:\xampp\htdocs\todolist\Application\Home\Controller\TaskController.class.php 第 146 行.
NOTIC: [8] Undefined variable: taskModelInDatabase D:\xampp\htdocs\todolist\Application\Home\Controller\TaskController.class.php 第 200 行.
NOTIC: [2] Invalid argument supplied for foreach() D:\xampp\htdocs\todolist\Application\Home\Controller\TaskController.class.php 第 200 行.
INFO: [ app_end ] --START--
INFO: Run Behavior\ShowPageTraceBehavior [ RunTime:0.001351s ]
INFO: [ app_end ] --END-- [ RunTime:0.001395s ]

[ 2016-06-07T22:43:23+08:00 ] 127.0.0.1 /todolist/Home/Task/SynchronizeTask?UID=12121
INFO: [ app_init ] --START--
INFO: Run Behavior\BuildLiteBehavior [ RunTime:0.000013s ]
INFO: [ app_init ] --END-- [ RunTime:0.000474s ]
INFO: [ app_begin ] --START--
INFO: Run Behavior\ReadHtmlCacheBehavior [ RunTime:0.000967s ]
INFO: [ app_begin ] --END-- [ RunTime:0.001011s ]
SQL: SHOW COLUMNS FROM `userinfo` [ RunTime:0.0050s ]
SQL: SELECT * FROM `userinfo` WHERE ( uid="12121" ) LIMIT 1   [ RunTime:0.0010s ]
INFO: [ app_end ] --START--
INFO: Run Behavior\ShowPageTraceBehavior [ RunTime:0.001255s ]
INFO: [ app_end ] --END-- [ RunTime:0.001298s ]

[ 2016-06-07T22:44:38+08:00 ] 127.0.0.1 /todolist/Home/Task/SynchronizeTask?UID=76363ece3d879620e4e101ef74c65050
INFO: [ app_init ] --START--
INFO: Run Behavior\BuildLiteBehavior [ RunTime:0.000012s ]
INFO: [ app_init ] --END-- [ RunTime:0.000548s ]
INFO: [ app_begin ] --START--
INFO: Run Behavior\ReadHtmlCacheBehavior [ RunTime:0.001272s ]
INFO: [ app_begin ] --END-- [ RunTime:0.001319s ]
SQL: SHOW COLUMNS FROM `userinfo` [ RunTime:0.0039s ]
SQL: SELECT * FROM `userinfo` WHERE ( uid="76363ece3d879620e4e101ef74c65050" ) LIMIT 1   [ RunTime:0.0006s ]
SQL: SHOW COLUMNS FROM `taskinfo76363ece3d879620e4e101ef74c65050` [ RunTime:0.0037s ]
SQL: SELECT * FROM `taskinfo76363ece3d879620e4e101ef74c65050` WHERE ( state = 0 or state = 2 )  [ RunTime:0.0004s ]
NOTIC: [2] Invalid argument supplied for foreach() D:\xampp\htdocs\todolist\Application\Home\Controller\TaskController.class.php 第 146 行.
NOTIC: [8] Undefined variable: taskModelInDatabase D:\xampp\htdocs\todolist\Application\Home\Controller\TaskController.class.php 第 200 行.
NOTIC: [2] Invalid argument supplied for foreach() D:\xampp\htdocs\todolist\Application\Home\Controller\TaskController.class.php 第 200 行.
INFO: [ app_end ] --START--
INFO: Run Behavior\ShowPageTraceBehavior [ RunTime:0.001410s ]
INFO: [ app_end ] --END-- [ RunTime:0.001476s ]

[ 2016-06-07T22:46:00+08:00 ] 127.0.0.1 /todolist/Home/Task/SynchronizeTask?UID=76363ece3d879620e4e101ef74c65050
INFO: [ app_init ] --START--
INFO: Run Behavior\BuildLiteBehavior [ RunTime:0.000013s ]
INFO: [ app_init ] --END-- [ RunTime:0.000458s ]
INFO: [ app_begin ] --START--
INFO: Run Behavior\ReadHtmlCacheBehavior [ RunTime:0.000979s ]
INFO: [ app_begin ] --END-- [ RunTime:0.001022s ]
SQL: SHOW COLUMNS FROM `userinfo` [ RunTime:0.0049s ]
NOTIC: [8] Undefined variable: UID D:\xampp\htdocs\todolist\Application\Home\Controller\TaskController.class.php 第 126 行.
SQL: SELECT * FROM `userinfo` WHERE `uid` = null LIMIT 1   [ RunTime:0.0007s ]
SQL: SELECT * FROM `userinfo` WHERE ( uid="76363ece3d879620e4e101ef74c65050" ) LIMIT 1   [ RunTime:0.0004s ]
SQL: SHOW COLUMNS FROM `taskinfo76363ece3d879620e4e101ef74c65050` [ RunTime:0.0038s ]
SQL: SELECT * FROM `taskinfo76363ece3d879620e4e101ef74c65050` WHERE ( state = 0 or state = 2 )  [ RunTime:0.0009s ]
INFO: [ app_end ] --START--
INFO: Run Behavior\ShowPageTraceBehavior [ RunTime:0.001300s ]
INFO: [ app_end ] --END-- [ RunTime:0.001347s ]

[ 2016-06-07T22:46:38+08:00 ] 127.0.0.1 /todolist/Home/Task/SynchronizeTask?UID=76363ece3d879620e4e101ef74c65050
INFO: [ app_init ] --START--
INFO: Run Behavior\BuildLiteBehavior [ RunTime:0.000012s ]
INFO: [ app_init ] --END-- [ RunTime:0.000378s ]
INFO: [ app_begin ] --START--
INFO: Run Behavior\ReadHtmlCacheBehavior [ RunTime:0.000991s ]
INFO: [ app_begin ] --END-- [ RunTime:0.001035s ]
SQL: SHOW COLUMNS FROM `userinfo` [ RunTime:0.0045s ]
NOTIC: [8] Undefined variable: UID D:\xampp\htdocs\todolist\Application\Home\Controller\TaskController.class.php 第 126 行.
SQL: SELECT * FROM `userinfo` WHERE `uid` = null LIMIT 1   [ RunTime:0.0013s ]
SQL: SELECT * FROM `userinfo` WHERE ( uid="76363ece3d879620e4e101ef74c65050" ) LIMIT 1   [ RunTime:0.0008s ]
SQL: SHOW COLUMNS FROM `taskinfo76363ece3d879620e4e101ef74c65050` [ RunTime:0.0039s ]
SQL: SELECT * FROM `taskinfo76363ece3d879620e4e101ef74c65050` WHERE ( state = 0 or state = 2 )  [ RunTime:0.0015s ]
INFO: [ app_end ] --START--
INFO: Run Behavior\ShowPageTraceBehavior [ RunTime:0.001358s ]
INFO: [ app_end ] --END-- [ RunTime:0.001401s ]

[ 2016-06-07T22:47:02+08:00 ] 127.0.0.1 /todolist/Home/Task/SynchronizeTask?UID=76363ece3d879620e4e101ef74c65050
INFO: [ app_init ] --START--
INFO: Run Behavior\BuildLiteBehavior [ RunTime:0.000014s ]
INFO: [ app_init ] --END-- [ RunTime:0.000406s ]
INFO: [ app_begin ] --START--
INFO: Run Behavior\ReadHtmlCacheBehavior [ RunTime:0.001041s ]
INFO: [ app_begin ] --END-- [ RunTime:0.001089s ]
SQL: SHOW COLUMNS FROM `userinfo` [ RunTime:0.0045s ]
NOTIC: [8] Undefined variable: UID D:\xampp\htdocs\todolist\Application\Home\Controller\TaskController.class.php 第 126 行.
SQL: SELECT * FROM `userinfo` WHERE `uid` = null LIMIT 1   [ RunTime:0.0004s ]
SQL: SELECT * FROM `userinfo` WHERE ( uid="76363ece3d879620e4e101ef74c65050" ) LIMIT 1   [ RunTime:0.0004s ]
SQL: SHOW COLUMNS FROM `taskinfo76363ece3d879620e4e101ef74c65050` [ RunTime:0.0034s ]
SQL: SELECT * FROM `taskinfo76363ece3d879620e4e101ef74c65050` WHERE ( state = 0 or state = 2 )  [ RunTime:0.0005s ]
NOTIC: [2] Invalid argument supplied for foreach() D:\xampp\htdocs\todolist\Application\Home\Controller\TaskController.class.php 第 151 行.
NOTIC: [8] Undefined variable: taskModelInDatabase D:\xampp\htdocs\todolist\Application\Home\Controller\TaskController.class.php 第 205 行.
NOTIC: [2] Invalid argument supplied for foreach() D:\xampp\htdocs\todolist\Application\Home\Controller\TaskController.class.php 第 205 行.
INFO: [ app_end ] --START--
INFO: Run Behavior\ShowPageTraceBehavior [ RunTime:0.001305s ]
INFO: [ app_end ] --END-- [ RunTime:0.001347s ]

[ 2016-06-07T22:47:38+08:00 ] 172.23.235.6 /todolist/index.php/Home/Task/SynchronizeTask
INFO: [ app_init ] --START--
INFO: Run Behavior\BuildLiteBehavior [ RunTime:0.000014s ]
INFO: [ app_init ] --END-- [ RunTime:0.000399s ]
INFO: [ app_begin ] --START--
INFO: Run Behavior\ReadHtmlCacheBehavior [ RunTime:0.001077s ]
INFO: [ app_begin ] --END-- [ RunTime:0.001130s ]
SQL: SHOW COLUMNS FROM `userinfo` [ RunTime:0.0047s ]
NOTIC: [8] Undefined variable: UID D:\xampp\htdocs\todolist\Application\Home\Controller\TaskController.class.php 第 126 行.
SQL: SELECT * FROM `userinfo` WHERE `uid` = null LIMIT 1   [ RunTime:0.0009s ]
SQL: SELECT * FROM `userinfo` WHERE ( uid="76363ece3d879620e4e101ef74c65050" ) LIMIT 1   [ RunTime:0.0006s ]
SQL: SHOW COLUMNS FROM `taskinfo76363ece3d879620e4e101ef74c65050` [ RunTime:0.0038s ]
SQL: SELECT * FROM `taskinfo76363ece3d879620e4e101ef74c65050` WHERE ( state = 0 or state = 2 )  [ RunTime:0.0011s ]
NOTIC: [2] Invalid argument supplied for foreach() D:\xampp\htdocs\todolist\Application\Home\Controller\TaskController.class.php 第 151 行.
NOTIC: [8] Undefined variable: taskModelInDatabase D:\xampp\htdocs\todolist\Application\Home\Controller\TaskController.class.php 第 205 行.
NOTIC: [2] Invalid argument supplied for foreach() D:\xampp\htdocs\todolist\Application\Home\Controller\TaskController.class.php 第 205 行.
INFO: [ app_end ] --START--
INFO: Run Behavior\ShowPageTraceBehavior [ RunTime:0.001890s ]
INFO: [ app_end ] --END-- [ RunTime:0.001952s ]

[ 2016-06-07T22:49:10+08:00 ] 172.23.235.6 /todolist/index.php/Home/Task/SynchronizeTask
INFO: [ app_init ] --START--
INFO: Run Behavior\BuildLiteBehavior [ RunTime:0.000012s ]
INFO: [ app_init ] --END-- [ RunTime:0.000415s ]
INFO: [ app_begin ] --START--
INFO: Run Behavior\ReadHtmlCacheBehavior [ RunTime:0.000913s ]
INFO: [ app_begin ] --END-- [ RunTime:0.000957s ]
SQL: SHOW COLUMNS FROM `userinfo` [ RunTime:0.0049s ]
NOTIC: [8] Undefined variable: UID D:\xampp\htdocs\todolist\Application\Home\Controller\TaskController.class.php 第 126 行.
SQL: SELECT * FROM `userinfo` WHERE `uid` = null LIMIT 1   [ RunTime:0.0011s ]
SQL: SELECT * FROM `userinfo` WHERE ( uid="76363ece3d879620e4e101ef74c65050" ) LIMIT 1   [ RunTime:0.0013s ]
SQL: SHOW COLUMNS FROM `taskinfo76363ece3d879620e4e101ef74c65050` [ RunTime:0.0044s ]
SQL: SELECT * FROM `taskinfo76363ece3d879620e4e101ef74c65050` WHERE ( state = 0 or state = 2 )  [ RunTime:0.0011s ]
NOTIC: [2] Invalid argument supplied for foreach() D:\xampp\htdocs\todolist\Application\Home\Controller\TaskController.class.php 第 151 行.
NOTIC: [8] Undefined variable: taskModelInDatabase D:\xampp\htdocs\todolist\Application\Home\Controller\TaskController.class.php 第 205 行.
NOTIC: [2] Invalid argument supplied for foreach() D:\xampp\htdocs\todolist\Application\Home\Controller\TaskController.class.php 第 205 行.
INFO: [ app_end ] --START--
INFO: Run Behavior\ShowPageTraceBehavior [ RunTime:0.001198s ]
INFO: [ app_end ] --END-- [ RunTime:0.001240s ]

[ 2016-06-07T22:51:10+08:00 ] 172.23.235.6 /todolist/index.php/Home/User/Login
INFO: [ app_init ] --START--
INFO: Run Behavior\BuildLiteBehavior [ RunTime:0.000013s ]
INFO: [ app_init ] --END-- [ RunTime:0.000358s ]
INFO: [ app_begin ] --START--
INFO: Run Behavior\ReadHtmlCacheBehavior [ RunTime:0.001029s ]
INFO: [ app_begin ] --END-- [ RunTime:0.001076s ]
SQL: SHOW COLUMNS FROM `userinfo` [ RunTime:0.0056s ]
SQL: SELECT * FROM `userinfo` WHERE `phonenumber` = '13821216831' AND `password` = '96e79218965eb72c92a549dd5a330112' LIMIT 1   [ RunTime:0.0011s ]
INFO: [ app_end ] --START--
INFO: Run Behavior\ShowPageTraceBehavior [ RunTime:0.001698s ]
INFO: [ app_end ] --END-- [ RunTime:0.001793s ]

[ 2016-06-07T22:51:10+08:00 ] 172.23.235.6 /todolist/index.php/Home/Task/SynchronizeTask
INFO: [ app_init ] --START--
INFO: Run Behavior\BuildLiteBehavior [ RunTime:0.000015s ]
INFO: [ app_init ] --END-- [ RunTime:0.000647s ]
INFO: [ app_begin ] --START--
INFO: Run Behavior\ReadHtmlCacheBehavior [ RunTime:0.001140s ]
INFO: [ app_begin ] --END-- [ RunTime:0.001200s ]
SQL: SHOW COLUMNS FROM `userinfo` [ RunTime:0.0057s ]
NOTIC: [8] Undefined variable: UID D:\xampp\htdocs\todolist\Application\Home\Controller\TaskController.class.php 第 126 行.
SQL: SELECT * FROM `userinfo` WHERE `uid` = null LIMIT 1   [ RunTime:0.0007s ]
SQL: SELECT * FROM `userinfo` WHERE ( uid="4e68b6e728333fcc4b606fc760658356" ) LIMIT 1   [ RunTime:0.0007s ]
INFO: [ app_end ] --START--
INFO: Run Behavior\ShowPageTraceBehavior [ RunTime:0.001300s ]
INFO: [ app_end ] --END-- [ RunTime:0.001363s ]

[ 2016-06-07T22:51:54+08:00 ] 172.23.235.6 /todolist/index.php/Home/User/Login
INFO: [ app_init ] --START--
INFO: Run Behavior\BuildLiteBehavior [ RunTime:0.000012s ]
INFO: [ app_init ] --END-- [ RunTime:0.000407s ]
INFO: [ app_begin ] --START--
INFO: Run Behavior\ReadHtmlCacheBehavior [ RunTime:0.000908s ]
INFO: [ app_begin ] --END-- [ RunTime:0.000951s ]
SQL: SHOW COLUMNS FROM `userinfo` [ RunTime:0.0058s ]
SQL: SELECT * FROM `userinfo` WHERE `phonenumber` = 'Ad' AND `password` = '523af537946b79c4f8369ed39ba78605' LIMIT 1   [ RunTime:0.0010s ]
INFO: [ app_end ] --START--
INFO: Run Behavior\ShowPageTraceBehavior [ RunTime:0.001357s ]
INFO: [ app_end ] --END-- [ RunTime:0.001409s ]

[ 2016-06-07T22:52:06+08:00 ] 172.23.235.6 /todolist/index.php/Home/User/Login
INFO: [ app_init ] --START--
INFO: Run Behavior\BuildLiteBehavior [ RunTime:0.000013s ]
INFO: [ app_init ] --END-- [ RunTime:0.000576s ]
INFO: [ app_begin ] --START--
INFO: Run Behavior\ReadHtmlCacheBehavior [ RunTime:0.000904s ]
INFO: [ app_begin ] --END-- [ RunTime:0.000958s ]
SQL: SHOW COLUMNS FROM `userinfo` [ RunTime:0.0054s ]
SQL: SELECT * FROM `userinfo` WHERE `phonenumber` = '13821216831' AND `password` = '96e79218965eb72c92a549dd5a330112' LIMIT 1   [ RunTime:0.0010s ]
INFO: [ app_end ] --START--
INFO: Run Behavior\ShowPageTraceBehavior [ RunTime:0.001431s ]
INFO: [ app_end ] --END-- [ RunTime:0.001481s ]

[ 2016-06-07T22:52:06+08:00 ] 172.23.235.6 /todolist/index.php/Home/Task/SynchronizeTask
INFO: [ app_init ] --START--
INFO: Run Behavior\BuildLiteBehavior [ RunTime:0.000012s ]
INFO: [ app_init ] --END-- [ RunTime:0.000409s ]
INFO: [ app_begin ] --START--
INFO: Run Behavior\ReadHtmlCacheBehavior [ RunTime:0.001434s ]
INFO: [ app_begin ] --END-- [ RunTime:0.001532s ]
SQL: SHOW COLUMNS FROM `userinfo` [ RunTime:0.0060s ]
NOTIC: [8] Undefined variable: UID D:\xampp\htdocs\todolist\Application\Home\Controller\TaskController.class.php 第 126 行.
SQL: SELECT * FROM `userinfo` WHERE `uid` = null LIMIT 1   [ RunTime:0.0008s ]
SQL: SELECT * FROM `userinfo` WHERE ( uid="4e68b6e728333fcc4b606fc760658356" ) LIMIT 1   [ RunTime:0.0008s ]
INFO: [ app_end ] --START--
INFO: Run Behavior\ShowPageTraceBehavior [ RunTime:0.001302s ]
INFO: [ app_end ] --END-- [ RunTime:0.001357s ]

[ 2016-06-07T22:53:18+08:00 ] 172.23.235.6 /todolist/index.php/Home/User/Login
INFO: [ app_init ] --START--
INFO: Run Behavior\BuildLiteBehavior [ RunTime:0.000013s ]
INFO: [ app_init ] --END-- [ RunTime:0.000329s ]
INFO: [ app_begin ] --START--
INFO: Run Behavior\ReadHtmlCacheBehavior [ RunTime:0.001042s ]
INFO: [ app_begin ] --END-- [ RunTime:0.001094s ]
SQL: SHOW COLUMNS FROM `userinfo` [ RunTime:0.0046s ]
SQL: SELECT * FROM `userinfo` WHERE `phonenumber` = '18222773726' AND `password` = '5acd1fb6f07255681a2f6187123c0d39' LIMIT 1   [ RunTime:0.0004s ]
INFO: [ app_end ] --START--
INFO: Run Behavior\ShowPageTraceBehavior [ RunTime:0.001258s ]
INFO: [ app_end ] --END-- [ RunTime:0.001301s ]

[ 2016-06-07T22:53:18+08:00 ] 172.23.235.6 /todolist/index.php/Home/Task/SynchronizeTask
INFO: [ app_init ] --START--
INFO: Run Behavior\BuildLiteBehavior [ RunTime:0.000014s ]
INFO: [ app_init ] --END-- [ RunTime:0.000456s ]
INFO: [ app_begin ] --START--
INFO: Run Behavior\ReadHtmlCacheBehavior [ RunTime:0.001075s ]
INFO: [ app_begin ] --END-- [ RunTime:0.001128s ]
SQL: SHOW COLUMNS FROM `userinfo` [ RunTime:0.0038s ]
NOTIC: [8] Undefined variable: UID D:\xampp\htdocs\todolist\Application\Home\Controller\TaskController.class.php 第 126 行.
SQL: SELECT * FROM `userinfo` WHERE `uid` = null LIMIT 1   [ RunTime:0.0003s ]
SQL: SELECT * FROM `userinfo` WHERE ( uid="69eae60c5c977e9b87c136435bbb3a91" ) LIMIT 1   [ RunTime:0.0003s ]
INFO: [ app_end ] --START--
INFO: Run Behavior\ShowPageTraceBehavior [ RunTime:0.001273s ]
INFO: [ app_end ] --END-- [ RunTime:0.001320s ]

[ 2016-06-07T22:55:40+08:00 ] 172.23.235.6 /todolist/index.php/Home/User/Login
INFO: [ app_init ] --START--
INFO: Run Behavior\BuildLiteBehavior [ RunTime:0.000012s ]
INFO: [ app_init ] --END-- [ RunTime:0.000439s ]
INFO: [ app_begin ] --START--
INFO: Run Behavior\ReadHtmlCacheBehavior [ RunTime:0.000959s ]
INFO: [ app_begin ] --END-- [ RunTime:0.001002s ]
SQL: SHOW COLUMNS FROM `userinfo` [ RunTime:0.0052s ]
SQL: SELECT * FROM `userinfo` WHERE `phonenumber` = '18222773726' AND `password` = '5acd1fb6f07255681a2f6187123c0d39' LIMIT 1   [ RunTime:0.0010s ]
INFO: [ app_end ] --START--
INFO: Run Behavior\ShowPageTraceBehavior [ RunTime:0.001495s ]
INFO: [ app_end ] --END-- [ RunTime:0.001555s ]

[ 2016-06-07T22:55:40+08:00 ] 172.23.235.6 /todolist/index.php/Home/Task/SynchronizeTask
INFO: [ app_init ] --START--
INFO: Run Behavior\BuildLiteBehavior [ RunTime:0.000011s ]
INFO: [ app_init ] --END-- [ RunTime:0.000388s ]
INFO: [ app_begin ] --START--
INFO: Run Behavior\ReadHtmlCacheBehavior [ RunTime:0.001166s ]
INFO: [ app_begin ] --END-- [ RunTime:0.001215s ]
SQL: SHOW COLUMNS FROM `userinfo` [ RunTime:0.0035s ]
NOTIC: [8] Undefined variable: UID D:\xampp\htdocs\todolist\Application\Home\Controller\TaskController.class.php 第 126 行.
SQL: SELECT * FROM `userinfo` WHERE `uid` = null LIMIT 1   [ RunTime:0.0008s ]
SQL: SELECT * FROM `userinfo` WHERE ( uid="700a0d94dd539543bad0d3a237ae53b5" ) LIMIT 1   [ RunTime:0.0005s ]
SQL: SHOW COLUMNS FROM `taskinfo700a0d94dd539543bad0d3a237ae53b5` [ RunTime:0.0034s ]
SQL: SELECT * FROM `taskinfo700a0d94dd539543bad0d3a237ae53b5` WHERE ( state = 0 or state = 2 )  [ RunTime:0.0008s ]
NOTIC: [2] Invalid argument supplied for foreach() D:\xampp\htdocs\todolist\Application\Home\Controller\TaskController.class.php 第 151 行.
NOTIC: [8] Undefined index: createtime D:\xampp\htdocs\todolist\Application\Home\Controller\TaskController.class.php 第 206 行.
NOTIC: [2] array_key_exists() expects parameter 2 to be array, string given D:\xampp\htdocs\todolist\Application\Home\Controller\TaskController.class.php 第 206 行.
NOTIC: [8] Undefined index: createtime D:\xampp\htdocs\todolist\Application\Home\Controller\TaskController.class.php 第 206 行.
NOTIC: [2] array_key_exists() expects parameter 2 to be array, string given D:\xampp\htdocs\todolist\Application\Home\Controller\TaskController.class.php 第 206 行.
INFO: [ app_end ] --START--
INFO: Run Behavior\ShowPageTraceBehavior [ RunTime:0.001230s ]
INFO: [ app_end ] --END-- [ RunTime:0.001274s ]

[ 2016-06-07T22:55:59+08:00 ] 172.23.235.6 /todolist/index.php/Home/User/Login
INFO: [ app_init ] --START--
INFO: Run Behavior\BuildLiteBehavior [ RunTime:0.000012s ]
INFO: [ app_init ] --END-- [ RunTime:0.000438s ]
INFO: [ app_begin ] --START--
INFO: Run Behavior\ReadHtmlCacheBehavior [ RunTime:0.001288s ]
INFO: [ app_begin ] --END-- [ RunTime:0.001349s ]
SQL: SHOW COLUMNS FROM `userinfo` [ RunTime:0.0062s ]
SQL: SELECT * FROM `userinfo` WHERE `phonenumber` = '13821216831' AND `password` = '96e79218965eb72c92a549dd5a330112' LIMIT 1   [ RunTime:0.0014s ]
INFO: [ app_end ] --START--
INFO: Run Behavior\ShowPageTraceBehavior [ RunTime:0.001515s ]
INFO: [ app_end ] --END-- [ RunTime:0.001570s ]

[ 2016-06-07T22:55:59+08:00 ] 172.23.235.6 /todolist/index.php/Home/Task/SynchronizeTask
INFO: [ app_init ] --START--
INFO: Run Behavior\BuildLiteBehavior [ RunTime:0.000020s ]
INFO: [ app_init ] --END-- [ RunTime:0.000520s ]
INFO: [ app_begin ] --START--
INFO: Run Behavior\ReadHtmlCacheBehavior [ RunTime:0.001273s ]
INFO: [ app_begin ] --END-- [ RunTime:0.001367s ]
SQL: SHOW COLUMNS FROM `userinfo` [ RunTime:0.0049s ]
NOTIC: [8] Undefined variable: UID D:\xampp\htdocs\todolist\Application\Home\Controller\TaskController.class.php 第 126 行.
SQL: SELECT * FROM `userinfo` WHERE `uid` = null LIMIT 1   [ RunTime:0.0013s ]
SQL: SELECT * FROM `userinfo` WHERE ( uid="76363ece3d879620e4e101ef74c65050" ) LIMIT 1   [ RunTime:0.0013s ]
SQL: SHOW COLUMNS FROM `taskinfo76363ece3d879620e4e101ef74c65050` [ RunTime:0.0046s ]
SQL: SELECT * FROM `taskinfo76363ece3d879620e4e101ef74c65050` WHERE ( state = 0 or state = 2 )  [ RunTime:0.0015s ]
NOTIC: [2] Invalid argument supplied for foreach() D:\xampp\htdocs\todolist\Application\Home\Controller\TaskController.class.php 第 151 行.
NOTIC: [8] Undefined variable: taskModelInDatabase D:\xampp\htdocs\todolist\Application\Home\Controller\TaskController.class.php 第 205 行.
NOTIC: [2] Invalid argument supplied for foreach() D:\xampp\htdocs\todolist\Application\Home\Controller\TaskController.class.php 第 205 行.
INFO: [ app_end ] --START--
INFO: Run Behavior\ShowPageTraceBehavior [ RunTime:0.001815s ]
INFO: [ app_end ] --END-- [ RunTime:0.001891s ]

