[ 2016-06-14T14:58:21+08:00 ] 172.23.125.234 /todolist/uploadimg/76842a1b79d05feb044c0d685f69d344.png
INFO: [ app_init ] --START--
INFO: Run Behavior\BuildLiteBehavior [ RunTime:0.000011s ]
INFO: [ app_init ] --END-- [ RunTime:0.000404s ]
ERR: 无法加载模块:Uploadimg

[ 2016-06-14T14:58:24+08:00 ] 172.23.125.234 /todolist/uploadimg/76842a1b79d05feb044c0d685f69d344.png
INFO: [ app_init ] --START--
INFO: Run Behavior\BuildLiteBehavior [ RunTime:0.000011s ]
INFO: [ app_init ] --END-- [ RunTime:0.000330s ]
ERR: 无法加载模块:Uploadimg

[ 2016-06-14T14:58:40+08:00 ] 172.23.125.234 /todolist/uploadimg/76842a1b79d05feb044c0d685f69d344.png
INFO: [ app_init ] --START--
INFO: Run Behavior\BuildLiteBehavior [ RunTime:0.000013s ]
INFO: [ app_init ] --END-- [ RunTime:0.000335s ]
ERR: 无法加载模块:Uploadimg

[ 2016-06-14T14:58:42+08:00 ] 172.23.125.234 /todolist/uploadimg/76842a1b79d05feb044c0d685f69d344.png
INFO: [ app_init ] --START--
INFO: Run Behavior\BuildLiteBehavior [ RunTime:0.000013s ]
INFO: [ app_init ] --END-- [ RunTime:0.000369s ]
ERR: 无法加载模块:Uploadimg

[ 2016-06-14T14:58:43+08:00 ] 172.23.125.234 /todolist/uploadimg/76842a1b79d05feb044c0d685f69d344.png
INFO: [ app_init ] --START--
INFO: Run Behavior\BuildLiteBehavior [ RunTime:0.000023s ]
INFO: [ app_init ] --END-- [ RunTime:0.000460s ]
ERR: 无法加载模块:Uploadimg

[ 2016-06-14T14:58:45+08:00 ] 172.23.125.234 /todolist/uploadimg/76842a1b79d05feb044c0d685f69d344.png
INFO: [ app_init ] --START--
INFO: Run Behavior\BuildLiteBehavior [ RunTime:0.000011s ]
INFO: [ app_init ] --END-- [ RunTime:0.000362s ]
ERR: 无法加载模块:Uploadimg

[ 2016-06-14T14:58:46+08:00 ] 172.23.125.234 /todolist/uploadimg/76842a1b79d05feb044c0d685f69d344.png
INFO: [ app_init ] --START--
INFO: Run Behavior\BuildLiteBehavior [ RunTime:0.000017s ]
INFO: [ app_init ] --END-- [ RunTime:0.000396s ]
ERR: 无法加载模块:Uploadimg

[ 2016-06-14T14:58:52+08:00 ] 172.23.125.234 /todolist/uploadimg/76842a1b79d05feb044c0d685f69d344.png
INFO: [ app_init ] --START--
INFO: Run Behavior\BuildLiteBehavior [ RunTime:0.000018s ]
INFO: [ app_init ] --END-- [ RunTime:0.000500s ]
ERR: 无法加载模块:Uploadimg

[ 2016-06-14T15:30:23+08:00 ] 172.23.125.234 /todolist/uploadimg/76842a1b79d05feb044c0d685f69d344.png
INFO: [ app_init ] --START--
INFO: Run Behavior\BuildLiteBehavior [ RunTime:0.000013s ]
INFO: [ app_init ] --END-- [ RunTime:0.000677s ]
ERR: 无法加载模块:Uploadimg

[ 2016-06-14T16:46:17+08:00 ] 172.23.255.33 /todolist//uploadimg/c9fb01bb38360f1f3f595b7ccf3d3abe.png
INFO: [ app_init ] --START--
INFO: Run Behavior\BuildLiteBehavior [ RunTime:0.000012s ]
INFO: [ app_init ] --END-- [ RunTime:0.000433s ]
ERR: 无法加载模块:Uploadimg

[ 2016-06-14T16:46:19+08:00 ] 172.23.255.33 /todolist//uploadimg/c9fb01bb38360f1f3f595b7ccf3d3abe.png
INFO: [ app_init ] --START--
INFO: Run Behavior\BuildLiteBehavior [ RunTime:0.000013s ]
INFO: [ app_init ] --END-- [ RunTime:0.000484s ]
ERR: 无法加载模块:Uploadimg

[ 2016-06-14T16:54:24+08:00 ] 172.23.255.33 /todolist//uploadimg/76842a1b79d05feb044c0d685f69d344.png
INFO: [ app_init ] --START--
INFO: Run Behavior\BuildLiteBehavior [ RunTime:0.000012s ]
INFO: [ app_init ] --END-- [ RunTime:0.000396s ]
ERR: 无法加载模块:Uploadimg

[ 2016-06-14T16:54:27+08:00 ] 172.23.255.33 /todolist//uploadimg/76842a1b79d05feb044c0d685f69d344.png
INFO: [ app_init ] --START--
INFO: Run Behavior\BuildLiteBehavior [ RunTime:0.000013s ]
INFO: [ app_init ] --END-- [ RunTime:0.000411s ]
ERR: 无法加载模块:Uploadimg

[ 2016-06-14T17:07:31+08:00 ] 172.23.255.33 /todolist//uploadimg/76842a1b79d05feb044c0d685f69d344.png
INFO: [ app_init ] --START--
INFO: Run Behavior\BuildLiteBehavior [ RunTime:0.000013s ]
INFO: [ app_init ] --END-- [ RunTime:0.000419s ]
ERR: 无法加载模块:Uploadimg

[ 2016-06-14T17:07:48+08:00 ] 172.23.255.33 /todolist//uploadimg/76842a1b79d05feb044c0d685f69d344.png
INFO: [ app_init ] --START--
INFO: Run Behavior\BuildLiteBehavior [ RunTime:0.000012s ]
INFO: [ app_init ] --END-- [ RunTime:0.000446s ]
ERR: 无法加载模块:Uploadimg

