[ 2016-06-15T08:44:33+08:00 ] 10.1.34.224 /todolist//uploadimg/c9fb01bb38360f1f3f595b7ccf3d3abe.png
INFO: [ app_init ] --START--
INFO: Run Behavior\BuildLiteBehavior [ RunTime:0.000013s ]
INFO: [ app_init ] --END-- [ RunTime:0.000386s ]
ERR: 无法加载模块:Uploadimg

[ 2016-06-15T08:45:47+08:00 ] 10.1.34.224 /todolist//uploadimg/c9fb01bb38360f1f3f595b7ccf3d3abe.png
INFO: [ app_init ] --START--
INFO: Run Behavior\BuildLiteBehavior [ RunTime:0.000011s ]
INFO: [ app_init ] --END-- [ RunTime:0.000318s ]
ERR: 无法加载模块:Uploadimg

[ 2016-06-15T08:45:49+08:00 ] 10.1.34.224 /todolist//uploadimg/c9fb01bb38360f1f3f595b7ccf3d3abe.png
INFO: [ app_init ] --START--
INFO: Run Behavior\BuildLiteBehavior [ RunTime:0.000011s ]
INFO: [ app_init ] --END-- [ RunTime:0.000338s ]
ERR: 无法加载模块:Uploadimg

[ 2016-06-15T08:45:50+08:00 ] 10.1.34.224 /todolist//uploadimg/c9fb01bb38360f1f3f595b7ccf3d3abe.png
INFO: [ app_init ] --START--
INFO: Run Behavior\BuildLiteBehavior [ RunTime:0.000011s ]
INFO: [ app_init ] --END-- [ RunTime:0.000310s ]
ERR: 无法加载模块:Uploadimg

[ 2016-06-15T08:45:51+08:00 ] 10.1.34.224 /todolist//uploadimg/c9fb01bb38360f1f3f595b7ccf3d3abe.png
INFO: [ app_init ] --START--
INFO: Run Behavior\BuildLiteBehavior [ RunTime:0.000011s ]
INFO: [ app_init ] --END-- [ RunTime:0.000340s ]
ERR: 无法加载模块:Uploadimg

[ 2016-06-15T08:46:18+08:00 ] 10.1.34.224 /todolist//uploadimg/c9fb01bb38360f1f3f595b7ccf3d3abe.png
INFO: [ app_init ] --START--
INFO: Run Behavior\BuildLiteBehavior [ RunTime:0.000018s ]
INFO: [ app_init ] --END-- [ RunTime:0.000472s ]
ERR: 无法加载模块:Uploadimg

[ 2016-06-15T08:46:24+08:00 ] 10.1.34.224 /todolist//uploadimg/c9fb01bb38360f1f3f595b7ccf3d3abe.png
INFO: [ app_init ] --START--
INFO: Run Behavior\BuildLiteBehavior [ RunTime:0.000010s ]
INFO: [ app_init ] --END-- [ RunTime:0.000335s ]
ERR: 无法加载模块:Uploadimg

[ 2016-06-15T08:47:04+08:00 ] 10.1.34.224 /todolist//uploadimg/c9fb01bb38360f1f3f595b7ccf3d3abe.png
INFO: [ app_init ] --START--
INFO: Run Behavior\BuildLiteBehavior [ RunTime:0.000012s ]
INFO: [ app_init ] --END-- [ RunTime:0.000353s ]
ERR: 无法加载模块:Uploadimg

[ 2016-06-15T09:35:19+08:00 ] 10.1.46.167 /todolist//uploadimg/ecfc3d9c5e4709ff975a93f8e50c845e.png
INFO: [ app_init ] --START--
INFO: Run Behavior\BuildLiteBehavior [ RunTime:0.000018s ]
INFO: [ app_init ] --END-- [ RunTime:0.000767s ]
ERR: 无法加载模块:Uploadimg

[ 2016-06-15T09:35:19+08:00 ] 10.1.46.167 /todolist//uploadimg/ecfc3d9c5e4709ff975a93f8e50c845e.png
INFO: [ app_init ] --START--
INFO: Run Behavior\BuildLiteBehavior [ RunTime:0.000022s ]
INFO: [ app_init ] --END-- [ RunTime:0.000694s ]
ERR: 无法加载模块:Uploadimg

[ 2016-06-15T09:36:57+08:00 ] 10.1.46.167 /todolist//uploadimg/ecfc3d9c5e4709ff975a93f8e50c845e.png
INFO: [ app_init ] --START--
INFO: Run Behavior\BuildLiteBehavior [ RunTime:0.000024s ]
INFO: [ app_init ] --END-- [ RunTime:0.000682s ]
ERR: 无法加载模块:Uploadimg

[ 2016-06-15T09:36:59+08:00 ] 10.1.46.167 /todolist//uploadimg/ecfc3d9c5e4709ff975a93f8e50c845e.png
INFO: [ app_init ] --START--
INFO: Run Behavior\BuildLiteBehavior [ RunTime:0.000018s ]
INFO: [ app_init ] --END-- [ RunTime:0.000473s ]
ERR: 无法加载模块:Uploadimg

[ 2016-06-15T09:37:23+08:00 ] 10.1.46.167 /todolist/todolist/index.php/Home/User/ChangeNickname
INFO: [ app_init ] --START--
INFO: Run Behavior\BuildLiteBehavior [ RunTime:0.000015s ]
INFO: [ app_init ] --END-- [ RunTime:0.000608s ]
ERR: 无法加载模块:Todolist

[ 2016-06-15T09:39:23+08:00 ] 10.1.46.167 /todolist//uploadimg/ecfc3d9c5e4709ff975a93f8e50c845e.png
INFO: [ app_init ] --START--
INFO: Run Behavior\BuildLiteBehavior [ RunTime:0.000012s ]
INFO: [ app_init ] --END-- [ RunTime:0.000404s ]
ERR: 无法加载模块:Uploadimg

[ 2016-06-15T09:39:24+08:00 ] 10.1.46.167 /todolist//uploadimg/ecfc3d9c5e4709ff975a93f8e50c845e.png
INFO: [ app_init ] --START--
INFO: Run Behavior\BuildLiteBehavior [ RunTime:0.000014s ]
INFO: [ app_init ] --END-- [ RunTime:0.000435s ]
ERR: 无法加载模块:Uploadimg

[ 2016-06-15T09:39:27+08:00 ] 10.1.46.167 /todolist//uploadimg/ecfc3d9c5e4709ff975a93f8e50c845e.png
INFO: [ app_init ] --START--
INFO: Run Behavior\BuildLiteBehavior [ RunTime:0.000013s ]
INFO: [ app_init ] --END-- [ RunTime:0.000412s ]
ERR: 无法加载模块:Uploadimg

[ 2016-06-15T09:39:32+08:00 ] 10.1.46.167 /todolist//uploadimg/ecfc3d9c5e4709ff975a93f8e50c845e.png
INFO: [ app_init ] --START--
INFO: Run Behavior\BuildLiteBehavior [ RunTime:0.000017s ]
INFO: [ app_init ] --END-- [ RunTime:0.000650s ]
ERR: 无法加载模块:Uploadimg

[ 2016-06-15T09:39:32+08:00 ] 10.1.46.167 /todolist//uploadimg/ecfc3d9c5e4709ff975a93f8e50c845e.png
INFO: [ app_init ] --START--
INFO: Run Behavior\BuildLiteBehavior [ RunTime:0.000014s ]
INFO: [ app_init ] --END-- [ RunTime:0.000446s ]
ERR: 无法加载模块:Uploadimg

[ 2016-06-15T09:39:36+08:00 ] 10.1.46.167 /todolist//uploadimg/ecfc3d9c5e4709ff975a93f8e50c845e.png
INFO: [ app_init ] --START--
INFO: Run Behavior\BuildLiteBehavior [ RunTime:0.000015s ]
INFO: [ app_init ] --END-- [ RunTime:0.000458s ]
ERR: 无法加载模块:Uploadimg

[ 2016-06-15T09:40:14+08:00 ] 10.1.46.167 /todolist//uploadimg/c9fb01bb38360f1f3f595b7ccf3d3abe.png
INFO: [ app_init ] --START--
INFO: Run Behavior\BuildLiteBehavior [ RunTime:0.000025s ]
INFO: [ app_init ] --END-- [ RunTime:0.000949s ]
ERR: 无法加载模块:Uploadimg

[ 2016-06-15T09:40:14+08:00 ] 10.1.46.167 /todolist//uploadimg/c9fb01bb38360f1f3f595b7ccf3d3abe.png
INFO: [ app_init ] --START--
INFO: Run Behavior\BuildLiteBehavior [ RunTime:0.000015s ]
INFO: [ app_init ] --END-- [ RunTime:0.000474s ]
ERR: 无法加载模块:Uploadimg

[ 2016-06-15T09:40:16+08:00 ] 10.1.46.167 /todolist//uploadimg/c9fb01bb38360f1f3f595b7ccf3d3abe.png
INFO: [ app_init ] --START--
INFO: Run Behavior\BuildLiteBehavior [ RunTime:0.000013s ]
INFO: [ app_init ] --END-- [ RunTime:0.000451s ]
ERR: 无法加载模块:Uploadimg

[ 2016-06-15T09:40:24+08:00 ] 10.1.46.167 /todolist//uploadimg/c9fb01bb38360f1f3f595b7ccf3d3abe.png
INFO: [ app_init ] --START--
INFO: Run Behavior\BuildLiteBehavior [ RunTime:0.000012s ]
INFO: [ app_init ] --END-- [ RunTime:0.000440s ]
ERR: 无法加载模块:Uploadimg

[ 2016-06-15T09:40:26+08:00 ] 10.1.46.167 /todolist//uploadimg/c9fb01bb38360f1f3f595b7ccf3d3abe.png
INFO: [ app_init ] --START--
INFO: Run Behavior\BuildLiteBehavior [ RunTime:0.000018s ]
INFO: [ app_init ] --END-- [ RunTime:0.000732s ]
ERR: 无法加载模块:Uploadimg

[ 2016-06-15T09:40:36+08:00 ] 10.1.46.167 /todolist//uploadimg/c9fb01bb38360f1f3f595b7ccf3d3abe.png
INFO: [ app_init ] --START--
INFO: Run Behavior\BuildLiteBehavior [ RunTime:0.000032s ]
INFO: [ app_init ] --END-- [ RunTime:0.000522s ]
ERR: 无法加载模块:Uploadimg

[ 2016-06-15T09:40:43+08:00 ] 10.1.46.167 /todolist//uploadimg/c9fb01bb38360f1f3f595b7ccf3d3abe.png
INFO: [ app_init ] --START--
INFO: Run Behavior\BuildLiteBehavior [ RunTime:0.000017s ]
INFO: [ app_init ] --END-- [ RunTime:0.000467s ]
ERR: 无法加载模块:Uploadimg

[ 2016-06-15T09:40:43+08:00 ] 10.1.46.167 /todolist//uploadimg/c9fb01bb38360f1f3f595b7ccf3d3abe.png
INFO: [ app_init ] --START--
INFO: Run Behavior\BuildLiteBehavior [ RunTime:0.000013s ]
INFO: [ app_init ] --END-- [ RunTime:0.000412s ]
ERR: 无法加载模块:Uploadimg

[ 2016-06-15T09:40:44+08:00 ] 10.1.46.167 /todolist//uploadimg/c9fb01bb38360f1f3f595b7ccf3d3abe.png
INFO: [ app_init ] --START--
INFO: Run Behavior\BuildLiteBehavior [ RunTime:0.000022s ]
INFO: [ app_init ] --END-- [ RunTime:0.000756s ]
ERR: 无法加载模块:Uploadimg

[ 2016-06-15T09:41:22+08:00 ] 10.1.46.167 /todolist//uploadimg/ecfc3d9c5e4709ff975a93f8e50c845e.png
INFO: [ app_init ] --START--
INFO: Run Behavior\BuildLiteBehavior [ RunTime:0.000015s ]
INFO: [ app_init ] --END-- [ RunTime:0.000489s ]
ERR: 无法加载模块:Uploadimg

[ 2016-06-15T09:41:22+08:00 ] 10.1.46.167 /todolist//uploadimg/ecfc3d9c5e4709ff975a93f8e50c845e.png
INFO: [ app_init ] --START--
INFO: Run Behavior\BuildLiteBehavior [ RunTime:0.000032s ]
INFO: [ app_init ] --END-- [ RunTime:0.000707s ]
ERR: 无法加载模块:Uploadimg

[ 2016-06-15T09:41:24+08:00 ] 10.1.46.167 /todolist//uploadimg/ecfc3d9c5e4709ff975a93f8e50c845e.png
INFO: [ app_init ] --START--
INFO: Run Behavior\BuildLiteBehavior [ RunTime:0.000012s ]
INFO: [ app_init ] --END-- [ RunTime:0.000429s ]
ERR: 无法加载模块:Uploadimg

[ 2016-06-15T09:44:44+08:00 ] 10.1.46.167 /todolist//uploadimg/ecfc3d9c5e4709ff975a93f8e50c845e.png
INFO: [ app_init ] --START--
INFO: Run Behavior\BuildLiteBehavior [ RunTime:0.000017s ]
INFO: [ app_init ] --END-- [ RunTime:0.000623s ]
ERR: 无法加载模块:Uploadimg

[ 2016-06-15T09:44:46+08:00 ] 10.1.46.167 /todolist//uploadimg/ecfc3d9c5e4709ff975a93f8e50c845e.png
INFO: [ app_init ] --START--
INFO: Run Behavior\BuildLiteBehavior [ RunTime:0.000013s ]
INFO: [ app_init ] --END-- [ RunTime:0.000571s ]
ERR: 无法加载模块:Uploadimg

[ 2016-06-15T09:48:33+08:00 ] 10.1.34.224 /todolist//uploadimg/c9fb01bb38360f1f3f595b7ccf3d3abe.png
INFO: [ app_init ] --START--
INFO: Run Behavior\BuildLiteBehavior [ RunTime:0.000013s ]
INFO: [ app_init ] --END-- [ RunTime:0.000489s ]
ERR: 无法加载模块:Uploadimg

[ 2016-06-15T09:48:54+08:00 ] 10.1.34.224 /todolist//uploadimg/c9fb01bb38360f1f3f595b7ccf3d3abe.png
INFO: [ app_init ] --START--
INFO: Run Behavior\BuildLiteBehavior [ RunTime:0.000014s ]
INFO: [ app_init ] --END-- [ RunTime:0.000484s ]
ERR: 无法加载模块:Uploadimg

[ 2016-06-15T09:55:01+08:00 ] 10.1.34.224 /todolist//uploadimg/202cb962ac59075b964b07152d234b70.png
INFO: [ app_init ] --START--
INFO: Run Behavior\BuildLiteBehavior [ RunTime:0.000014s ]
INFO: [ app_init ] --END-- [ RunTime:0.000449s ]
ERR: 无法加载模块:Uploadimg

[ 2016-06-15T09:57:36+08:00 ] 10.1.34.224 /todolist//uploadimg/202cb962ac59075b964b07152d234b70.png
INFO: [ app_init ] --START--
INFO: Run Behavior\BuildLiteBehavior [ RunTime:0.000014s ]
INFO: [ app_init ] --END-- [ RunTime:0.000413s ]
ERR: 无法加载模块:Uploadimg

[ 2016-06-15T09:58:09+08:00 ] 10.1.34.224 /todolist//uploadimg/202cb962ac59075b964b07152d234b70.png
INFO: [ app_init ] --START--
INFO: Run Behavior\BuildLiteBehavior [ RunTime:0.000015s ]
INFO: [ app_init ] --END-- [ RunTime:0.000485s ]
ERR: 无法加载模块:Uploadimg

[ 2016-06-15T09:59:54+08:00 ] 10.1.34.224 /todolist//uploadimg/202cb962ac59075b964b07152d234b70.png
INFO: [ app_init ] --START--
INFO: Run Behavior\BuildLiteBehavior [ RunTime:0.000026s ]
INFO: [ app_init ] --END-- [ RunTime:0.000511s ]
ERR: 无法加载模块:Uploadimg

[ 2016-06-15T10:01:04+08:00 ] 10.1.34.224 /todolist//uploadimg/202cb962ac59075b964b07152d234b70.png
INFO: [ app_init ] --START--
INFO: Run Behavior\BuildLiteBehavior [ RunTime:0.000021s ]
INFO: [ app_init ] --END-- [ RunTime:0.000498s ]
ERR: 无法加载模块:Uploadimg

[ 2016-06-15T10:02:07+08:00 ] 10.1.34.224 /todolist//uploadimg/202cb962ac59075b964b07152d234b70.png
INFO: [ app_init ] --START--
INFO: Run Behavior\BuildLiteBehavior [ RunTime:0.000012s ]
INFO: [ app_init ] --END-- [ RunTime:0.000416s ]
ERR: 无法加载模块:Uploadimg

[ 2016-06-15T10:04:10+08:00 ] 10.1.34.224 /todolist//uploadimg/202cb962ac59075b964b07152d234b70.png
INFO: [ app_init ] --START--
INFO: Run Behavior\BuildLiteBehavior [ RunTime:0.000015s ]
INFO: [ app_init ] --END-- [ RunTime:0.000490s ]
ERR: 无法加载模块:Uploadimg

[ 2016-06-15T10:05:43+08:00 ] 10.1.34.224 /todolist//uploadimg/202cb962ac59075b964b07152d234b70.png
INFO: [ app_init ] --START--
INFO: Run Behavior\BuildLiteBehavior [ RunTime:0.000021s ]
INFO: [ app_init ] --END-- [ RunTime:0.000558s ]
ERR: 无法加载模块:Uploadimg

[ 2016-06-15T10:09:25+08:00 ] 10.1.34.224 /todolist//uploadimg/202cb962ac59075b964b07152d234b70.png
INFO: [ app_init ] --START--
INFO: Run Behavior\BuildLiteBehavior [ RunTime:0.000014s ]
INFO: [ app_init ] --END-- [ RunTime:0.000457s ]
ERR: 无法加载模块:Uploadimg

[ 2016-06-15T10:09:54+08:00 ] 10.1.34.224 /todolist//uploadimg/202cb962ac59075b964b07152d234b70.png
INFO: [ app_init ] --START--
INFO: Run Behavior\BuildLiteBehavior [ RunTime:0.000013s ]
INFO: [ app_init ] --END-- [ RunTime:0.000407s ]
ERR: 无法加载模块:Uploadimg

[ 2016-06-15T10:10:29+08:00 ] 10.1.34.224 /todolist//uploadimg/202cb962ac59075b964b07152d234b70.png
INFO: [ app_init ] --START--
INFO: Run Behavior\BuildLiteBehavior [ RunTime:0.000012s ]
INFO: [ app_init ] --END-- [ RunTime:0.000456s ]
ERR: 无法加载模块:Uploadimg

[ 2016-06-15T10:19:14+08:00 ] 10.1.34.224 /todolist//uploadimg/202cb962ac59075b964b07152d234b70.png
INFO: [ app_init ] --START--
INFO: Run Behavior\BuildLiteBehavior [ RunTime:0.000014s ]
INFO: [ app_init ] --END-- [ RunTime:0.000500s ]
ERR: 无法加载模块:Uploadimg

[ 2016-06-15T10:20:43+08:00 ] 10.1.34.224 /todolist//uploadimg/202cb962ac59075b964b07152d234b70.png
INFO: [ app_init ] --START--
INFO: Run Behavior\BuildLiteBehavior [ RunTime:0.000022s ]
INFO: [ app_init ] --END-- [ RunTime:0.000508s ]
ERR: 无法加载模块:Uploadimg

[ 2016-06-15T10:25:14+08:00 ] 10.1.34.224 /todolist//uploadimg/202cb962ac59075b964b07152d234b70.png
INFO: [ app_init ] --START--
INFO: Run Behavior\BuildLiteBehavior [ RunTime:0.000022s ]
INFO: [ app_init ] --END-- [ RunTime:0.000674s ]
ERR: 无法加载模块:Uploadimg

[ 2016-06-15T15:07:45+08:00 ] 10.1.34.224 /todolist//uploadimg/c4ca4238a0b923820dcc509a6f75849b.png
INFO: [ app_init ] --START--
INFO: Run Behavior\BuildLiteBehavior [ RunTime:0.000020s ]
INFO: [ app_init ] --END-- [ RunTime:0.000437s ]
ERR: 无法加载模块:Uploadimg

[ 2016-06-15T15:08:00+08:00 ] 10.1.34.224 /todolist/todolist/index.php/Home/User/ChangeNickname
INFO: [ app_init ] --START--
INFO: Run Behavior\BuildLiteBehavior [ RunTime:0.000012s ]
INFO: [ app_init ] --END-- [ RunTime:0.000341s ]
ERR: 无法加载模块:Todolist

[ 2016-06-15T15:08:31+08:00 ] 10.1.34.224 /todolist//uploadimg/c4ca4238a0b923820dcc509a6f75849b.png
INFO: [ app_init ] --START--
INFO: Run Behavior\BuildLiteBehavior [ RunTime:0.000012s ]
INFO: [ app_init ] --END-- [ RunTime:0.000372s ]
ERR: 无法加载模块:Uploadimg

[ 2016-06-15T15:08:35+08:00 ] 10.1.34.224 /todolist/todolist/index.php/Home/User/ChangeNickname
INFO: [ app_init ] --START--
INFO: Run Behavior\BuildLiteBehavior [ RunTime:0.000012s ]
INFO: [ app_init ] --END-- [ RunTime:0.000406s ]
ERR: 无法加载模块:Todolist

[ 2016-06-15T15:20:59+08:00 ] 10.1.34.224 /todolist//uploadimg/7be58e072751a55c2fa1c6ac90a8685b.png
INFO: [ app_init ] --START--
INFO: Run Behavior\BuildLiteBehavior [ RunTime:0.000017s ]
INFO: [ app_init ] --END-- [ RunTime:0.000667s ]
ERR: 无法加载模块:Uploadimg

[ 2016-06-15T15:21:00+08:00 ] 10.1.34.224 /todolist//uploadimg/7be58e072751a55c2fa1c6ac90a8685b.png
INFO: [ app_init ] --START--
INFO: Run Behavior\BuildLiteBehavior [ RunTime:0.000012s ]
INFO: [ app_init ] --END-- [ RunTime:0.000338s ]
ERR: 无法加载模块:Uploadimg

[ 2016-06-15T15:21:05+08:00 ] 10.1.34.224 /todolist//uploadimg/7be58e072751a55c2fa1c6ac90a8685b.png
INFO: [ app_init ] --START--
INFO: Run Behavior\BuildLiteBehavior [ RunTime:0.000012s ]
INFO: [ app_init ] --END-- [ RunTime:0.000331s ]
ERR: 无法加载模块:Uploadimg

[ 2016-06-15T15:21:10+08:00 ] 10.1.34.224 /todolist/todolist/index.php/Home/User/ChangeNickname
INFO: [ app_init ] --START--
INFO: Run Behavior\BuildLiteBehavior [ RunTime:0.000013s ]
INFO: [ app_init ] --END-- [ RunTime:0.000540s ]
ERR: 无法加载模块:Todolist

[ 2016-06-15T15:21:46+08:00 ] 10.1.34.224 /todolist//uploadimg/7be58e072751a55c2fa1c6ac90a8685b.png
INFO: [ app_init ] --START--
INFO: Run Behavior\BuildLiteBehavior [ RunTime:0.000013s ]
INFO: [ app_init ] --END-- [ RunTime:0.000567s ]
ERR: 无法加载模块:Uploadimg

[ 2016-06-15T15:21:46+08:00 ] 10.1.34.224 /todolist//uploadimg/7be58e072751a55c2fa1c6ac90a8685b.png
INFO: [ app_init ] --START--
INFO: Run Behavior\BuildLiteBehavior [ RunTime:0.000012s ]
INFO: [ app_init ] --END-- [ RunTime:0.000485s ]
ERR: 无法加载模块:Uploadimg

[ 2016-06-15T15:21:50+08:00 ] 10.1.34.224 /todolist//uploadimg/7be58e072751a55c2fa1c6ac90a8685b.png
INFO: [ app_init ] --START--
INFO: Run Behavior\BuildLiteBehavior [ RunTime:0.000012s ]
INFO: [ app_init ] --END-- [ RunTime:0.000538s ]
ERR: 无法加载模块:Uploadimg

[ 2016-06-15T15:21:55+08:00 ] 10.1.34.224 /todolist/todolist/index.php/Home/User/ChangeNickname
INFO: [ app_init ] --START--
INFO: Run Behavior\BuildLiteBehavior [ RunTime:0.000013s ]
INFO: [ app_init ] --END-- [ RunTime:0.000340s ]
ERR: 无法加载模块:Todolist

[ 2016-06-15T15:24:38+08:00 ] 10.1.34.224 /todolist//uploadimg/7be58e072751a55c2fa1c6ac90a8685b.png
INFO: [ app_init ] --START--
INFO: Run Behavior\BuildLiteBehavior [ RunTime:0.000014s ]
INFO: [ app_init ] --END-- [ RunTime:0.000550s ]
ERR: 无法加载模块:Uploadimg

[ 2016-06-15T15:24:38+08:00 ] 10.1.34.224 /todolist//uploadimg/7be58e072751a55c2fa1c6ac90a8685b.png
INFO: [ app_init ] --START--
INFO: Run Behavior\BuildLiteBehavior [ RunTime:0.000013s ]
INFO: [ app_init ] --END-- [ RunTime:0.000375s ]
ERR: 无法加载模块:Uploadimg

[ 2016-06-15T15:25:07+08:00 ] 10.1.34.224 /todolist//uploadimg/7be58e072751a55c2fa1c6ac90a8685b.png
INFO: [ app_init ] --START--
INFO: Run Behavior\BuildLiteBehavior [ RunTime:0.000023s ]
INFO: [ app_init ] --END-- [ RunTime:0.000582s ]
ERR: 无法加载模块:Uploadimg

[ 2016-06-15T15:42:08+08:00 ] 10.1.34.224 /todolist//uploadimg/7be58e072751a55c2fa1c6ac90a8685b.png
INFO: [ app_init ] --START--
INFO: Run Behavior\BuildLiteBehavior [ RunTime:0.000016s ]
INFO: [ app_init ] --END-- [ RunTime:0.000560s ]
ERR: 无法加载模块:Uploadimg

[ 2016-06-15T15:45:52+08:00 ] 10.1.34.224 /todolist//uploadimg/7be58e072751a55c2fa1c6ac90a8685b.png
INFO: [ app_init ] --START--
INFO: Run Behavior\BuildLiteBehavior [ RunTime:0.000014s ]
INFO: [ app_init ] --END-- [ RunTime:0.000589s ]
ERR: 无法加载模块:Uploadimg

[ 2016-06-15T15:45:52+08:00 ] 10.1.34.224 /todolist//uploadimg/7be58e072751a55c2fa1c6ac90a8685b.png
INFO: [ app_init ] --START--
INFO: Run Behavior\BuildLiteBehavior [ RunTime:0.000011s ]
INFO: [ app_init ] --END-- [ RunTime:0.000324s ]
ERR: 无法加载模块:Uploadimg

[ 2016-06-15T15:45:55+08:00 ] 10.1.34.224 /todolist//uploadimg/7be58e072751a55c2fa1c6ac90a8685b.png
INFO: [ app_init ] --START--
INFO: Run Behavior\BuildLiteBehavior [ RunTime:0.000019s ]
INFO: [ app_init ] --END-- [ RunTime:0.000419s ]
ERR: 无法加载模块:Uploadimg

[ 2016-06-15T15:50:12+08:00 ] 10.1.34.224 /todolist//uploadimg/7be58e072751a55c2fa1c6ac90a8685b.png
INFO: [ app_init ] --START--
INFO: Run Behavior\BuildLiteBehavior [ RunTime:0.000014s ]
INFO: [ app_init ] --END-- [ RunTime:0.000521s ]
ERR: 无法加载模块:Uploadimg

[ 2016-06-15T15:50:12+08:00 ] 10.1.34.224 /todolist//uploadimg/7be58e072751a55c2fa1c6ac90a8685b.png
INFO: [ app_init ] --START--
INFO: Run Behavior\BuildLiteBehavior [ RunTime:0.000012s ]
INFO: [ app_init ] --END-- [ RunTime:0.000354s ]
ERR: 无法加载模块:Uploadimg

[ 2016-06-15T15:50:39+08:00 ] 10.1.34.224 /todolist//uploadimg/7be58e072751a55c2fa1c6ac90a8685b.png
INFO: [ app_init ] --START--
INFO: Run Behavior\BuildLiteBehavior [ RunTime:0.000011s ]
INFO: [ app_init ] --END-- [ RunTime:0.000382s ]
ERR: 无法加载模块:Uploadimg

[ 2016-06-15T16:07:16+08:00 ] 10.1.34.224 /todolist//uploadimg/7be58e072751a55c2fa1c6ac90a8685b.png
INFO: [ app_init ] --START--
INFO: Run Behavior\BuildLiteBehavior [ RunTime:0.000013s ]
INFO: [ app_init ] --END-- [ RunTime:0.000498s ]
ERR: 无法加载模块:Uploadimg

[ 2016-06-15T16:07:17+08:00 ] 10.1.34.224 /todolist//uploadimg/7be58e072751a55c2fa1c6ac90a8685b.png
INFO: [ app_init ] --START--
INFO: Run Behavior\BuildLiteBehavior [ RunTime:0.000012s ]
INFO: [ app_init ] --END-- [ RunTime:0.000490s ]
ERR: 无法加载模块:Uploadimg

[ 2016-06-15T16:07:23+08:00 ] 10.1.34.224 /todolist//uploadimg/7be58e072751a55c2fa1c6ac90a8685b.png
INFO: [ app_init ] --START--
INFO: Run Behavior\BuildLiteBehavior [ RunTime:0.000013s ]
INFO: [ app_init ] --END-- [ RunTime:0.000498s ]
ERR: 无法加载模块:Uploadimg

[ 2016-06-15T16:07:37+08:00 ] 10.1.34.224 /todolist//uploadimg/7be58e072751a55c2fa1c6ac90a8685b.png
INFO: [ app_init ] --START--
INFO: Run Behavior\BuildLiteBehavior [ RunTime:0.000013s ]
INFO: [ app_init ] --END-- [ RunTime:0.000514s ]
ERR: 无法加载模块:Uploadimg

[ 2016-06-15T16:07:37+08:00 ] 10.1.34.224 /todolist//uploadimg/7be58e072751a55c2fa1c6ac90a8685b.png
INFO: [ app_init ] --START--
INFO: Run Behavior\BuildLiteBehavior [ RunTime:0.000014s ]
INFO: [ app_init ] --END-- [ RunTime:0.000536s ]
ERR: 无法加载模块:Uploadimg

[ 2016-06-15T16:07:40+08:00 ] 10.1.34.224 /todolist//uploadimg/7be58e072751a55c2fa1c6ac90a8685b.png
INFO: [ app_init ] --START--
INFO: Run Behavior\BuildLiteBehavior [ RunTime:0.000015s ]
INFO: [ app_init ] --END-- [ RunTime:0.000723s ]
ERR: 无法加载模块:Uploadimg

[ 2016-06-15T16:12:54+08:00 ] 10.1.34.224 /todolist//uploadimg/7be58e072751a55c2fa1c6ac90a8685b.png
INFO: [ app_init ] --START--
INFO: Run Behavior\BuildLiteBehavior [ RunTime:0.000014s ]
INFO: [ app_init ] --END-- [ RunTime:0.000552s ]
ERR: 无法加载模块:Uploadimg

[ 2016-06-15T16:12:54+08:00 ] 10.1.34.224 /todolist//uploadimg/7be58e072751a55c2fa1c6ac90a8685b.png
INFO: [ app_init ] --START--
INFO: Run Behavior\BuildLiteBehavior [ RunTime:0.000013s ]
INFO: [ app_init ] --END-- [ RunTime:0.000500s ]
ERR: 无法加载模块:Uploadimg

[ 2016-06-15T16:13:06+08:00 ] 10.1.34.224 /todolist//uploadimg/7be58e072751a55c2fa1c6ac90a8685b.png
INFO: [ app_init ] --START--
INFO: Run Behavior\BuildLiteBehavior [ RunTime:0.000021s ]
INFO: [ app_init ] --END-- [ RunTime:0.000852s ]
ERR: 无法加载模块:Uploadimg

[ 2016-06-15T16:23:37+08:00 ] 10.1.34.224 /todolist//uploadimg/7be58e072751a55c2fa1c6ac90a8685b.png
INFO: [ app_init ] --START--
INFO: Run Behavior\BuildLiteBehavior [ RunTime:0.000012s ]
INFO: [ app_init ] --END-- [ RunTime:0.000438s ]
ERR: 无法加载模块:Uploadimg

[ 2016-06-15T16:23:37+08:00 ] 10.1.34.224 /todolist//uploadimg/7be58e072751a55c2fa1c6ac90a8685b.png
INFO: [ app_init ] --START--
INFO: Run Behavior\BuildLiteBehavior [ RunTime:0.000015s ]
INFO: [ app_init ] --END-- [ RunTime:0.000366s ]
ERR: 无法加载模块:Uploadimg

[ 2016-06-15T16:24:05+08:00 ] 10.1.34.224 /todolist//uploadimg/7be58e072751a55c2fa1c6ac90a8685b.png
INFO: [ app_init ] --START--
INFO: Run Behavior\BuildLiteBehavior [ RunTime:0.000012s ]
INFO: [ app_init ] --END-- [ RunTime:0.000358s ]
ERR: 无法加载模块:Uploadimg

[ 2016-06-15T16:24:05+08:00 ] 10.1.34.224 /todolist//uploadimg/7be58e072751a55c2fa1c6ac90a8685b.png
INFO: [ app_init ] --START--
INFO: Run Behavior\BuildLiteBehavior [ RunTime:0.000012s ]
INFO: [ app_init ] --END-- [ RunTime:0.000388s ]
ERR: 无法加载模块:Uploadimg

[ 2016-06-15T16:24:08+08:00 ] 10.1.34.224 /todolist//uploadimg/7be58e072751a55c2fa1c6ac90a8685b.png
INFO: [ app_init ] --START--
INFO: Run Behavior\BuildLiteBehavior [ RunTime:0.000012s ]
INFO: [ app_init ] --END-- [ RunTime:0.000345s ]
ERR: 无法加载模块:Uploadimg

